INFO:root:[Customer]:Customer Ann Pacheco Created
INFO:root:[GoogleAds]:Customer Ann Pacheco added to Google list of user with Tolerance:0.5252697700520002
INFO:root:[Customer]:Customer Ann Pacheco entered Trading
INFO:root:[Customer]:(Ann Pacheco,1): Next Quarter Begins 
INFO:root:[Customer]:(Ann Pacheco,1) currently seeing ads for the Products:[]
INFO:root:[Customer]:(Ann Pacheco,1) Ad Space cleared 
INFO:root:[Customer]:Customer Kay Park Created
INFO:root:[GoogleAds]:Customer Kay Park added to Google list of user with Tolerance:0.5555147946311534
INFO:root:[Customer]:Customer Kay Park entered Trading
INFO:root:[Customer]:Customer Wilma Payne Created
INFO:root:[Customer]:(Kay Park,1): Next Quarter Begins 
INFO:root:[GoogleAds]:Customer Wilma Payne added to Google list of user with Tolerance:0.789030129287845
INFO:root:[Customer]:(Kay Park,1) currently seeing ads for the Products:[]
INFO:root:[Customer]:(Kay Park,1) Ad Space cleared 
INFO:root:[Customer]:Customer Wilma Payne entered Trading
INFO:root:[Customer]:(Wilma Payne,1): Next Quarter Begins 
INFO:root:[Customer]:(Wilma Payne,1) currently seeing ads for the Products:[]
INFO:root:[Customer]:(Wilma Payne,1) Ad Space cleared 
INFO:root:[Customer]:Customer Patricia Lightner Created
INFO:root:[GoogleAds]:Customer Patricia Lightner added to Google list of user with Tolerance:0.5611527017092767
INFO:root:[Customer]:Customer Patricia Lightner entered Trading
INFO:root:[Customer]:(Patricia Lightner,1): Next Quarter Begins 
INFO:root:[Customer]:(Patricia Lightner,1) currently seeing ads for the Products:[]
INFO:root:[Customer]:(Patricia Lightner,1) Ad Space cleared 
INFO:root:[Customer]:Customer Lucy Merrill Created
INFO:root:[GoogleAds]:Customer Lucy Merrill added to Google list of user with Tolerance:0.7202407501659256
INFO:root:[Customer]:Customer Lucy Merrill entered Trading
INFO:root:[Customer]:(Lucy Merrill,1): Next Quarter Begins 
INFO:root:[Customer]:(Lucy Merrill,1) currently seeing ads for the Products:[]
INFO:root:[Customer]:(Lucy Merrill,1) Ad Space cleared 
INFO:root:[Product]:Product created::iphoneX 
INFO:root:[Product]:Product created::Note 
INFO:root:[Product]:Product created::Xperia 
INFO:root:[Seller]:Seller APPLE INC Created
INFO:root:[Market]:Seller APPLE INC is registered in the market with the product iphoneX 
INFO:root:[Seller]:Seller APPLE INC started Trading
INFO:root:[Seller]:(APPLE INC,1): Next Quarter Begins 
INFO:root:[Seller]: (APPLE INC,1) CEO selected advert_type as BASIC with scale of 100 for iphoneX
INFO:root:[Seller]: (APPLE INC,1) Revenue in previous quarter:0
INFO:root:[Seller]: (APPLE INC,1) Expenses in previous quarter:0
INFO:root:[Seller]: (APPLE INC,1) Profit in previous quarter:0
INFO:root:[Seller]: (APPLE INC,1) Sentiment in previous quarter:1
INFO:root:[GoogleAds]: Google pushed the BASIC Ad for product iphoneX to users Kay Park, Wilma Payne, Ann Pacheco, Lucy Merrill, Ann Pacheco 
INFO:root:[GoogleAds]: Google billed the Seller {'APPLE INC': [25]}  
INFO:root:[Seller]:Seller SAMSUNG MOBILES Created
INFO:root:[Market]:Seller SAMSUNG MOBILES is registered in the market with the product Note 
INFO:root:[Seller]:Seller SAMSUNG MOBILES started Trading
INFO:root:[Seller]:(SAMSUNG MOBILES,1): Next Quarter Begins 
INFO:root:[Seller]: (SAMSUNG MOBILES,1) CEO selected advert_type as BASIC with scale of 50 for Note
INFO:root:[Seller]: (SAMSUNG MOBILES,1) Revenue in previous quarter:0
INFO:root:[Seller]: (SAMSUNG MOBILES,1) Expenses in previous quarter:0
INFO:root:[Seller]: (SAMSUNG MOBILES,1) Profit in previous quarter:0
INFO:root:[Seller]: (SAMSUNG MOBILES,1) Sentiment in previous quarter:1
INFO:root:[GoogleAds]: Google pushed the BASIC Ad for product Note to users Lucy Merrill, Wilma Payne, Patricia Lightner, Lucy Merrill, Patricia Lightner 
INFO:root:[GoogleAds]: Google billed the Seller {'APPLE INC': [25], 'SAMSUNG MOBILES': [25]}  
INFO:root:[Seller]:Seller SONY Created
INFO:root:[Market]:Seller SONY is registered in the market with the product Xperia 
INFO:root:[Seller]:Seller SONY started Trading
INFO:root:[Seller]:(SONY,1): Next Quarter Begins 
INFO:root:[Seller]: (SONY,1) CEO selected advert_type as BASIC with scale of 50 for Xperia
INFO:root:[Seller]: (SONY,1) Revenue in previous quarter:0
INFO:root:[Seller]: (SONY,1) Expenses in previous quarter:0
INFO:root:[Seller]: (SONY,1) Profit in previous quarter:0
INFO:root:[Seller]: (SONY,1) Sentiment in previous quarter:1
INFO:root:[GoogleAds]: Google pushed the BASIC Ad for product Xperia to users Kay Park, Ann Pacheco, Ann Pacheco, Wilma Payne, Ann Pacheco 
INFO:root:[GoogleAds]: Google billed the Seller {'APPLE INC': [25], 'SAMSUNG MOBILES': [25], 'SONY': [25]}  
INFO:root:[Customer]:(Ann Pacheco,2): Next Quarter Begins 
INFO:root:[Customer]:(Ann Pacheco,2) currently seeing ads for the Products:[Xperia, iphoneX]
INFO:root:[Customer]:***(Ann Pacheco,2)bought the new product:[iphoneX]
INFO:root:[Market]:Notify Seller APPLE INC about the sale of product iphoneX 
INFO:root:[Market]:Get the amount $ 300 from buyer Ann Pacheco for product iphoneX 
INFO:root:[GoogleAds]: Google purchase history ('iphoneX', ['Ann Pacheco']) 
INFO:root:[GoogleAds]: Google purchase history ('Note', []) 
INFO:root:[GoogleAds]: Google purchase history ('Xperia', []) 
INFO:root:[Market]:Add buyer Ann Pacheco purchased the product iphoneX to google Add track history
INFO:root:[Customer]:(Ann Pacheco,2) Ad Space cleared 
INFO:root:[Twitter]:History of Twitter post ('iphoneX', [('Ann Pacheco', 'POSITIVE')]) 
INFO:root:[Twitter]:History of Twitter post ('Note', []) 
INFO:root:[Twitter]:History of Twitter post ('Xperia', []) 
INFO:root:[Customer]:(Ann Pacheco,2) Posted POSITIVE tweet for the product iphoneX
INFO:root:[Customer]:(Kay Park,2): Next Quarter Begins 
INFO:root:[Customer]:(Kay Park,2) currently seeing ads for the Products:[Xperia, iphoneX]
INFO:root:[Customer]:(Kay Park,2) Ad Space cleared 
INFO:root:[Customer]:(Wilma Payne,2): Next Quarter Begins 
INFO:root:[Customer]:(Wilma Payne,2) currently seeing ads for the Products:[Xperia, Note, iphoneX]
INFO:root:[Customer]:(Wilma Payne,2) Ad Space cleared 
INFO:root:[Customer]:(Patricia Lightner,2): Next Quarter Begins 
INFO:root:[Customer]:(Patricia Lightner,2) currently seeing ads for the Products:[Note]
INFO:root:[Customer]:(Patricia Lightner,2) Ad Space cleared 
INFO:root:[Customer]:(Lucy Merrill,2): Next Quarter Begins 
INFO:root:[Customer]:(Lucy Merrill,2) currently seeing ads for the Products:[Note, iphoneX]
INFO:root:[Customer]:(Lucy Merrill,2) Ad Space cleared 
INFO:root:[Seller]:(APPLE INC,2): Next Quarter Begins 
INFO:root:[Seller]: (APPLE INC,2) CEO selected advert_type as BASIC with scale of 127 for iphoneX
INFO:root:[Seller]: (APPLE INC,2) Revenue in previous quarter:300
INFO:root:[Seller]: (APPLE INC,2) Expenses in previous quarter:25
INFO:root:[Seller]: (APPLE INC,2) Profit in previous quarter:275
INFO:root:[Seller]: (APPLE INC,2) Sentiment in previous quarter:1
INFO:root:[GoogleAds]: Google pushed the BASIC Ad for product iphoneX to users Ann Pacheco, Ann Pacheco, Patricia Lightner, Lucy Merrill, Ann Pacheco 
INFO:root:[GoogleAds]: Google billed the Seller {'APPLE INC': [25, 25], 'SAMSUNG MOBILES': [25], 'SONY': [25]}  
INFO:root:[Seller]:(SAMSUNG MOBILES,2): Next Quarter Begins 
INFO:root:[Seller]: (SAMSUNG MOBILES,2) CEO selected advert_type as BASIC with scale of 47 for Note
INFO:root:[Seller]: (SAMSUNG MOBILES,2) Revenue in previous quarter:0
INFO:root:[Seller]: (SAMSUNG MOBILES,2) Expenses in previous quarter:25
INFO:root:[Seller]: (SAMSUNG MOBILES,2) Profit in previous quarter:-25
INFO:root:[Seller]: (SAMSUNG MOBILES,2) Sentiment in previous quarter:1
INFO:root:[GoogleAds]: Google pushed the BASIC Ad for product Note to users Ann Pacheco, Ann Pacheco, Lucy Merrill, Kay Park, Lucy Merrill 
INFO:root:[GoogleAds]: Google billed the Seller {'APPLE INC': [25, 25], 'SAMSUNG MOBILES': [25, 25], 'SONY': [25]}  
INFO:root:[Seller]:(SONY,2): Next Quarter Begins 
INFO:root:[Seller]: (SONY,2) CEO selected advert_type as BASIC with scale of 47 for Xperia
INFO:root:[Seller]: (SONY,2) Revenue in previous quarter:0
INFO:root:[Seller]: (SONY,2) Expenses in previous quarter:25
INFO:root:[Seller]: (SONY,2) Profit in previous quarter:-25
INFO:root:[Seller]: (SONY,2) Sentiment in previous quarter:1
INFO:root:[GoogleAds]: Google pushed the BASIC Ad for product Xperia to users Wilma Payne, Wilma Payne, Ann Pacheco, Ann Pacheco, Kay Park 
INFO:root:[GoogleAds]: Google billed the Seller {'APPLE INC': [25, 25], 'SAMSUNG MOBILES': [25, 25], 'SONY': [25, 25]}  
INFO:root:[Customer]:(Ann Pacheco,3): Next Quarter Begins 
INFO:root:[Customer]:(Ann Pacheco,3) currently seeing ads for the Products:[Xperia, Note, iphoneX]
INFO:root:[Customer]:(Ann Pacheco,3) Ad Space cleared 
INFO:root:[Twitter]:History of Twitter post ('iphoneX', [('Ann Pacheco', 'POSITIVE'), ('Ann Pacheco', 'POSITIVE')]) 
INFO:root:[Twitter]:History of Twitter post ('Note', []) 
INFO:root:[Twitter]:History of Twitter post ('Xperia', []) 
INFO:root:[Customer]:(Ann Pacheco,3) Posted POSITIVE tweet for the product iphoneX
INFO:root:[Customer]:(Kay Park,3): Next Quarter Begins 
INFO:root:[Customer]:(Kay Park,3) currently seeing ads for the Products:[Xperia, Note]
INFO:root:[Customer]:(Kay Park,3) Ad Space cleared 
INFO:root:[Customer]:(Wilma Payne,3): Next Quarter Begins 
INFO:root:[Customer]:(Wilma Payne,3) currently seeing ads for the Products:[Xperia]
INFO:root:[Customer]:(Wilma Payne,3) Ad Space cleared 
INFO:root:[Customer]:(Patricia Lightner,3): Next Quarter Begins 
INFO:root:[Customer]:(Patricia Lightner,3) currently seeing ads for the Products:[iphoneX]
INFO:root:[Customer]:(Patricia Lightner,3) Ad Space cleared 
INFO:root:[Customer]:(Lucy Merrill,3): Next Quarter Begins 
INFO:root:[Customer]:(Lucy Merrill,3) currently seeing ads for the Products:[Note, iphoneX]
INFO:root:[Customer]:***(Lucy Merrill,3)bought the new product:[Note]
INFO:root:[Market]:Notify Seller SAMSUNG MOBILES about the sale of product Note 
INFO:root:[Market]:Get the amount $ 200 from buyer Lucy Merrill for product Note 
INFO:root:[GoogleAds]: Google purchase history ('iphoneX', ['Ann Pacheco']) 
INFO:root:[GoogleAds]: Google purchase history ('Note', ['Lucy Merrill']) 
INFO:root:[GoogleAds]: Google purchase history ('Xperia', []) 
INFO:root:[Seller]:(APPLE INC,3): Next Quarter Begins 
INFO:root:[Market]:Add buyer Lucy Merrill purchased the product Note to google Add track history
INFO:root:[Seller]: (APPLE INC,3) CEO selected advert_type as BASIC with scale of 125 for iphoneX
INFO:root:[Customer]:(Lucy Merrill,3) Ad Space cleared 
INFO:root:[Seller]: (APPLE INC,3) Revenue in previous quarter:0
INFO:root:[Seller]:(SAMSUNG MOBILES,3): Next Quarter Begins 
INFO:root:[Seller]: (APPLE INC,3) Expenses in previous quarter:25
INFO:root:[Seller]: (SAMSUNG MOBILES,3) CEO selected advert_type as BASIC with scale of 65 for Note
INFO:root:[Seller]: (APPLE INC,3) Profit in previous quarter:-25
INFO:root:[Seller]: (SAMSUNG MOBILES,3) Revenue in previous quarter:200
INFO:root:[Seller]:(SONY,3): Next Quarter Begins 
INFO:root:[Seller]: (APPLE INC,3) Sentiment in previous quarter:1
INFO:root:[Seller]: (SAMSUNG MOBILES,3) Expenses in previous quarter:25
INFO:root:[Seller]: (SONY,3) CEO selected advert_type as BASIC with scale of 45 for Xperia
INFO:root:[GoogleAds]: Google pushed the BASIC Ad for product iphoneX to users Patricia Lightner, Ann Pacheco, Kay Park, Wilma Payne, Wilma Payne 
INFO:root:[Seller]: (SAMSUNG MOBILES,3) Profit in previous quarter:175
INFO:root:[Seller]: (SONY,3) Revenue in previous quarter:0
INFO:root:[GoogleAds]: Google billed the Seller {'APPLE INC': [25, 25, 25], 'SAMSUNG MOBILES': [25, 25], 'SONY': [25, 25]}  
INFO:root:[Seller]: (SAMSUNG MOBILES,3) Sentiment in previous quarter:1
INFO:root:[Seller]: (SONY,3) Expenses in previous quarter:25
INFO:root:[GoogleAds]: Google pushed the BASIC Ad for product Note to users Kay Park, Ann Pacheco, Ann Pacheco, Kay Park, Patricia Lightner 
INFO:root:[Seller]: (SONY,3) Profit in previous quarter:-25
INFO:root:[GoogleAds]: Google billed the Seller {'APPLE INC': [25, 25, 25], 'SAMSUNG MOBILES': [25, 25, 25], 'SONY': [25, 25]}  
INFO:root:[Seller]: (SONY,3) Sentiment in previous quarter:1
INFO:root:[GoogleAds]: Google pushed the BASIC Ad for product Xperia to users Patricia Lightner, Wilma Payne, Kay Park, Lucy Merrill, Patricia Lightner 
INFO:root:[GoogleAds]: Google billed the Seller {'APPLE INC': [25, 25, 25], 'SAMSUNG MOBILES': [25, 25, 25], 'SONY': [25, 25, 25]}  
INFO:root:[Customer]:(Ann Pacheco,4): Next Quarter Begins 
INFO:root:[Customer]:(Ann Pacheco,4) currently seeing ads for the Products:[Note, iphoneX]
INFO:root:[Customer]:(Ann Pacheco,4) Ad Space cleared 
INFO:root:[Twitter]:History of Twitter post ('iphoneX', [('Ann Pacheco', 'POSITIVE'), ('Ann Pacheco', 'POSITIVE'), ('Ann Pacheco', 'POSITIVE')]) 
INFO:root:[Twitter]:History of Twitter post ('Note', []) 
INFO:root:[Twitter]:History of Twitter post ('Xperia', []) 
INFO:root:[Customer]:(Ann Pacheco,4) Posted POSITIVE tweet for the product iphoneX
INFO:root:[Customer]:(Kay Park,4): Next Quarter Begins 
INFO:root:[Customer]:(Kay Park,4) currently seeing ads for the Products:[Xperia, Note, iphoneX]
INFO:root:[Customer]:(Kay Park,4) Ad Space cleared 
INFO:root:[Customer]:(Wilma Payne,4): Next Quarter Begins 
INFO:root:[Customer]:(Wilma Payne,4) currently seeing ads for the Products:[Xperia, iphoneX]
INFO:root:[Customer]:(Wilma Payne,4) Ad Space cleared 
INFO:root:[Customer]:(Patricia Lightner,4): Next Quarter Begins 
INFO:root:[Customer]:(Patricia Lightner,4) currently seeing ads for the Products:[Xperia, Note, iphoneX]
INFO:root:[Customer]:(Patricia Lightner,4) Ad Space cleared 
INFO:root:[Customer]:(Lucy Merrill,4): Next Quarter Begins 
INFO:root:[Customer]:(Lucy Merrill,4) currently seeing ads for the Products:[Xperia]
INFO:root:[Customer]:(Lucy Merrill,4) Ad Space cleared 
INFO:root:[Seller]:(APPLE INC,4): Next Quarter Begins 
INFO:root:[Seller]: (APPLE INC,4) CEO selected advert_type as BASIC with scale of 122 for iphoneX
INFO:root:[Seller]: (APPLE INC,4) Revenue in previous quarter:0
INFO:root:[Seller]: (APPLE INC,4) Expenses in previous quarter:25
INFO:root:[Seller]: (APPLE INC,4) Profit in previous quarter:-25
INFO:root:[Seller]: (APPLE INC,4) Sentiment in previous quarter:1
INFO:root:[GoogleAds]: Google pushed the BASIC Ad for product iphoneX to users Wilma Payne, Ann Pacheco, Wilma Payne, Lucy Merrill, Lucy Merrill 
INFO:root:[GoogleAds]: Google billed the Seller {'APPLE INC': [25, 25, 25, 25], 'SAMSUNG MOBILES': [25, 25, 25], 'SONY': [25, 25, 25]}  
INFO:root:[Seller]:(SAMSUNG MOBILES,4): Next Quarter Begins 
INFO:root:[Seller]: (SAMSUNG MOBILES,4) CEO selected advert_type as BASIC with scale of 62 for Note
INFO:root:[Seller]: (SAMSUNG MOBILES,4) Revenue in previous quarter:0
INFO:root:[Seller]: (SAMSUNG MOBILES,4) Expenses in previous quarter:25
INFO:root:[Seller]: (SAMSUNG MOBILES,4) Profit in previous quarter:-25
INFO:root:[Seller]: (SAMSUNG MOBILES,4) Sentiment in previous quarter:1
INFO:root:[GoogleAds]: Google pushed the BASIC Ad for product Note to users Lucy Merrill, Kay Park, Ann Pacheco, Lucy Merrill, Ann Pacheco 
INFO:root:[GoogleAds]: Google billed the Seller {'APPLE INC': [25, 25, 25, 25], 'SAMSUNG MOBILES': [25, 25, 25, 25], 'SONY': [25, 25, 25]}  
INFO:root:[Seller]:(SONY,4): Next Quarter Begins 
INFO:root:[Seller]: (SONY,4) CEO selected advert_type as BASIC with scale of 42 for Xperia
INFO:root:[Seller]: (SONY,4) Revenue in previous quarter:0
INFO:root:[Seller]: (SONY,4) Expenses in previous quarter:25
INFO:root:[Seller]: (SONY,4) Profit in previous quarter:-25
INFO:root:[Seller]: (SONY,4) Sentiment in previous quarter:1
INFO:root:[GoogleAds]: Google pushed the BASIC Ad for product Xperia to users Ann Pacheco, Lucy Merrill, Kay Park, Lucy Merrill, Patricia Lightner 
INFO:root:[GoogleAds]: Google billed the Seller {'APPLE INC': [25, 25, 25, 25], 'SAMSUNG MOBILES': [25, 25, 25, 25], 'SONY': [25, 25, 25, 25]}  
INFO:root:[Customer]:(Ann Pacheco,5): Next Quarter Begins 
INFO:root:[Customer]:(Ann Pacheco,5) currently seeing ads for the Products:[Xperia, Note, iphoneX]
INFO:root:[Customer]:***(Ann Pacheco,5)bought the new product:[Note]
INFO:root:[Market]:Notify Seller SAMSUNG MOBILES about the sale of product Note 
INFO:root:[Market]:Get the amount $ 200 from buyer Ann Pacheco for product Note 
INFO:root:[GoogleAds]: Google purchase history ('iphoneX', ['Ann Pacheco']) 
INFO:root:[GoogleAds]: Google purchase history ('Note', ['Lucy Merrill', 'Ann Pacheco']) 
INFO:root:[GoogleAds]: Google purchase history ('Xperia', []) 
INFO:root:[Market]:Add buyer Ann Pacheco purchased the product Note to google Add track history
INFO:root:[Customer]:(Ann Pacheco,5) Ad Space cleared 
INFO:root:[Twitter]:History of Twitter post ('iphoneX', [('Ann Pacheco', 'POSITIVE'), ('Ann Pacheco', 'POSITIVE'), ('Ann Pacheco', 'POSITIVE')]) 
INFO:root:[Twitter]:History of Twitter post ('Note', [('Ann Pacheco', 'POSITIVE')]) 
INFO:root:[Twitter]:History of Twitter post ('Xperia', []) 
INFO:root:[Customer]:(Ann Pacheco,5) Posted POSITIVE tweet for the product Note
INFO:root:[Customer]:(Wilma Payne,5): Next Quarter Begins 
INFO:root:[Customer]:(Wilma Payne,5) currently seeing ads for the Products:[iphoneX]
INFO:root:[Customer]:(Kay Park,5): Next Quarter Begins 
INFO:root:[Customer]:(Wilma Payne,5) Ad Space cleared 
INFO:root:[Customer]:(Kay Park,5) currently seeing ads for the Products:[Xperia, Note]
INFO:root:[Customer]:***(Kay Park,5)bought the new product:[Xperia]
INFO:root:[Market]:Notify Seller SONY about the sale of product Xperia 
INFO:root:[Market]:Get the amount $ 100 from buyer Kay Park for product Xperia 
INFO:root:[GoogleAds]: Google purchase history ('iphoneX', ['Ann Pacheco']) 
INFO:root:[GoogleAds]: Google purchase history ('Note', ['Lucy Merrill', 'Ann Pacheco']) 
INFO:root:[GoogleAds]: Google purchase history ('Xperia', ['Kay Park']) 
INFO:root:[Market]:Add buyer Kay Park purchased the product Xperia to google Add track history
INFO:root:[Customer]:(Kay Park,5) Ad Space cleared 
INFO:root:[Twitter]:History of Twitter post ('iphoneX', [('Ann Pacheco', 'POSITIVE'), ('Ann Pacheco', 'POSITIVE'), ('Ann Pacheco', 'POSITIVE')]) 
INFO:root:[Twitter]:History of Twitter post ('Note', [('Ann Pacheco', 'POSITIVE')]) 
INFO:root:[Twitter]:History of Twitter post ('Xperia', [('Kay Park', 'POSITIVE')]) 
INFO:root:[Customer]:(Kay Park,5) Posted POSITIVE tweet for the product Xperia
INFO:root:[Customer]:(Patricia Lightner,5): Next Quarter Begins 
INFO:root:[Customer]:(Patricia Lightner,5) currently seeing ads for the Products:[Xperia]
INFO:root:[Customer]:(Patricia Lightner,5) Ad Space cleared 
INFO:root:[Customer]:(Lucy Merrill,5): Next Quarter Begins 
INFO:root:[Customer]:(Lucy Merrill,5) currently seeing ads for the Products:[Xperia, Note, iphoneX]
INFO:root:[Customer]:(Lucy Merrill,5) Ad Space cleared 
INFO:root:[Twitter]:History of Twitter post ('iphoneX', [('Ann Pacheco', 'POSITIVE'), ('Ann Pacheco', 'POSITIVE'), ('Ann Pacheco', 'POSITIVE')]) 
INFO:root:[Twitter]:History of Twitter post ('Note', [('Ann Pacheco', 'POSITIVE'), ('Lucy Merrill', 'POSITIVE')]) 
INFO:root:[Twitter]:History of Twitter post ('Xperia', [('Kay Park', 'POSITIVE')]) 
INFO:root:[Customer]:(Lucy Merrill,5) Posted POSITIVE tweet for the product Note
INFO:root:[Seller]:(APPLE INC,5): Next Quarter Begins 
INFO:root:[Seller]: (APPLE INC,5) CEO selected advert_type as BASIC with scale of 120 for iphoneX
INFO:root:[Seller]: (APPLE INC,5) Revenue in previous quarter:0
INFO:root:[Seller]: (APPLE INC,5) Expenses in previous quarter:25
INFO:root:[Seller]: (APPLE INC,5) Profit in previous quarter:-25
INFO:root:[Seller]: (APPLE INC,5) Sentiment in previous quarter:1
INFO:root:[GoogleAds]: Google pushed the BASIC Ad for product iphoneX to users Kay Park, Lucy Merrill, Kay Park, Lucy Merrill, Lucy Merrill 
INFO:root:[GoogleAds]: Google billed the Seller {'APPLE INC': [25, 25, 25, 25, 25], 'SAMSUNG MOBILES': [25, 25, 25, 25], 'SONY': [25, 25, 25, 25]}  
INFO:root:[Seller]:(SAMSUNG MOBILES,5): Next Quarter Begins 
INFO:root:[Seller]: (SAMSUNG MOBILES,5) CEO selected advert_type as BASIC with scale of 80 for Note
INFO:root:[Seller]: (SAMSUNG MOBILES,5) Revenue in previous quarter:200
INFO:root:[Seller]: (SAMSUNG MOBILES,5) Expenses in previous quarter:25
INFO:root:[Seller]: (SAMSUNG MOBILES,5) Profit in previous quarter:175
INFO:root:[Seller]: (SAMSUNG MOBILES,5) Sentiment in previous quarter:1
INFO:root:[GoogleAds]: Google pushed the BASIC Ad for product Note to users Lucy Merrill, Wilma Payne, Lucy Merrill, Kay Park, Ann Pacheco 
INFO:root:[GoogleAds]: Google billed the Seller {'APPLE INC': [25, 25, 25, 25, 25], 'SAMSUNG MOBILES': [25, 25, 25, 25, 25], 'SONY': [25, 25, 25, 25]}  
INFO:root:[Seller]:(SONY,5): Next Quarter Begins 
INFO:root:[Seller]: (SONY,5) CEO selected advert_type as BASIC with scale of 50 for Xperia
INFO:root:[Seller]: (SONY,5) Revenue in previous quarter:100
INFO:root:[Seller]: (SONY,5) Expenses in previous quarter:25
INFO:root:[Seller]: (SONY,5) Profit in previous quarter:75
INFO:root:[Seller]: (SONY,5) Sentiment in previous quarter:1
INFO:root:[GoogleAds]: Google pushed the BASIC Ad for product Xperia to users Ann Pacheco, Ann Pacheco, Lucy Merrill, Wilma Payne, Ann Pacheco 
INFO:root:[GoogleAds]: Google billed the Seller {'APPLE INC': [25, 25, 25, 25, 25], 'SAMSUNG MOBILES': [25, 25, 25, 25, 25], 'SONY': [25, 25, 25, 25, 25]}  
INFO:root:[Customer]:(Ann Pacheco,6): Next Quarter Begins 
INFO:root:[Customer]:(Ann Pacheco,6) currently seeing ads for the Products:[Xperia, Note]
INFO:root:[Customer]:(Ann Pacheco,6) Ad Space cleared 
INFO:root:[Customer]:(Wilma Payne,6): Next Quarter Begins 
INFO:root:[Customer]:(Wilma Payne,6) currently seeing ads for the Products:[Xperia, Note]
INFO:root:[Customer]:(Wilma Payne,6) Ad Space cleared 
INFO:root:[Customer]:(Kay Park,6): Next Quarter Begins 
INFO:root:[Customer]:(Kay Park,6) currently seeing ads for the Products:[Note, iphoneX]
INFO:root:[Customer]:(Kay Park,6) Ad Space cleared 
INFO:root:[Customer]:(Patricia Lightner,6): Next Quarter Begins 
INFO:root:[Customer]:(Patricia Lightner,6) currently seeing ads for the Products:[]
INFO:root:[Customer]:(Patricia Lightner,6) Ad Space cleared 
INFO:root:[Customer]:(Lucy Merrill,6): Next Quarter Begins 
INFO:root:[Customer]:(Lucy Merrill,6) currently seeing ads for the Products:[Xperia, Note, iphoneX]
INFO:root:[Customer]:(Lucy Merrill,6) Ad Space cleared 
INFO:root:[Seller]:(APPLE INC,6): Next Quarter Begins 
INFO:root:[Seller]: (APPLE INC,6) CEO selected advert_type as BASIC with scale of 117 for iphoneX
INFO:root:[Seller]: (APPLE INC,6) Revenue in previous quarter:0
INFO:root:[Seller]: (APPLE INC,6) Expenses in previous quarter:25
INFO:root:[Seller]: (APPLE INC,6) Profit in previous quarter:-25
INFO:root:[Seller]: (APPLE INC,6) Sentiment in previous quarter:1
INFO:root:[GoogleAds]: Google pushed the BASIC Ad for product iphoneX to users Wilma Payne, Kay Park, Wilma Payne, Patricia Lightner, Ann Pacheco 
INFO:root:[GoogleAds]: Google billed the Seller {'APPLE INC': [25, 25, 25, 25, 25, 25], 'SAMSUNG MOBILES': [25, 25, 25, 25, 25], 'SONY': [25, 25, 25, 25, 25]}  
INFO:root:[Seller]:(SAMSUNG MOBILES,6): Next Quarter Begins 
INFO:root:[Seller]: (SAMSUNG MOBILES,6) CEO selected advert_type as BASIC with scale of 77 for Note
INFO:root:[Seller]: (SAMSUNG MOBILES,6) Revenue in previous quarter:0
INFO:root:[Seller]: (SAMSUNG MOBILES,6) Expenses in previous quarter:25
INFO:root:[Seller]: (SAMSUNG MOBILES,6) Profit in previous quarter:-25
INFO:root:[Seller]: (SAMSUNG MOBILES,6) Sentiment in previous quarter:1
INFO:root:[GoogleAds]: Google pushed the BASIC Ad for product Note to users Kay Park, Lucy Merrill, Wilma Payne, Patricia Lightner, Kay Park 
INFO:root:[GoogleAds]: Google billed the Seller {'APPLE INC': [25, 25, 25, 25, 25, 25], 'SAMSUNG MOBILES': [25, 25, 25, 25, 25, 25], 'SONY': [25, 25, 25, 25, 25]}  
INFO:root:[Seller]:(SONY,6): Next Quarter Begins 
INFO:root:[Seller]: (SONY,6) CEO selected advert_type as BASIC with scale of 47 for Xperia
INFO:root:[Seller]: (SONY,6) Revenue in previous quarter:0
INFO:root:[Seller]: (SONY,6) Expenses in previous quarter:25
INFO:root:[Seller]: (SONY,6) Profit in previous quarter:-25
INFO:root:[Seller]: (SONY,6) Sentiment in previous quarter:1
INFO:root:[GoogleAds]: Google pushed the BASIC Ad for product Xperia to users Lucy Merrill, Ann Pacheco, Ann Pacheco, Ann Pacheco, Wilma Payne 
INFO:root:[GoogleAds]: Google billed the Seller {'APPLE INC': [25, 25, 25, 25, 25, 25], 'SAMSUNG MOBILES': [25, 25, 25, 25, 25, 25], 'SONY': [25, 25, 25, 25, 25, 25]}  
INFO:root:[Customer]:(Ann Pacheco,7): Next Quarter Begins 
INFO:root:[Customer]:(Ann Pacheco,7) currently seeing ads for the Products:[Xperia, iphoneX]
INFO:root:[Customer]:(Ann Pacheco,7) Ad Space cleared 
INFO:root:[Customer]:(Wilma Payne,7): Next Quarter Begins 
INFO:root:[Customer]:(Wilma Payne,7) currently seeing ads for the Products:[Xperia, Note, iphoneX]
INFO:root:[Customer]:***(Wilma Payne,7)bought the new product:[Note]
INFO:root:[Market]:Notify Seller SAMSUNG MOBILES about the sale of product Note 
INFO:root:[Market]:Get the amount $ 200 from buyer Wilma Payne for product Note 
INFO:root:[GoogleAds]: Google purchase history ('iphoneX', ['Ann Pacheco']) 
INFO:root:[GoogleAds]: Google purchase history ('Note', ['Lucy Merrill', 'Ann Pacheco', 'Wilma Payne']) 
INFO:root:[GoogleAds]: Google purchase history ('Xperia', ['Kay Park']) 
INFO:root:[Market]:Add buyer Wilma Payne purchased the product Note to google Add track history
INFO:root:[Customer]:(Wilma Payne,7) Ad Space cleared 
INFO:root:[Customer]:(Kay Park,7): Next Quarter Begins 
INFO:root:[Customer]:(Kay Park,7) currently seeing ads for the Products:[Note, iphoneX]
INFO:root:[Customer]:(Kay Park,7) Ad Space cleared 
INFO:root:[Customer]:(Patricia Lightner,7): Next Quarter Begins 
INFO:root:[Customer]:(Patricia Lightner,7) currently seeing ads for the Products:[Note, iphoneX]
INFO:root:[Customer]:***(Patricia Lightner,7)bought the new product:[iphoneX]
INFO:root:[Market]:Notify Seller APPLE INC about the sale of product iphoneX 
INFO:root:[Market]:Get the amount $ 300 from buyer Patricia Lightner for product iphoneX 
INFO:root:[GoogleAds]: Google purchase history ('iphoneX', ['Ann Pacheco', 'Patricia Lightner']) 
INFO:root:[GoogleAds]: Google purchase history ('Note', ['Lucy Merrill', 'Ann Pacheco', 'Wilma Payne']) 
INFO:root:[GoogleAds]: Google purchase history ('Xperia', ['Kay Park']) 
INFO:root:[Market]:Add buyer Patricia Lightner purchased the product iphoneX to google Add track history
INFO:root:[Customer]:(Patricia Lightner,7) Ad Space cleared 
INFO:root:[Twitter]:History of Twitter post ('iphoneX', [('Ann Pacheco', 'POSITIVE'), ('Ann Pacheco', 'POSITIVE'), ('Ann Pacheco', 'POSITIVE'), ('Patricia Lightner', 'POSITIVE')]) 
INFO:root:[Twitter]:History of Twitter post ('Note', [('Ann Pacheco', 'POSITIVE'), ('Lucy Merrill', 'POSITIVE')]) 
INFO:root:[Twitter]:History of Twitter post ('Xperia', [('Kay Park', 'POSITIVE')]) 
INFO:root:[Customer]:(Patricia Lightner,7) Posted POSITIVE tweet for the product iphoneX
INFO:root:[Customer]:(Lucy Merrill,7): Next Quarter Begins 
INFO:root:[Customer]:(Lucy Merrill,7) currently seeing ads for the Products:[Xperia, Note]
INFO:root:[Customer]:(Lucy Merrill,7) Ad Space cleared 
INFO:root:[Twitter]:History of Twitter post ('iphoneX', [('Ann Pacheco', 'POSITIVE'), ('Ann Pacheco', 'POSITIVE'), ('Ann Pacheco', 'POSITIVE'), ('Patricia Lightner', 'POSITIVE')]) 
INFO:root:[Twitter]:History of Twitter post ('Note', [('Ann Pacheco', 'POSITIVE'), ('Lucy Merrill', 'POSITIVE'), ('Lucy Merrill', 'POSITIVE')]) 
INFO:root:[Twitter]:History of Twitter post ('Xperia', [('Kay Park', 'POSITIVE')]) 
INFO:root:[Customer]:(Lucy Merrill,7) Posted POSITIVE tweet for the product Note
INFO:root:[Seller]:(APPLE INC,7): Next Quarter Begins 
INFO:root:[Seller]: (APPLE INC,7) CEO selected advert_type as BASIC with scale of 145 for iphoneX
INFO:root:[Seller]: (APPLE INC,7) Revenue in previous quarter:300
INFO:root:[Seller]: (APPLE INC,7) Expenses in previous quarter:25
INFO:root:[Seller]: (APPLE INC,7) Profit in previous quarter:275
INFO:root:[Seller]: (APPLE INC,7) Sentiment in previous quarter:1
INFO:root:[GoogleAds]: Google pushed the BASIC Ad for product iphoneX to users Patricia Lightner, Ann Pacheco, Kay Park, Wilma Payne, Kay Park 
INFO:root:[GoogleAds]: Google billed the Seller {'APPLE INC': [25, 25, 25, 25, 25, 25, 25], 'SAMSUNG MOBILES': [25, 25, 25, 25, 25, 25], 'SONY': [25, 25, 25, 25, 25, 25]}  
INFO:root:[Seller]:(SAMSUNG MOBILES,7): Next Quarter Begins 
INFO:root:[Seller]: (SAMSUNG MOBILES,7) CEO selected advert_type as TARGETED with scale of 47 for Note
INFO:root:[Seller]: (SAMSUNG MOBILES,7) Revenue in previous quarter:200
INFO:root:[Seller]: (SAMSUNG MOBILES,7) Expenses in previous quarter:25
INFO:root:[Seller]: (SAMSUNG MOBILES,7) Profit in previous quarter:175
INFO:root:[Seller]: (SAMSUNG MOBILES,7) Sentiment in previous quarter:1
INFO:root:[GoogleAds]: Google pushed the TARGETED Ad for product Note to user Wilma Payne, Wilma Payne, Lucy Merrill, Patricia Lightner, Kay Park 
INFO:root:[GoogleAds]: Google billed the Seller {'APPLE INC': [25, 25, 25, 25, 25, 25, 25], 'SAMSUNG MOBILES': [25, 25, 25, 25, 25, 25, 50], 'SONY': [25, 25, 25, 25, 25, 25]}  
INFO:root:[Seller]:(SONY,7): Next Quarter Begins 
INFO:root:[Seller]: (SONY,7) CEO selected advert_type as BASIC with scale of 45 for Xperia
INFO:root:[Seller]: (SONY,7) Revenue in previous quarter:0
INFO:root:[Seller]: (SONY,7) Expenses in previous quarter:25
INFO:root:[Seller]: (SONY,7) Profit in previous quarter:-25
INFO:root:[Seller]: (SONY,7) Sentiment in previous quarter:1
INFO:root:[GoogleAds]: Google pushed the BASIC Ad for product Xperia to users Patricia Lightner, Patricia Lightner, Lucy Merrill, Patricia Lightner, Ann Pacheco 
INFO:root:[GoogleAds]: Google billed the Seller {'APPLE INC': [25, 25, 25, 25, 25, 25, 25], 'SAMSUNG MOBILES': [25, 25, 25, 25, 25, 25, 50], 'SONY': [25, 25, 25, 25, 25, 25, 25]}  
INFO:root:[Customer]:(Ann Pacheco,8): Next Quarter Begins 
INFO:root:[Customer]:(Ann Pacheco,8) currently seeing ads for the Products:[Xperia, iphoneX]
INFO:root:[Customer]:(Ann Pacheco,8) Ad Space cleared 
INFO:root:[Customer]:(Wilma Payne,8): Next Quarter Begins 
INFO:root:[Customer]:(Wilma Payne,8) currently seeing ads for the Products:[Note, iphoneX]
INFO:root:[Customer]:(Wilma Payne,8) Ad Space cleared 
INFO:root:[Customer]:(Kay Park,8): Next Quarter Begins 
INFO:root:[Customer]:(Kay Park,8) currently seeing ads for the Products:[Note, iphoneX]
INFO:root:[Customer]:(Kay Park,8) Ad Space cleared 
INFO:root:[Twitter]:History of Twitter post ('iphoneX', [('Ann Pacheco', 'POSITIVE'), ('Ann Pacheco', 'POSITIVE'), ('Ann Pacheco', 'POSITIVE'), ('Patricia Lightner', 'POSITIVE')]) 
INFO:root:[Twitter]:History of Twitter post ('Note', [('Ann Pacheco', 'POSITIVE'), ('Lucy Merrill', 'POSITIVE'), ('Lucy Merrill', 'POSITIVE')]) 
INFO:root:[Twitter]:History of Twitter post ('Xperia', [('Kay Park', 'POSITIVE'), ('Kay Park', 'POSITIVE')]) 
INFO:root:[Customer]:(Kay Park,8) Posted POSITIVE tweet for the product Xperia
INFO:root:[Customer]:(Patricia Lightner,8): Next Quarter Begins 
INFO:root:[Customer]:(Patricia Lightner,8) currently seeing ads for the Products:[Xperia, Note, iphoneX]
INFO:root:[Customer]:(Patricia Lightner,8) Ad Space cleared 
INFO:root:[Twitter]:History of Twitter post ('iphoneX', [('Ann Pacheco', 'POSITIVE'), ('Ann Pacheco', 'POSITIVE'), ('Ann Pacheco', 'POSITIVE'), ('Patricia Lightner', 'POSITIVE'), ('Patricia Lightner', 'POSITIVE')]) 
INFO:root:[Twitter]:History of Twitter post ('Note', [('Ann Pacheco', 'POSITIVE'), ('Lucy Merrill', 'POSITIVE'), ('Lucy Merrill', 'POSITIVE')]) 
INFO:root:[Twitter]:History of Twitter post ('Xperia', [('Kay Park', 'POSITIVE'), ('Kay Park', 'POSITIVE')]) 
INFO:root:[Customer]:(Patricia Lightner,8) Posted POSITIVE tweet for the product iphoneX
INFO:root:[Customer]:(Lucy Merrill,8): Next Quarter Begins 
INFO:root:[Customer]:(Lucy Merrill,8) currently seeing ads for the Products:[Xperia, Note]
INFO:root:[Customer]:(Lucy Merrill,8) Ad Space cleared 
INFO:root:[Twitter]:History of Twitter post ('iphoneX', [('Ann Pacheco', 'POSITIVE'), ('Ann Pacheco', 'POSITIVE'), ('Ann Pacheco', 'POSITIVE'), ('Patricia Lightner', 'POSITIVE'), ('Patricia Lightner', 'POSITIVE')]) 
INFO:root:[Twitter]:History of Twitter post ('Note', [('Ann Pacheco', 'POSITIVE'), ('Lucy Merrill', 'POSITIVE'), ('Lucy Merrill', 'POSITIVE'), ('Lucy Merrill', 'POSITIVE')]) 
INFO:root:[Twitter]:History of Twitter post ('Xperia', [('Kay Park', 'POSITIVE'), ('Kay Park', 'POSITIVE')]) 
INFO:root:[Customer]:(Lucy Merrill,8) Posted POSITIVE tweet for the product Note
INFO:root:[Seller]:(APPLE INC,8): Next Quarter Begins 
INFO:root:[Seller]: (APPLE INC,8) CEO selected advert_type as BASIC with scale of 142 for iphoneX
INFO:root:[Seller]: (APPLE INC,8) Revenue in previous quarter:0
INFO:root:[Seller]: (APPLE INC,8) Expenses in previous quarter:25
INFO:root:[Seller]: (APPLE INC,8) Profit in previous quarter:-25
INFO:root:[Seller]: (APPLE INC,8) Sentiment in previous quarter:1
INFO:root:[Seller]:(SAMSUNG MOBILES,8): Next Quarter Begins 
INFO:root:[GoogleAds]: Google pushed the BASIC Ad for product iphoneX to users Ann Pacheco, Wilma Payne, Ann Pacheco, Lucy Merrill, Ann Pacheco 
INFO:root:[Seller]: (SAMSUNG MOBILES,8) CEO selected advert_type as TARGETED with scale of 45 for Note
INFO:root:[GoogleAds]: Google billed the Seller {'APPLE INC': [25, 25, 25, 25, 25, 25, 25, 25], 'SAMSUNG MOBILES': [25, 25, 25, 25, 25, 25, 50], 'SONY': [25, 25, 25, 25, 25, 25, 25]}  
INFO:root:[Seller]:(SONY,8): Next Quarter Begins 
INFO:root:[Seller]: (SAMSUNG MOBILES,8) Revenue in previous quarter:0
INFO:root:[Seller]: (SONY,8) CEO selected advert_type as BASIC with scale of 42 for Xperia
INFO:root:[Seller]: (SAMSUNG MOBILES,8) Expenses in previous quarter:50
INFO:root:[Seller]: (SONY,8) Revenue in previous quarter:0
INFO:root:[Seller]: (SAMSUNG MOBILES,8) Profit in previous quarter:-50
INFO:root:[Seller]: (SONY,8) Expenses in previous quarter:25
INFO:root:[Seller]: (SAMSUNG MOBILES,8) Sentiment in previous quarter:1
INFO:root:[Seller]: (SONY,8) Profit in previous quarter:-25
INFO:root:[GoogleAds]: Google pushed the TARGETED Ad for product Note to user Kay Park, Lucy Merrill, Ann Pacheco, Lucy Merrill, Patricia Lightner 
INFO:root:[Seller]: (SONY,8) Sentiment in previous quarter:1
INFO:root:[GoogleAds]: Google billed the Seller {'APPLE INC': [25, 25, 25, 25, 25, 25, 25, 25], 'SAMSUNG MOBILES': [25, 25, 25, 25, 25, 25, 50, 50], 'SONY': [25, 25, 25, 25, 25, 25, 25]}  
INFO:root:[GoogleAds]: Google pushed the BASIC Ad for product Xperia to users Lucy Merrill, Ann Pacheco, Lucy Merrill, Ann Pacheco, Patricia Lightner 
INFO:root:[GoogleAds]: Google billed the Seller {'APPLE INC': [25, 25, 25, 25, 25, 25, 25, 25], 'SAMSUNG MOBILES': [25, 25, 25, 25, 25, 25, 50, 50], 'SONY': [25, 25, 25, 25, 25, 25, 25, 25]}  
INFO:root:[Customer]:(Ann Pacheco,9): Next Quarter Begins 
INFO:root:[Customer]:(Ann Pacheco,9) currently seeing ads for the Products:[Xperia, Note, iphoneX]
INFO:root:[Customer]:(Ann Pacheco,9) Ad Space cleared 
INFO:root:[Customer]:(Wilma Payne,9): Next Quarter Begins 
INFO:root:[Customer]:(Wilma Payne,9) currently seeing ads for the Products:[iphoneX]
INFO:root:[Customer]:(Wilma Payne,9) Ad Space cleared 
INFO:root:[Twitter]:History of Twitter post ('iphoneX', [('Ann Pacheco', 'POSITIVE'), ('Ann Pacheco', 'POSITIVE'), ('Ann Pacheco', 'POSITIVE'), ('Patricia Lightner', 'POSITIVE'), ('Patricia Lightner', 'POSITIVE')]) 
INFO:root:[Twitter]:History of Twitter post ('Note', [('Ann Pacheco', 'POSITIVE'), ('Lucy Merrill', 'POSITIVE'), ('Lucy Merrill', 'POSITIVE'), ('Lucy Merrill', 'POSITIVE'), ('Wilma Payne', 'POSITIVE')]) 
INFO:root:[Twitter]:History of Twitter post ('Xperia', [('Kay Park', 'POSITIVE'), ('Kay Park', 'POSITIVE')]) 
INFO:root:[Customer]:(Wilma Payne,9) Posted POSITIVE tweet for the product Note
INFO:root:[Customer]:(Kay Park,9): Next Quarter Begins 
INFO:root:[Customer]:(Kay Park,9) currently seeing ads for the Products:[Note]
INFO:root:[Customer]:(Kay Park,9) Ad Space cleared 
INFO:root:[Customer]:(Patricia Lightner,9): Next Quarter Begins 
INFO:root:[Customer]:(Patricia Lightner,9) currently seeing ads for the Products:[Xperia, Note]
INFO:root:[Customer]:(Patricia Lightner,9) Ad Space cleared 
INFO:root:[Twitter]:History of Twitter post ('iphoneX', [('Ann Pacheco', 'POSITIVE'), ('Ann Pacheco', 'POSITIVE'), ('Ann Pacheco', 'POSITIVE'), ('Patricia Lightner', 'POSITIVE'), ('Patricia Lightner', 'POSITIVE'), ('Patricia Lightner', 'POSITIVE')]) 
INFO:root:[Twitter]:History of Twitter post ('Note', [('Ann Pacheco', 'POSITIVE'), ('Lucy Merrill', 'POSITIVE'), ('Lucy Merrill', 'POSITIVE'), ('Lucy Merrill', 'POSITIVE'), ('Wilma Payne', 'POSITIVE')]) 
INFO:root:[Twitter]:History of Twitter post ('Xperia', [('Kay Park', 'POSITIVE'), ('Kay Park', 'POSITIVE')]) 
INFO:root:[Customer]:(Patricia Lightner,9) Posted POSITIVE tweet for the product iphoneX
INFO:root:[Customer]:(Lucy Merrill,9): Next Quarter Begins 
INFO:root:[Customer]:(Lucy Merrill,9) currently seeing ads for the Products:[Xperia, Note, iphoneX]
INFO:root:[Customer]:(Lucy Merrill,9) Ad Space cleared 
INFO:root:[Twitter]:History of Twitter post ('iphoneX', [('Ann Pacheco', 'POSITIVE'), ('Ann Pacheco', 'POSITIVE'), ('Ann Pacheco', 'POSITIVE'), ('Patricia Lightner', 'POSITIVE'), ('Patricia Lightner', 'POSITIVE'), ('Patricia Lightner', 'POSITIVE')]) 
INFO:root:[Twitter]:History of Twitter post ('Note', [('Ann Pacheco', 'POSITIVE'), ('Lucy Merrill', 'POSITIVE'), ('Lucy Merrill', 'POSITIVE'), ('Lucy Merrill', 'POSITIVE'), ('Wilma Payne', 'POSITIVE'), ('Lucy Merrill', 'POSITIVE')]) 
INFO:root:[Twitter]:History of Twitter post ('Xperia', [('Kay Park', 'POSITIVE'), ('Kay Park', 'POSITIVE')]) 
INFO:root:[Customer]:(Lucy Merrill,9) Posted POSITIVE tweet for the product Note
INFO:root:[Seller]:(APPLE INC,9): Next Quarter Begins 
INFO:root:[Seller]: (APPLE INC,9) CEO selected advert_type as BASIC with scale of 140 for iphoneX
INFO:root:[Seller]: (APPLE INC,9) Revenue in previous quarter:0
INFO:root:[Seller]: (APPLE INC,9) Expenses in previous quarter:25
INFO:root:[Seller]: (APPLE INC,9) Profit in previous quarter:-25
INFO:root:[Seller]: (APPLE INC,9) Sentiment in previous quarter:1
INFO:root:[GoogleAds]: Google pushed the BASIC Ad for product iphoneX to users Wilma Payne, Patricia Lightner, Lucy Merrill, Kay Park, Kay Park 
INFO:root:[GoogleAds]: Google billed the Seller {'APPLE INC': [25, 25, 25, 25, 25, 25, 25, 25, 25], 'SAMSUNG MOBILES': [25, 25, 25, 25, 25, 25, 50, 50], 'SONY': [25, 25, 25, 25, 25, 25, 25, 25]}  
INFO:root:[Seller]:(SAMSUNG MOBILES,9): Next Quarter Begins 
INFO:root:[Seller]:(SONY,9): Next Quarter Begins 
INFO:root:[Seller]: (SAMSUNG MOBILES,9) CEO selected advert_type as TARGETED with scale of 42 for Note
INFO:root:[Seller]: (SONY,9) CEO selected advert_type as BASIC with scale of 40 for Xperia
INFO:root:[Seller]: (SAMSUNG MOBILES,9) Revenue in previous quarter:0
INFO:root:[Seller]: (SONY,9) Revenue in previous quarter:0
INFO:root:[Seller]: (SAMSUNG MOBILES,9) Expenses in previous quarter:50
INFO:root:[Seller]: (SONY,9) Expenses in previous quarter:25
INFO:root:[Seller]: (SAMSUNG MOBILES,9) Profit in previous quarter:-50
INFO:root:[Seller]: (SONY,9) Profit in previous quarter:-25
INFO:root:[Seller]: (SAMSUNG MOBILES,9) Sentiment in previous quarter:1
INFO:root:[Seller]: (SONY,9) Sentiment in previous quarter:1
INFO:root:[GoogleAds]: Google pushed the TARGETED Ad for product Note to user Ann Pacheco, Kay Park, Patricia Lightner, Wilma Payne, Kay Park 
INFO:root:[GoogleAds]: Google billed the Seller {'APPLE INC': [25, 25, 25, 25, 25, 25, 25, 25, 25], 'SAMSUNG MOBILES': [25, 25, 25, 25, 25, 25, 50, 50, 50], 'SONY': [25, 25, 25, 25, 25, 25, 25, 25]}  
INFO:root:[GoogleAds]: Google pushed the BASIC Ad for product Xperia to users Ann Pacheco, Wilma Payne, Ann Pacheco, Patricia Lightner, Lucy Merrill 
INFO:root:[GoogleAds]: Google billed the Seller {'APPLE INC': [25, 25, 25, 25, 25, 25, 25, 25, 25], 'SAMSUNG MOBILES': [25, 25, 25, 25, 25, 25, 50, 50, 50], 'SONY': [25, 25, 25, 25, 25, 25, 25, 25, 25]}  
INFO:root:[Customer]:(Ann Pacheco,10): Next Quarter Begins 
INFO:root:[Customer]:(Ann Pacheco,10) currently seeing ads for the Products:[Xperia, Note]
INFO:root:[Customer]:(Ann Pacheco,10) Ad Space cleared 
INFO:root:[Customer]:(Wilma Payne,10): Next Quarter Begins 
INFO:root:[Customer]:(Wilma Payne,10) currently seeing ads for the Products:[Xperia, Note, iphoneX]
INFO:root:[Customer]:(Wilma Payne,10) Ad Space cleared 
INFO:root:[Twitter]:History of Twitter post ('iphoneX', [('Ann Pacheco', 'POSITIVE'), ('Ann Pacheco', 'POSITIVE'), ('Ann Pacheco', 'POSITIVE'), ('Patricia Lightner', 'POSITIVE'), ('Patricia Lightner', 'POSITIVE'), ('Patricia Lightner', 'POSITIVE')]) 
INFO:root:[Twitter]:History of Twitter post ('Note', [('Ann Pacheco', 'POSITIVE'), ('Lucy Merrill', 'POSITIVE'), ('Lucy Merrill', 'POSITIVE'), ('Lucy Merrill', 'POSITIVE'), ('Wilma Payne', 'POSITIVE'), ('Lucy Merrill', 'POSITIVE'), ('Wilma Payne', 'POSITIVE')]) 
INFO:root:[Customer]:(Kay Park,10): Next Quarter Begins 
INFO:root:[Twitter]:History of Twitter post ('Xperia', [('Kay Park', 'POSITIVE'), ('Kay Park', 'POSITIVE')]) 
INFO:root:[Customer]:(Kay Park,10) currently seeing ads for the Products:[Note, iphoneX]
INFO:root:[Customer]:(Wilma Payne,10) Posted POSITIVE tweet for the product Note
INFO:root:[Customer]:***(Kay Park,10)bought the new product:[iphoneX]
INFO:root:[Market]:Notify Seller APPLE INC about the sale of product iphoneX 
INFO:root:[Market]:Get the amount $ 300 from buyer Kay Park for product iphoneX 
INFO:root:[GoogleAds]: Google purchase history ('iphoneX', ['Ann Pacheco', 'Patricia Lightner', 'Kay Park']) 
INFO:root:[GoogleAds]: Google purchase history ('Note', ['Lucy Merrill', 'Ann Pacheco', 'Wilma Payne']) 
INFO:root:[GoogleAds]: Google purchase history ('Xperia', ['Kay Park']) 
INFO:root:[Market]:Add buyer Kay Park purchased the product iphoneX to google Add track history
INFO:root:[Customer]:(Kay Park,10) Ad Space cleared 
INFO:root:[Customer]:(Patricia Lightner,10): Next Quarter Begins 
INFO:root:[Customer]:(Patricia Lightner,10) currently seeing ads for the Products:[Xperia, Note, iphoneX]
INFO:root:[Customer]:(Patricia Lightner,10) Ad Space cleared 
INFO:root:[Twitter]:History of Twitter post ('iphoneX', [('Ann Pacheco', 'POSITIVE'), ('Ann Pacheco', 'POSITIVE'), ('Ann Pacheco', 'POSITIVE'), ('Patricia Lightner', 'POSITIVE'), ('Patricia Lightner', 'POSITIVE'), ('Patricia Lightner', 'POSITIVE'), ('Patricia Lightner', 'POSITIVE')]) 
INFO:root:[Twitter]:History of Twitter post ('Note', [('Ann Pacheco', 'POSITIVE'), ('Lucy Merrill', 'POSITIVE'), ('Lucy Merrill', 'POSITIVE'), ('Lucy Merrill', 'POSITIVE'), ('Wilma Payne', 'POSITIVE'), ('Lucy Merrill', 'POSITIVE'), ('Wilma Payne', 'POSITIVE')]) 
INFO:root:[Twitter]:History of Twitter post ('Xperia', [('Kay Park', 'POSITIVE'), ('Kay Park', 'POSITIVE')]) 
INFO:root:[Customer]:(Patricia Lightner,10) Posted POSITIVE tweet for the product iphoneX
INFO:root:[Customer]:(Lucy Merrill,10): Next Quarter Begins 
INFO:root:[Customer]:(Lucy Merrill,10) currently seeing ads for the Products:[Xperia, iphoneX]
INFO:root:[Customer]:***(Lucy Merrill,10)bought the new product:[Xperia]
INFO:root:[Market]:Notify Seller SONY about the sale of product Xperia 
INFO:root:[Market]:Get the amount $ 100 from buyer Lucy Merrill for product Xperia 
INFO:root:[GoogleAds]: Google purchase history ('iphoneX', ['Ann Pacheco', 'Patricia Lightner', 'Kay Park']) 
INFO:root:[GoogleAds]: Google purchase history ('Note', ['Lucy Merrill', 'Ann Pacheco', 'Wilma Payne']) 
INFO:root:[GoogleAds]: Google purchase history ('Xperia', ['Kay Park', 'Lucy Merrill']) 
INFO:root:[Market]:Add buyer Lucy Merrill purchased the product Xperia to google Add track history
INFO:root:[Customer]:(Lucy Merrill,10) Ad Space cleared 
INFO:root:[Twitter]:History of Twitter post ('iphoneX', [('Ann Pacheco', 'POSITIVE'), ('Ann Pacheco', 'POSITIVE'), ('Ann Pacheco', 'POSITIVE'), ('Patricia Lightner', 'POSITIVE'), ('Patricia Lightner', 'POSITIVE'), ('Patricia Lightner', 'POSITIVE'), ('Patricia Lightner', 'POSITIVE')]) 
INFO:root:[Twitter]:History of Twitter post ('Note', [('Ann Pacheco', 'POSITIVE'), ('Lucy Merrill', 'POSITIVE'), ('Lucy Merrill', 'POSITIVE'), ('Lucy Merrill', 'POSITIVE'), ('Wilma Payne', 'POSITIVE'), ('Lucy Merrill', 'POSITIVE'), ('Wilma Payne', 'POSITIVE'), ('Lucy Merrill', 'POSITIVE')]) 
INFO:root:[Twitter]:History of Twitter post ('Xperia', [('Kay Park', 'POSITIVE'), ('Kay Park', 'POSITIVE')]) 
INFO:root:[Customer]:(Lucy Merrill,10) Posted POSITIVE tweet for the product Note
INFO:root:[Seller]:(APPLE INC,10): Next Quarter Begins 
INFO:root:[Seller]: (APPLE INC,10) CEO selected advert_type as TARGETED with scale of 83 for iphoneX
INFO:root:[Seller]: (APPLE INC,10) Revenue in previous quarter:300
INFO:root:[Seller]: (APPLE INC,10) Expenses in previous quarter:25
INFO:root:[Seller]: (APPLE INC,10) Profit in previous quarter:275
INFO:root:[Seller]: (APPLE INC,10) Sentiment in previous quarter:1
INFO:root:[GoogleAds]: Google pushed the TARGETED Ad for product iphoneX to user Patricia Lightner, Ann Pacheco, Patricia Lightner, Ann Pacheco, Wilma Payne 
INFO:root:[GoogleAds]: Google billed the Seller {'APPLE INC': [25, 25, 25, 25, 25, 25, 25, 25, 25, 50], 'SAMSUNG MOBILES': [25, 25, 25, 25, 25, 25, 50, 50, 50], 'SONY': [25, 25, 25, 25, 25, 25, 25, 25, 25]}  
INFO:root:[Seller]:(SAMSUNG MOBILES,10): Next Quarter Begins 
INFO:root:[Seller]: (SAMSUNG MOBILES,10) CEO selected advert_type as TARGETED with scale of 40 for Note
INFO:root:[Seller]: (SAMSUNG MOBILES,10) Revenue in previous quarter:0
INFO:root:[Seller]: (SAMSUNG MOBILES,10) Expenses in previous quarter:50
INFO:root:[Seller]: (SAMSUNG MOBILES,10) Profit in previous quarter:-50
INFO:root:[Seller]: (SAMSUNG MOBILES,10) Sentiment in previous quarter:1
INFO:root:[Seller]:(SONY,10): Next Quarter Begins 
INFO:root:[GoogleAds]: Google pushed the TARGETED Ad for product Note to user Patricia Lightner, Patricia Lightner, Ann Pacheco, Wilma Payne, Kay Park 
INFO:root:[Seller]: (SONY,10) CEO selected advert_type as BASIC with scale of 47 for Xperia
INFO:root:[GoogleAds]: Google billed the Seller {'APPLE INC': [25, 25, 25, 25, 25, 25, 25, 25, 25, 50], 'SAMSUNG MOBILES': [25, 25, 25, 25, 25, 25, 50, 50, 50, 50], 'SONY': [25, 25, 25, 25, 25, 25, 25, 25, 25]}  
INFO:root:[Seller]: (SONY,10) Revenue in previous quarter:100
INFO:root:[Seller]: (SONY,10) Expenses in previous quarter:25
INFO:root:[Seller]: (SONY,10) Profit in previous quarter:75
INFO:root:[Seller]: (SONY,10) Sentiment in previous quarter:1
INFO:root:[GoogleAds]: Google pushed the BASIC Ad for product Xperia to users Patricia Lightner, Ann Pacheco, Lucy Merrill, Patricia Lightner, Ann Pacheco 
INFO:root:[GoogleAds]: Google billed the Seller {'APPLE INC': [25, 25, 25, 25, 25, 25, 25, 25, 25, 50], 'SAMSUNG MOBILES': [25, 25, 25, 25, 25, 25, 50, 50, 50, 50], 'SONY': [25, 25, 25, 25, 25, 25, 25, 25, 25, 25]}  
INFO:root:[Customer]:(Ann Pacheco,11): Next Quarter Begins 
INFO:root:[Customer]:(Ann Pacheco,11) currently seeing ads for the Products:[Xperia, Note, iphoneX]
INFO:root:[Customer]:(Ann Pacheco,11) Ad Space cleared 
INFO:root:[Twitter]:History of Twitter post ('iphoneX', [('Ann Pacheco', 'POSITIVE'), ('Ann Pacheco', 'POSITIVE'), ('Ann Pacheco', 'POSITIVE'), ('Patricia Lightner', 'POSITIVE'), ('Patricia Lightner', 'POSITIVE'), ('Patricia Lightner', 'POSITIVE'), ('Patricia Lightner', 'POSITIVE')]) 
INFO:root:[Twitter]:History of Twitter post ('Note', [('Ann Pacheco', 'POSITIVE'), ('Lucy Merrill', 'POSITIVE'), ('Lucy Merrill', 'POSITIVE'), ('Lucy Merrill', 'POSITIVE'), ('Wilma Payne', 'POSITIVE'), ('Lucy Merrill', 'POSITIVE'), ('Wilma Payne', 'POSITIVE'), ('Lucy Merrill', 'POSITIVE'), ('Ann Pacheco', 'POSITIVE')]) 
INFO:root:[Twitter]:History of Twitter post ('Xperia', [('Kay Park', 'POSITIVE'), ('Kay Park', 'POSITIVE')]) 
INFO:root:[Customer]:(Ann Pacheco,11) Posted POSITIVE tweet for the product Note
INFO:root:[Customer]:(Wilma Payne,11): Next Quarter Begins 
INFO:root:[Customer]:(Wilma Payne,11) currently seeing ads for the Products:[Note, iphoneX]
INFO:root:[Customer]:(Wilma Payne,11) Ad Space cleared 
INFO:root:[Twitter]:History of Twitter post ('iphoneX', [('Ann Pacheco', 'POSITIVE'), ('Ann Pacheco', 'POSITIVE'), ('Ann Pacheco', 'POSITIVE'), ('Patricia Lightner', 'POSITIVE'), ('Patricia Lightner', 'POSITIVE'), ('Patricia Lightner', 'POSITIVE'), ('Patricia Lightner', 'POSITIVE')]) 
INFO:root:[Twitter]:History of Twitter post ('Note', [('Ann Pacheco', 'POSITIVE'), ('Lucy Merrill', 'POSITIVE'), ('Lucy Merrill', 'POSITIVE'), ('Lucy Merrill', 'POSITIVE'), ('Wilma Payne', 'POSITIVE'), ('Lucy Merrill', 'POSITIVE'), ('Wilma Payne', 'POSITIVE'), ('Lucy Merrill', 'POSITIVE'), ('Ann Pacheco', 'POSITIVE'), ('Wilma Payne', 'POSITIVE')]) 
INFO:root:[Twitter]:History of Twitter post ('Xperia', [('Kay Park', 'POSITIVE'), ('Kay Park', 'POSITIVE')]) 
INFO:root:[Customer]:(Wilma Payne,11) Posted POSITIVE tweet for the product Note
INFO:root:[Customer]:(Kay Park,11): Next Quarter Begins 
INFO:root:[Customer]:(Kay Park,11) currently seeing ads for the Products:[Note]
INFO:root:[Customer]:(Kay Park,11) Ad Space cleared 
INFO:root:[Twitter]:History of Twitter post ('iphoneX', [('Ann Pacheco', 'POSITIVE'), ('Ann Pacheco', 'POSITIVE'), ('Ann Pacheco', 'POSITIVE'), ('Patricia Lightner', 'POSITIVE'), ('Patricia Lightner', 'POSITIVE'), ('Patricia Lightner', 'POSITIVE'), ('Patricia Lightner', 'POSITIVE')]) 
INFO:root:[Twitter]:History of Twitter post ('Note', [('Ann Pacheco', 'POSITIVE'), ('Lucy Merrill', 'POSITIVE'), ('Lucy Merrill', 'POSITIVE'), ('Lucy Merrill', 'POSITIVE'), ('Wilma Payne', 'POSITIVE'), ('Lucy Merrill', 'POSITIVE'), ('Wilma Payne', 'POSITIVE'), ('Lucy Merrill', 'POSITIVE'), ('Ann Pacheco', 'POSITIVE'), ('Wilma Payne', 'POSITIVE')]) 
INFO:root:[Twitter]:History of Twitter post ('Xperia', [('Kay Park', 'POSITIVE'), ('Kay Park', 'POSITIVE'), ('Kay Park', 'POSITIVE')]) 
INFO:root:[Customer]:(Kay Park,11) Posted POSITIVE tweet for the product Xperia
INFO:root:[Customer]:(Patricia Lightner,11): Next Quarter Begins 
INFO:root:[Customer]:(Patricia Lightner,11) currently seeing ads for the Products:[Xperia, Note, iphoneX]
INFO:root:[Customer]:***(Patricia Lightner,11)bought the new product:[Xperia]
INFO:root:[Market]:Notify Seller SONY about the sale of product Xperia 
INFO:root:[Market]:Get the amount $ 100 from buyer Patricia Lightner for product Xperia 
INFO:root:[GoogleAds]: Google purchase history ('iphoneX', ['Ann Pacheco', 'Patricia Lightner', 'Kay Park']) 
INFO:root:[GoogleAds]: Google purchase history ('Note', ['Lucy Merrill', 'Ann Pacheco', 'Wilma Payne']) 
INFO:root:[GoogleAds]: Google purchase history ('Xperia', ['Kay Park', 'Lucy Merrill', 'Patricia Lightner']) 
INFO:root:[Market]:Add buyer Patricia Lightner purchased the product Xperia to google Add track history
INFO:root:[Customer]:(Patricia Lightner,11) Ad Space cleared 
INFO:root:[Twitter]:History of Twitter post ('iphoneX', [('Ann Pacheco', 'POSITIVE'), ('Ann Pacheco', 'POSITIVE'), ('Ann Pacheco', 'POSITIVE'), ('Patricia Lightner', 'POSITIVE'), ('Patricia Lightner', 'POSITIVE'), ('Patricia Lightner', 'POSITIVE'), ('Patricia Lightner', 'POSITIVE')]) 
INFO:root:[Twitter]:History of Twitter post ('Note', [('Ann Pacheco', 'POSITIVE'), ('Lucy Merrill', 'POSITIVE'), ('Lucy Merrill', 'POSITIVE'), ('Lucy Merrill', 'POSITIVE'), ('Wilma Payne', 'POSITIVE'), ('Lucy Merrill', 'POSITIVE'), ('Wilma Payne', 'POSITIVE'), ('Lucy Merrill', 'POSITIVE'), ('Ann Pacheco', 'POSITIVE'), ('Wilma Payne', 'POSITIVE')]) 
INFO:root:[Twitter]:History of Twitter post ('Xperia', [('Kay Park', 'POSITIVE'), ('Kay Park', 'POSITIVE'), ('Kay Park', 'POSITIVE'), ('Patricia Lightner', 'POSITIVE')]) 
INFO:root:[Customer]:(Patricia Lightner,11) Posted POSITIVE tweet for the product Xperia
INFO:root:[Customer]:(Lucy Merrill,11): Next Quarter Begins 
INFO:root:[Customer]:(Lucy Merrill,11) currently seeing ads for the Products:[Xperia]
INFO:root:[Customer]:(Lucy Merrill,11) Ad Space cleared 
INFO:root:[Seller]: (APPLE INC,10) sold  3 units of iphoneX
INFO:root:[Seller]: (APPLE INC,10) Exit
INFO:root:[Seller]: (SAMSUNG MOBILES,10) sold  3 units of Note
INFO:root:[Seller]: (SAMSUNG MOBILES,10) Exit
INFO:root:[Seller]: (SONY,10) sold  3 units of Xperia
INFO:root:[Seller]: (SONY,10) Exit
INFO:root:[Customer]:(Kay Park,12): Next Quarter Begins 
INFO:root:[Customer]:(Wilma Payne,12): Next Quarter Begins 
INFO:root:[Customer]:(Ann Pacheco,12): Next Quarter Begins 
INFO:root:[Customer]:(Kay Park,12) currently seeing ads for the Products:[]
INFO:root:[Customer]:(Patricia Lightner,12): Next Quarter Begins 
INFO:root:[Customer]:(Lucy Merrill,12): Next Quarter Begins 
INFO:root:[Customer]:(Wilma Payne,12) currently seeing ads for the Products:[]
INFO:root:[Customer]:(Ann Pacheco,12) currently seeing ads for the Products:[]
INFO:root:[Customer]:(Kay Park,12) Ad Space cleared 
INFO:root:[Customer]:(Patricia Lightner,12) currently seeing ads for the Products:[]
INFO:root:[Customer]:(Lucy Merrill,12) currently seeing ads for the Products:[]
INFO:root:[Customer]:(Wilma Payne,12) Ad Space cleared 
INFO:root:[Customer]:(Ann Pacheco,12) Ad Space cleared 
INFO:root:[Twitter]:History of Twitter post ('iphoneX', [('Ann Pacheco', 'POSITIVE'), ('Ann Pacheco', 'POSITIVE'), ('Ann Pacheco', 'POSITIVE'), ('Patricia Lightner', 'POSITIVE'), ('Patricia Lightner', 'POSITIVE'), ('Patricia Lightner', 'POSITIVE'), ('Patricia Lightner', 'POSITIVE')]) 
INFO:root:[Customer]:(Patricia Lightner,12) Ad Space cleared 
INFO:root:[Customer]:(Lucy Merrill,12) Ad Space cleared 
INFO:root:[Twitter]:History of Twitter post ('iphoneX', [('Ann Pacheco', 'POSITIVE'), ('Ann Pacheco', 'POSITIVE'), ('Ann Pacheco', 'POSITIVE'), ('Patricia Lightner', 'POSITIVE'), ('Patricia Lightner', 'POSITIVE'), ('Patricia Lightner', 'POSITIVE'), ('Patricia Lightner', 'POSITIVE'), ('Ann Pacheco', 'POSITIVE')]) 
INFO:root:[Twitter]:History of Twitter post ('Note', [('Ann Pacheco', 'POSITIVE'), ('Lucy Merrill', 'POSITIVE'), ('Lucy Merrill', 'POSITIVE'), ('Lucy Merrill', 'POSITIVE'), ('Wilma Payne', 'POSITIVE'), ('Lucy Merrill', 'POSITIVE'), ('Wilma Payne', 'POSITIVE'), ('Lucy Merrill', 'POSITIVE'), ('Ann Pacheco', 'POSITIVE'), ('Wilma Payne', 'POSITIVE')]) 
INFO:root:[Twitter]:History of Twitter post ('Note', [('Ann Pacheco', 'POSITIVE'), ('Lucy Merrill', 'POSITIVE'), ('Lucy Merrill', 'POSITIVE'), ('Lucy Merrill', 'POSITIVE'), ('Wilma Payne', 'POSITIVE'), ('Lucy Merrill', 'POSITIVE'), ('Wilma Payne', 'POSITIVE'), ('Lucy Merrill', 'POSITIVE'), ('Ann Pacheco', 'POSITIVE'), ('Wilma Payne', 'POSITIVE')]) 
INFO:root:[Twitter]:History of Twitter post ('Xperia', [('Kay Park', 'POSITIVE'), ('Kay Park', 'POSITIVE'), ('Kay Park', 'POSITIVE'), ('Patricia Lightner', 'POSITIVE'), ('Kay Park', 'POSITIVE')]) 
INFO:root:[Twitter]:History of Twitter post ('Xperia', [('Kay Park', 'POSITIVE'), ('Kay Park', 'POSITIVE'), ('Kay Park', 'POSITIVE'), ('Patricia Lightner', 'POSITIVE'), ('Kay Park', 'POSITIVE')]) 
INFO:root:[Customer]:(Kay Park,12) Posted POSITIVE tweet for the product Xperia
INFO:root:[Customer]:(Ann Pacheco,12) Posted POSITIVE tweet for the product iphoneX
INFO:oauth2client.client:Refreshing access_token
INFO:root:[Customer]: (Wilma Payne,12) own the Products:[Note] with balance of $ 300
INFO:root:[Customer]: (Wilma Payne,12) Exit
INFO:root:[Customer]: (Patricia Lightner,12) own the Products:[Xperia, iphoneX] with balance of $ 100
INFO:root:[Customer]: (Patricia Lightner,12) Exit
INFO:root:[Customer]: (Lucy Merrill,12) own the Products:[Xperia, Note] with balance of $ 200
INFO:root:[Customer]: (Lucy Merrill,12) Exit
INFO:root:[Customer]: (Kay Park,12) own the Products:[Xperia, iphoneX] with balance of $ 100
INFO:root:[Customer]: (Kay Park,12) Exit
INFO:root:[Customer]: (Ann Pacheco,12) own the Products:[Note, iphoneX] with balance of $ 0
INFO:root:[Customer]: (Ann Pacheco,12) Exit
INFO:oauth2client.client:Refreshing access_token
INFO:oauth2client.client:Refreshing access_token
