INFO:root:[Customer]:Customer Ann Pacheco Created
INFO:root:[GoogleAds]:Customer Ann Pacheco added to Google list of user with Tolerance:0.5252697700520002
INFO:root:[Customer]:Customer Ann Pacheco entered Trading
INFO:root:[Customer]:(Ann Pacheco,1): Next Quarter Begins 
INFO:root:[Customer]:(Ann Pacheco,1) currently seeing ads for the Products:[]
INFO:root:[Customer]:(Ann Pacheco,1) Ad Space cleared 
INFO:root:[Customer]:Customer Kay Medina Created
INFO:root:[GoogleAds]:Customer Kay Medina added to Google list of user with Tolerance:0.6521726145786113
INFO:root:[Customer]:Customer Kay Medina entered Trading
INFO:root:[Customer]:(Kay Medina,1): Next Quarter Begins 
INFO:root:[Customer]:(Kay Medina,1) currently seeing ads for the Products:[]
INFO:root:[Customer]:(Kay Medina,1) Ad Space cleared 
INFO:root:[Customer]:Customer James Sutter Created
INFO:root:[GoogleAds]:Customer James Sutter added to Google list of user with Tolerance:0.6036905829026105
INFO:root:[Customer]:Customer James Sutter entered Trading
INFO:root:[Customer]:(James Sutter,1): Next Quarter Begins 
INFO:root:[Customer]:(James Sutter,1) currently seeing ads for the Products:[]
INFO:root:[Customer]:(James Sutter,1) Ad Space cleared 
INFO:root:[Customer]:Customer Bette Brown Created
INFO:root:[GoogleAds]:Customer Bette Brown added to Google list of user with Tolerance:0.8277928411463173
INFO:root:[Customer]:Customer Bette Brown entered Trading
INFO:root:[Customer]:(Bette Brown,1): Next Quarter Begins 
INFO:root:[Customer]:(Bette Brown,1) currently seeing ads for the Products:[]
INFO:root:[Customer]:(Bette Brown,1) Ad Space cleared 
INFO:root:[Customer]:Customer Kyle Johnson Created
INFO:root:[GoogleAds]:Customer Kyle Johnson added to Google list of user with Tolerance:0.8946572583230259
INFO:root:[Customer]:Customer Kyle Johnson entered Trading
INFO:root:[Customer]:(Kyle Johnson,1): Next Quarter Begins 
INFO:root:[Customer]:(Kyle Johnson,1) currently seeing ads for the Products:[]
INFO:root:[Customer]:(Kyle Johnson,1) Ad Space cleared 
INFO:root:[Product]:Product created::iphoneX 
INFO:root:[Product]:Product created::iphone11 
INFO:root:[Product]:Product created::Note 
INFO:root:[Product]:Product created::Xperia 
INFO:root:[Seller]:Seller APPLE INC Created
INFO:root:[Market]:Seller APPLE INC is registered in the market with the product iphoneX 
INFO:root:[Market]:Seller APPLE INC is registered in the market with the product iphone11 
INFO:root:[Seller]:Seller APPLE INC started Trading
INFO:root:[Seller]:(APPLE INC,1): Next Quarter Begins 
INFO:root:[Seller]: (APPLE INC,1) CEO selected advert_type as BASIC for iphoneX
INFO:root:[Seller]: (APPLE INC,1) CEO selected advert_type as BASIC for iphone11
INFO:root:[Seller]: (APPLE INC,1) CEO selected advert scale 50
INFO:root:[Seller]:Seller SAMSUNG MOBILES Created
INFO:root:[Seller]: (APPLE INC,1) Revenue in previous quarter:0
INFO:root:[Seller]: (APPLE INC,1) Expenses in previous quarter:0
INFO:root:[Seller]: (APPLE INC,1) Profit in previous quarter:0
INFO:root:[Seller]: (APPLE INC,1) Sentiment for iphoneX in previous quarter:1
INFO:root:[Seller]: (APPLE INC,1) Sentiment for iphone11 in previous quarter:1
INFO:root:[GoogleAds]: Google pushed the BASIC Ad for product iphoneX to users James Sutter, James Sutter, James Sutter, Kay Medina, James Sutter 
INFO:root:[GoogleAds]: Google billed the Seller {'APPLE INC': [25]}  
INFO:root:[GoogleAds]: Google pushed the BASIC Ad for product iphone11 to users Ann Pacheco, Kyle Johnson, Ann Pacheco, Kyle Johnson, James Sutter 
INFO:root:[GoogleAds]: Google billed the Seller {'APPLE INC': [25, 25]}  
INFO:root:[Market]:Seller SAMSUNG MOBILES is registered in the market with the product Note 
INFO:root:[Seller]:Seller SAMSUNG MOBILES started Trading
INFO:root:[Seller]:(SAMSUNG MOBILES,1): Next Quarter Begins 
INFO:root:[Seller]: (SAMSUNG MOBILES,1) CEO selected advert_type as BASIC for Note
INFO:root:[Seller]: (SAMSUNG MOBILES,1) CEO selected advert scale 50
INFO:root:[Seller]: (SAMSUNG MOBILES,1) Revenue in previous quarter:0
INFO:root:[Seller]: (SAMSUNG MOBILES,1) Expenses in previous quarter:0
INFO:root:[Seller]: (SAMSUNG MOBILES,1) Profit in previous quarter:0
INFO:root:[Seller]: (SAMSUNG MOBILES,1) Sentiment for Note in previous quarter:1
INFO:root:[GoogleAds]: Google pushed the BASIC Ad for product Note to users Bette Brown, Kyle Johnson, Bette Brown, Kay Medina, Ann Pacheco 
INFO:root:[GoogleAds]: Google billed the Seller {'APPLE INC': [25, 25], 'SAMSUNG MOBILES': [25]}  
INFO:root:[Seller]:Seller SONY Created
INFO:root:[Market]:Seller SONY is registered in the market with the product Xperia 
INFO:root:[Seller]:Seller SONY started Trading
INFO:root:[Seller]:(SONY,1): Next Quarter Begins 
INFO:root:[Seller]: (SONY,1) CEO selected advert_type as BASIC for Xperia
INFO:root:[Seller]: (SONY,1) CEO selected advert scale 50
INFO:root:[Seller]: (SONY,1) Revenue in previous quarter:0
INFO:root:[Seller]: (SONY,1) Expenses in previous quarter:0
INFO:root:[Seller]: (SONY,1) Profit in previous quarter:0
INFO:root:[Seller]: (SONY,1) Sentiment for Xperia in previous quarter:1
INFO:root:[GoogleAds]: Google pushed the BASIC Ad for product Xperia to users Ann Pacheco, James Sutter, Ann Pacheco, James Sutter, Ann Pacheco 
INFO:root:[GoogleAds]: Google billed the Seller {'APPLE INC': [25, 25], 'SAMSUNG MOBILES': [25], 'SONY': [25]}  
INFO:root:[Customer]:(Ann Pacheco,2): Next Quarter Begins 
INFO:root:[Customer]:(Ann Pacheco,2) currently seeing ads for the Products:[Note, Xperia, iphone11]
INFO:root:[Customer]:(Ann Pacheco,2) Ad Space cleared 
INFO:root:[Customer]:(Kay Medina,2): Next Quarter Begins 
INFO:root:[Customer]:(Kay Medina,2) currently seeing ads for the Products:[Note, iphoneX]
INFO:root:[Customer]:(Kay Medina,2) Ad Space cleared 
INFO:root:[Customer]:(James Sutter,2): Next Quarter Begins 
INFO:root:[Customer]:(James Sutter,2) currently seeing ads for the Products:[Xperia, iphone11, iphoneX]
INFO:root:[Customer]:(James Sutter,2) Ad Space cleared 
INFO:root:[Customer]:(Bette Brown,2): Next Quarter Begins 
INFO:root:[Customer]:(Bette Brown,2) currently seeing ads for the Products:[Note]
INFO:root:[Customer]:(Bette Brown,2) Ad Space cleared 
INFO:root:[Customer]:(Kyle Johnson,2): Next Quarter Begins 
INFO:root:[Customer]:(Kyle Johnson,2) currently seeing ads for the Products:[Note, iphone11]
INFO:root:[Seller]:(APPLE INC,2): Next Quarter Begins 
INFO:root:[Customer]:***(Kyle Johnson,2)bought the new product:[iphone11]
INFO:root:[Seller]: (APPLE INC,2) CEO selected advert_type as BASIC for iphoneX
INFO:root:[Market]:Notify Seller APPLE INC about the sale of product iphone11 
INFO:root:[Seller]: (APPLE INC,2) CEO selected advert_type as BASIC for iphone11
INFO:root:[Market]:Get the amount $ 350 from buyer Kyle Johnson for product iphone11 
INFO:root:[Seller]: (APPLE INC,2) CEO selected advert scale 47
INFO:root:[GoogleAds]: Google purchase history ('iphoneX', []) 
INFO:root:[Seller]: (APPLE INC,2) Revenue in previous quarter:0
INFO:root:[GoogleAds]: Google purchase history ('iphone11', ['Kyle Johnson']) 
INFO:root:[Seller]: (APPLE INC,2) Expenses in previous quarter:50
INFO:root:[GoogleAds]: Google purchase history ('Note', []) 
INFO:root:[Seller]: (APPLE INC,2) Profit in previous quarter:-50
INFO:root:[Seller]: (APPLE INC,2) Sentiment for iphoneX in previous quarter:1
INFO:root:[Seller]: (APPLE INC,2) Sentiment for iphone11 in previous quarter:1
INFO:root:[GoogleAds]: Google purchase history ('Xperia', []) 
INFO:root:[Market]:Add buyer Kyle Johnson purchased the product iphone11 to google Add track history
INFO:root:[Customer]:(Kyle Johnson,2) Ad Space cleared 
INFO:root:[GoogleAds]: Google pushed the BASIC Ad for product iphoneX to users Ann Pacheco, Bette Brown, Kyle Johnson, Ann Pacheco, Ann Pacheco 
INFO:root:[Twitter]:History of Twitter post ('iphoneX', []) 
INFO:root:[Twitter]:History of Twitter post ('iphone11', [('Kyle Johnson', 'POSITIVE')]) 
INFO:root:[Twitter]:History of Twitter post ('Note', []) 
INFO:root:[Twitter]:History of Twitter post ('Xperia', []) 
INFO:root:[Customer]:(Kyle Johnson,2) Posted POSITIVE tweet for the product iphone11
INFO:root:[GoogleAds]: Google billed the Seller {'APPLE INC': [25, 25, 25], 'SAMSUNG MOBILES': [25], 'SONY': [25]}  
INFO:root:[GoogleAds]: Google pushed the BASIC Ad for product iphone11 to users Kay Medina, Kyle Johnson, James Sutter, James Sutter, Ann Pacheco 
INFO:root:[GoogleAds]: Google billed the Seller {'APPLE INC': [25, 25, 25, 25], 'SAMSUNG MOBILES': [25], 'SONY': [25]}  
INFO:root:[Seller]:(SAMSUNG MOBILES,2): Next Quarter Begins 
INFO:root:[Seller]:(SONY,2): Next Quarter Begins 
INFO:root:[Seller]: (SAMSUNG MOBILES,2) CEO selected advert_type as BASIC for Note
INFO:root:[Seller]: (SONY,2) CEO selected advert_type as BASIC for Xperia
INFO:root:[Seller]: (SAMSUNG MOBILES,2) CEO selected advert scale 47
INFO:root:[Seller]: (SONY,2) CEO selected advert scale 47
INFO:root:[Seller]: (SAMSUNG MOBILES,2) Revenue in previous quarter:0
INFO:root:[Seller]: (SONY,2) Revenue in previous quarter:0
INFO:root:[Seller]: (SAMSUNG MOBILES,2) Expenses in previous quarter:25
INFO:root:[Seller]: (SONY,2) Expenses in previous quarter:25
INFO:root:[Seller]: (SAMSUNG MOBILES,2) Profit in previous quarter:-25
INFO:root:[Seller]: (SONY,2) Profit in previous quarter:-25
INFO:root:[Seller]: (SAMSUNG MOBILES,2) Sentiment for Note in previous quarter:1
INFO:root:[GoogleAds]: Google pushed the BASIC Ad for product Note to users Ann Pacheco, Kay Medina, Kyle Johnson, James Sutter, Bette Brown 
INFO:root:[GoogleAds]: Google billed the Seller {'APPLE INC': [25, 25, 25, 25], 'SAMSUNG MOBILES': [25, 25], 'SONY': [25]}  
INFO:root:[Seller]: (SONY,2) Sentiment for Xperia in previous quarter:1
INFO:root:[GoogleAds]: Google pushed the BASIC Ad for product Xperia to users Ann Pacheco, Kay Medina, Kyle Johnson, Ann Pacheco, Bette Brown 
INFO:root:[GoogleAds]: Google billed the Seller {'APPLE INC': [25, 25, 25, 25], 'SAMSUNG MOBILES': [25, 25], 'SONY': [25, 25]}  
INFO:root:[Customer]:(Ann Pacheco,3): Next Quarter Begins 
INFO:root:[Customer]:(Ann Pacheco,3) currently seeing ads for the Products:[Note, Xperia, iphone11, iphoneX]
INFO:root:[Customer]:(Ann Pacheco,3) Ad Space cleared 
INFO:root:[Customer]:(Kay Medina,3): Next Quarter Begins 
INFO:root:[Customer]:(Kay Medina,3) currently seeing ads for the Products:[Note, Xperia, iphone11]
INFO:root:[Customer]:***(Kay Medina,3)bought the new product:[Note]
INFO:root:[Market]:Notify Seller SAMSUNG MOBILES about the sale of product Note 
INFO:root:[Market]:Get the amount $ 200 from buyer Kay Medina for product Note 
INFO:root:[GoogleAds]: Google purchase history ('iphoneX', []) 
INFO:root:[GoogleAds]: Google purchase history ('iphone11', ['Kyle Johnson']) 
INFO:root:[GoogleAds]: Google purchase history ('Note', ['Kay Medina']) 
INFO:root:[GoogleAds]: Google purchase history ('Xperia', []) 
INFO:root:[Market]:Add buyer Kay Medina purchased the product Note to google Add track history
INFO:root:[Customer]:(Kay Medina,3) Ad Space cleared 
INFO:root:[Customer]:(Bette Brown,3): Next Quarter Begins 
INFO:root:[Customer]:(James Sutter,3): Next Quarter Begins 
INFO:root:[Customer]:(James Sutter,3) currently seeing ads for the Products:[Note, iphone11]
INFO:root:[Customer]:***(James Sutter,3)bought the new product:[iphone11]
INFO:root:[Market]:Notify Seller APPLE INC about the sale of product iphone11 
INFO:root:[Customer]:(Bette Brown,3) currently seeing ads for the Products:[Note, Xperia, iphoneX]
INFO:root:[Customer]:***(Bette Brown,3)bought the new product:[Xperia]
INFO:root:[Market]:Notify Seller SONY about the sale of product Xperia 
INFO:root:[Market]:Get the amount $ 100 from buyer Bette Brown for product Xperia 
INFO:root:[GoogleAds]: Google purchase history ('iphoneX', []) 
INFO:root:[GoogleAds]: Google purchase history ('iphone11', ['Kyle Johnson']) 
INFO:root:[GoogleAds]: Google purchase history ('Note', ['Kay Medina']) 
INFO:root:[GoogleAds]: Google purchase history ('Xperia', ['Bette Brown']) 
INFO:root:[Market]:Add buyer Bette Brown purchased the product Xperia to google Add track history
INFO:root:[Customer]:***(Bette Brown,3)bought the new product:[iphoneX]
INFO:root:[Market]:Notify Seller APPLE INC about the sale of product iphoneX 
INFO:root:[Market]:Get the amount $ 300 from buyer Bette Brown for product iphoneX 
INFO:root:[GoogleAds]: Google purchase history ('iphoneX', ['Bette Brown']) 
INFO:root:[GoogleAds]: Google purchase history ('iphone11', ['Kyle Johnson']) 
INFO:root:[GoogleAds]: Google purchase history ('Note', ['Kay Medina']) 
INFO:root:[GoogleAds]: Google purchase history ('Xperia', ['Bette Brown']) 
INFO:root:[Market]:Add buyer Bette Brown purchased the product iphoneX to google Add track history
INFO:root:[Market]:Get the amount $ 350 from buyer James Sutter for product iphone11 
INFO:root:[Customer]:(Bette Brown,3) Ad Space cleared 
INFO:root:[GoogleAds]: Google purchase history ('iphoneX', ['Bette Brown']) 
INFO:root:[Twitter]:History of Twitter post ('iphoneX', [('Bette Brown', 'POSITIVE')]) 
INFO:root:[GoogleAds]: Google purchase history ('iphone11', ['Kyle Johnson', 'James Sutter']) 
INFO:root:[GoogleAds]: Google purchase history ('Note', ['Kay Medina']) 
INFO:root:[GoogleAds]: Google purchase history ('Xperia', ['Bette Brown']) 
INFO:root:[Market]:Add buyer James Sutter purchased the product iphone11 to google Add track history
INFO:root:[Twitter]:History of Twitter post ('iphone11', [('Kyle Johnson', 'POSITIVE')]) 
INFO:root:[Customer]:(James Sutter,3) Ad Space cleared 
INFO:root:[Twitter]:History of Twitter post ('Note', []) 
INFO:root:[Twitter]:History of Twitter post ('Xperia', []) 
INFO:root:[Customer]:(Bette Brown,3) Posted POSITIVE tweet for the product iphoneX
INFO:root:[Customer]:(Kyle Johnson,3): Next Quarter Begins 
INFO:root:[Customer]:(Kyle Johnson,3) currently seeing ads for the Products:[Note, Xperia, iphone11, iphoneX]
INFO:root:[Customer]:(Kyle Johnson,3) Ad Space cleared 
INFO:root:[Seller]:(APPLE INC,3): Next Quarter Begins 
INFO:root:[Seller]: (APPLE INC,3) CEO selected advert_type as BASIC for iphoneX
INFO:root:[Seller]: (APPLE INC,3) CEO selected advert_type as BASIC for iphone11
INFO:root:[Seller]: (APPLE INC,3) CEO selected advert scale 95
INFO:root:[Seller]: (APPLE INC,3) Revenue in previous quarter:1000
INFO:root:[Seller]: (APPLE INC,3) Expenses in previous quarter:50
INFO:root:[Seller]: (APPLE INC,3) Profit in previous quarter:950
INFO:root:[Seller]: (APPLE INC,3) Sentiment for iphoneX in previous quarter:1
INFO:root:[Seller]: (APPLE INC,3) Sentiment for iphone11 in previous quarter:1
INFO:root:[GoogleAds]: Google pushed the BASIC Ad for product iphoneX to users James Sutter, Kyle Johnson, Kay Medina, James Sutter, Ann Pacheco 
INFO:root:[GoogleAds]: Google billed the Seller {'APPLE INC': [25, 25, 25, 25, 25], 'SAMSUNG MOBILES': [25, 25], 'SONY': [25, 25]}  
INFO:root:[GoogleAds]: Google pushed the BASIC Ad for product iphone11 to users Kyle Johnson, James Sutter, Kay Medina, James Sutter, James Sutter 
INFO:root:[GoogleAds]: Google billed the Seller {'APPLE INC': [25, 25, 25, 25, 25, 25], 'SAMSUNG MOBILES': [25, 25], 'SONY': [25, 25]}  
INFO:root:[Seller]:(SAMSUNG MOBILES,3): Next Quarter Begins 
INFO:root:[Seller]: (SAMSUNG MOBILES,3) CEO selected advert_type as BASIC for Note
INFO:root:[Seller]: (SAMSUNG MOBILES,3) CEO selected advert scale 65
INFO:root:[Seller]: (SAMSUNG MOBILES,3) Revenue in previous quarter:200
INFO:root:[Seller]: (SAMSUNG MOBILES,3) Expenses in previous quarter:25
INFO:root:[Seller]: (SAMSUNG MOBILES,3) Profit in previous quarter:175
INFO:root:[Seller]: (SAMSUNG MOBILES,3) Sentiment for Note in previous quarter:1
INFO:root:[GoogleAds]: Google pushed the BASIC Ad for product Note to users Kay Medina, Ann Pacheco, Kyle Johnson, Kay Medina, Kyle Johnson 
INFO:root:[GoogleAds]: Google billed the Seller {'APPLE INC': [25, 25, 25, 25, 25, 25], 'SAMSUNG MOBILES': [25, 25, 25], 'SONY': [25, 25]}  
INFO:root:[Seller]:(SONY,3): Next Quarter Begins 
INFO:root:[Seller]: (SONY,3) CEO selected advert_type as BASIC for Xperia
INFO:root:[Seller]: (SONY,3) CEO selected advert scale 55
INFO:root:[Seller]: (SONY,3) Revenue in previous quarter:100
INFO:root:[Seller]: (SONY,3) Expenses in previous quarter:25
INFO:root:[Seller]: (SONY,3) Profit in previous quarter:75
INFO:root:[Seller]: (SONY,3) Sentiment for Xperia in previous quarter:1
INFO:root:[GoogleAds]: Google pushed the BASIC Ad for product Xperia to users Ann Pacheco, Ann Pacheco, Ann Pacheco, Ann Pacheco, James Sutter 
INFO:root:[GoogleAds]: Google billed the Seller {'APPLE INC': [25, 25, 25, 25, 25, 25], 'SAMSUNG MOBILES': [25, 25, 25], 'SONY': [25, 25, 25]}  
INFO:root:[Customer]:(Ann Pacheco,4): Next Quarter Begins 
INFO:root:[Customer]:(Ann Pacheco,4) currently seeing ads for the Products:[Note, Xperia, iphoneX]
INFO:root:[Customer]:(Ann Pacheco,4) Ad Space cleared 
INFO:root:[Customer]:(Kay Medina,4): Next Quarter Begins 
INFO:root:[Customer]:(Kay Medina,4) currently seeing ads for the Products:[Note, iphone11, iphoneX]
INFO:root:[Customer]:(Kay Medina,4) Ad Space cleared 
INFO:root:[Customer]:(James Sutter,4): Next Quarter Begins 
INFO:root:[Customer]:(Bette Brown,4): Next Quarter Begins 
INFO:root:[Customer]:(James Sutter,4) currently seeing ads for the Products:[Xperia, iphone11, iphoneX]
INFO:root:[Customer]:(Bette Brown,4) currently seeing ads for the Products:[]
INFO:root:[Customer]:(James Sutter,4) Ad Space cleared 
INFO:root:[Customer]:(Bette Brown,4) Ad Space cleared 
INFO:root:[Twitter]:History of Twitter post ('iphoneX', [('Bette Brown', 'POSITIVE')]) 
INFO:root:[Twitter]:History of Twitter post ('iphoneX', [('Bette Brown', 'POSITIVE')]) 
INFO:root:[Twitter]:History of Twitter post ('iphone11', [('Kyle Johnson', 'POSITIVE'), ('James Sutter', 'POSITIVE')]) 
INFO:root:[Twitter]:History of Twitter post ('iphone11', [('Kyle Johnson', 'POSITIVE'), ('James Sutter', 'POSITIVE')]) 
INFO:root:[Twitter]:History of Twitter post ('Note', []) 
INFO:root:[Twitter]:History of Twitter post ('Xperia', [('Bette Brown', 'NEGATIVE')]) 
INFO:root:[Customer]:(Bette Brown,4) Posted NEGATIVE tweet for the product Xperia
INFO:root:[Twitter]:History of Twitter post ('Note', []) 
INFO:root:[Twitter]:History of Twitter post ('Xperia', [('Bette Brown', 'NEGATIVE')]) 
INFO:root:[Customer]:(James Sutter,4) Posted POSITIVE tweet for the product iphone11
INFO:root:[Customer]:(Kyle Johnson,4): Next Quarter Begins 
INFO:root:[Customer]:(Kyle Johnson,4) currently seeing ads for the Products:[Note, iphone11, iphoneX]
INFO:root:[Customer]:***(Kyle Johnson,4)bought the new product:[Note]
INFO:root:[Customer]:(Kyle Johnson,4) Ad Space cleared 
INFO:root:[Twitter]:History of Twitter post ('iphoneX', [('Bette Brown', 'POSITIVE')]) 
INFO:root:[Twitter]:History of Twitter post ('iphone11', [('Kyle Johnson', 'POSITIVE'), ('James Sutter', 'POSITIVE'), ('Kyle Johnson', 'POSITIVE')]) 
INFO:root:[Twitter]:History of Twitter post ('Note', []) 
INFO:root:[Twitter]:History of Twitter post ('Xperia', [('Bette Brown', 'NEGATIVE')]) 
INFO:root:[Customer]:(Kyle Johnson,4) Posted POSITIVE tweet for the product iphone11
INFO:root:[Seller]:(APPLE INC,4): Next Quarter Begins 
INFO:root:[Seller]: (APPLE INC,4) CEO selected advert_type as BASIC for iphoneX
INFO:root:[Seller]: (APPLE INC,4) CEO selected advert_type as BASIC for iphone11
INFO:root:[Seller]: (APPLE INC,4) CEO selected advert scale 92
INFO:root:[Seller]: (APPLE INC,4) Revenue in previous quarter:0
INFO:root:[Seller]: (APPLE INC,4) Expenses in previous quarter:50
INFO:root:[Seller]: (APPLE INC,4) Profit in previous quarter:-50
INFO:root:[Seller]: (APPLE INC,4) Sentiment for iphoneX in previous quarter:1
INFO:root:[Seller]: (APPLE INC,4) Sentiment for iphone11 in previous quarter:1
INFO:root:[GoogleAds]: Google pushed the BASIC Ad for product iphoneX to users Kay Medina, Kyle Johnson, James Sutter, Kyle Johnson, Kyle Johnson 
INFO:root:[GoogleAds]: Google billed the Seller {'APPLE INC': [25, 25, 25, 25, 25, 25, 25], 'SAMSUNG MOBILES': [25, 25, 25], 'SONY': [25, 25, 25]}  
INFO:root:[GoogleAds]: Google pushed the BASIC Ad for product iphone11 to users James Sutter, James Sutter, James Sutter, Kyle Johnson, Kay Medina 
INFO:root:[GoogleAds]: Google billed the Seller {'APPLE INC': [25, 25, 25, 25, 25, 25, 25, 25], 'SAMSUNG MOBILES': [25, 25, 25], 'SONY': [25, 25, 25]}  
INFO:root:[Seller]:(SAMSUNG MOBILES,4): Next Quarter Begins 
INFO:root:[Seller]: (SAMSUNG MOBILES,4) CEO selected advert_type as BASIC for Note
INFO:root:[Seller]: (SAMSUNG MOBILES,4) CEO selected advert scale 62
INFO:root:[Seller]: (SAMSUNG MOBILES,4) Revenue in previous quarter:0
INFO:root:[Seller]: (SAMSUNG MOBILES,4) Expenses in previous quarter:25
INFO:root:[Seller]: (SAMSUNG MOBILES,4) Profit in previous quarter:-25
INFO:root:[Seller]: (SAMSUNG MOBILES,4) Sentiment for Note in previous quarter:1
INFO:root:[GoogleAds]: Google pushed the BASIC Ad for product Note to users Bette Brown, James Sutter, Kyle Johnson, James Sutter, Kyle Johnson 
INFO:root:[GoogleAds]: Google billed the Seller {'APPLE INC': [25, 25, 25, 25, 25, 25, 25, 25], 'SAMSUNG MOBILES': [25, 25, 25, 25], 'SONY': [25, 25, 25]}  
INFO:root:[Seller]:(SONY,4): Next Quarter Begins 
INFO:root:[Seller]: (SONY,4) CEO selected advert_type as BASIC for Xperia
INFO:root:[Seller]: (SONY,4) CEO selected advert scale 52
INFO:root:[Seller]: (SONY,4) Revenue in previous quarter:0
INFO:root:[Seller]: (SONY,4) Expenses in previous quarter:25
INFO:root:[Seller]: (SONY,4) Profit in previous quarter:-25
INFO:root:[Seller]: (SONY,4) Sentiment for Xperia in previous quarter:0
INFO:root:[GoogleAds]: Google pushed the BASIC Ad for product Xperia to users Kyle Johnson, Ann Pacheco, Kyle Johnson, James Sutter, Bette Brown 
INFO:root:[GoogleAds]: Google billed the Seller {'APPLE INC': [25, 25, 25, 25, 25, 25, 25, 25], 'SAMSUNG MOBILES': [25, 25, 25, 25], 'SONY': [25, 25, 25, 25]}  
INFO:root:[Customer]:(Ann Pacheco,5): Next Quarter Begins 
INFO:root:[Customer]:(Ann Pacheco,5) currently seeing ads for the Products:[Xperia]
INFO:root:[Customer]:###(Ann Pacheco,5)doesn't buy any products 
INFO:root:[Customer]:(Ann Pacheco,5) Ad Space cleared 
INFO:root:[Customer]:(Kay Medina,5): Next Quarter Begins 
INFO:root:[Customer]:(Kay Medina,5) currently seeing ads for the Products:[iphone11, iphoneX]
INFO:root:[Customer]:(Kay Medina,5) Ad Space cleared 
INFO:root:[Twitter]:History of Twitter post ('iphoneX', [('Bette Brown', 'POSITIVE')]) 
INFO:root:[Twitter]:History of Twitter post ('iphone11', [('Kyle Johnson', 'POSITIVE'), ('James Sutter', 'POSITIVE'), ('Kyle Johnson', 'POSITIVE')]) 
INFO:root:[Twitter]:History of Twitter post ('Note', [('Kay Medina', 'POSITIVE')]) 
INFO:root:[Twitter]:History of Twitter post ('Xperia', [('Bette Brown', 'NEGATIVE')]) 
INFO:root:[Customer]:(Kay Medina,5) Posted POSITIVE tweet for the product Note
INFO:root:[Customer]:(Bette Brown,5): Next Quarter Begins 
INFO:root:[Customer]:(Bette Brown,5) currently seeing ads for the Products:[Note, Xperia]
INFO:root:[Customer]:###(Bette Brown,5)doesn't buy any products 
INFO:root:[Customer]:(Bette Brown,5) Ad Space cleared 
INFO:root:[Customer]:(James Sutter,5): Next Quarter Begins 
INFO:root:[Customer]:(James Sutter,5) currently seeing ads for the Products:[Note, Xperia, iphone11, iphoneX]
INFO:root:[Customer]:###(James Sutter,5)doesn't buy any products 
INFO:root:[Customer]:(James Sutter,5) Ad Space cleared 
INFO:root:[Customer]:(Kyle Johnson,5): Next Quarter Begins 
INFO:root:[Customer]:(Kyle Johnson,5) currently seeing ads for the Products:[Note, Xperia, iphone11, iphoneX]
INFO:root:[Customer]:###(Kyle Johnson,5)doesn't buy any products 
INFO:root:[Customer]:(Kyle Johnson,5) Ad Space cleared 
INFO:root:[Twitter]:History of Twitter post ('iphoneX', [('Bette Brown', 'POSITIVE')]) 
INFO:root:[Twitter]:History of Twitter post ('iphone11', [('Kyle Johnson', 'POSITIVE'), ('James Sutter', 'POSITIVE'), ('Kyle Johnson', 'POSITIVE'), ('Kyle Johnson', 'POSITIVE')]) 
INFO:root:[Twitter]:History of Twitter post ('Note', [('Kay Medina', 'POSITIVE')]) 
INFO:root:[Twitter]:History of Twitter post ('Xperia', [('Bette Brown', 'NEGATIVE')]) 
INFO:root:[Customer]:(Kyle Johnson,5) Posted POSITIVE tweet for the product iphone11
INFO:root:[Seller]:(APPLE INC,5): Next Quarter Begins 
INFO:root:[Seller]:(SAMSUNG MOBILES,5): Next Quarter Begins 
INFO:root:[Seller]: (APPLE INC,5) CEO selected advert_type as BASIC for iphoneX
INFO:root:[Seller]: (SAMSUNG MOBILES,5) CEO selected advert_type as BASIC for Note
INFO:root:[Seller]: (APPLE INC,5) CEO selected advert_type as BASIC for iphone11
INFO:root:[Seller]: (SAMSUNG MOBILES,5) CEO selected advert scale 60
INFO:root:[Seller]: (APPLE INC,5) CEO selected advert scale 90
INFO:root:[Seller]: (SAMSUNG MOBILES,5) Revenue in previous quarter:0
INFO:root:[Seller]: (APPLE INC,5) Revenue in previous quarter:0
INFO:root:[Seller]: (SAMSUNG MOBILES,5) Expenses in previous quarter:25
INFO:root:[Seller]: (APPLE INC,5) Expenses in previous quarter:50
INFO:root:[Seller]: (SAMSUNG MOBILES,5) Profit in previous quarter:-25
INFO:root:[Seller]: (APPLE INC,5) Profit in previous quarter:-50
INFO:root:[Seller]: (SAMSUNG MOBILES,5) Sentiment for Note in previous quarter:1
INFO:root:[Seller]: (APPLE INC,5) Sentiment for iphoneX in previous quarter:1
INFO:root:[GoogleAds]: Google pushed the BASIC Ad for product Note to users Kyle Johnson, Kyle Johnson, Kyle Johnson, James Sutter, Kyle Johnson 
INFO:root:[Seller]: (APPLE INC,5) Sentiment for iphone11 in previous quarter:1
INFO:root:[GoogleAds]: Google billed the Seller {'APPLE INC': [25, 25, 25, 25, 25, 25, 25, 25], 'SAMSUNG MOBILES': [25, 25, 25, 25, 25], 'SONY': [25, 25, 25, 25]}  
INFO:root:[GoogleAds]: Google pushed the BASIC Ad for product iphoneX to users Bette Brown, Ann Pacheco, Kyle Johnson, Ann Pacheco, Kay Medina 
INFO:root:[GoogleAds]: Google billed the Seller {'APPLE INC': [25, 25, 25, 25, 25, 25, 25, 25, 25], 'SAMSUNG MOBILES': [25, 25, 25, 25, 25], 'SONY': [25, 25, 25, 25]}  
INFO:root:[GoogleAds]: Google pushed the BASIC Ad for product iphone11 to users Ann Pacheco, James Sutter, James Sutter, Bette Brown, Bette Brown 
INFO:root:[GoogleAds]: Google billed the Seller {'APPLE INC': [25, 25, 25, 25, 25, 25, 25, 25, 25, 25], 'SAMSUNG MOBILES': [25, 25, 25, 25, 25], 'SONY': [25, 25, 25, 25]}  
INFO:root:[Seller]:(SONY,5): Next Quarter Begins 
INFO:root:[Seller]: (SONY,5) CEO selected advert_type as BASIC for Xperia
INFO:root:[Seller]: (SONY,5) CEO selected advert scale 50
INFO:root:[Seller]: (SONY,5) Revenue in previous quarter:0
INFO:root:[Seller]: (SONY,5) Expenses in previous quarter:25
INFO:root:[Seller]: (SONY,5) Profit in previous quarter:-25
INFO:root:[Seller]: (SONY,5) Sentiment for Xperia in previous quarter:0
INFO:root:[GoogleAds]: Google pushed the BASIC Ad for product Xperia to users Kyle Johnson, Kyle Johnson, Kay Medina, Kay Medina, Kay Medina 
INFO:root:[GoogleAds]: Google billed the Seller {'APPLE INC': [25, 25, 25, 25, 25, 25, 25, 25, 25, 25], 'SAMSUNG MOBILES': [25, 25, 25, 25, 25], 'SONY': [25, 25, 25, 25, 25]}  
INFO:root:[Customer]:(Ann Pacheco,6): Next Quarter Begins 
INFO:root:[Customer]:(Ann Pacheco,6) currently seeing ads for the Products:[iphone11, iphoneX]
INFO:root:[Customer]:(Ann Pacheco,6) Ad Space cleared 
INFO:root:[Customer]:(Kay Medina,6): Next Quarter Begins 
INFO:root:[Customer]:(Kay Medina,6) currently seeing ads for the Products:[Xperia, iphoneX]
INFO:root:[Customer]:###(Kay Medina,6)doesn't buy any products 
INFO:root:[Customer]:(Kay Medina,6) Ad Space cleared 
INFO:root:[Customer]:(Bette Brown,6): Next Quarter Begins 
INFO:root:[Customer]:(James Sutter,6): Next Quarter Begins 
INFO:root:[Customer]:(Bette Brown,6) currently seeing ads for the Products:[iphone11, iphoneX]
INFO:root:[Customer]:(James Sutter,6) currently seeing ads for the Products:[Note, iphone11]
INFO:root:[Customer]:(Bette Brown,6) Ad Space cleared 
INFO:root:[Customer]:(James Sutter,6) Ad Space cleared 
INFO:root:[Customer]:(Kyle Johnson,6): Next Quarter Begins 
INFO:root:[Customer]:(Kyle Johnson,6) currently seeing ads for the Products:[Note, Xperia, iphoneX]
INFO:root:[Customer]:###(Kyle Johnson,6)doesn't buy any products 
INFO:root:[Customer]:(Kyle Johnson,6) Ad Space cleared 
INFO:root:[Twitter]:History of Twitter post ('iphoneX', [('Bette Brown', 'POSITIVE')]) 
INFO:root:[Twitter]:History of Twitter post ('iphone11', [('Kyle Johnson', 'POSITIVE'), ('James Sutter', 'POSITIVE'), ('Kyle Johnson', 'POSITIVE'), ('Kyle Johnson', 'POSITIVE'), ('Kyle Johnson', 'POSITIVE')]) 
INFO:root:[Twitter]:History of Twitter post ('Note', [('Kay Medina', 'POSITIVE')]) 
INFO:root:[Twitter]:History of Twitter post ('Xperia', [('Bette Brown', 'NEGATIVE')]) 
INFO:root:[Customer]:(Kyle Johnson,6) Posted POSITIVE tweet for the product iphone11
INFO:root:[Seller]:(SAMSUNG MOBILES,6): Next Quarter Begins 
INFO:root:[Seller]: (SAMSUNG MOBILES,6) CEO selected advert_type as BASIC for Note
INFO:root:[Seller]:(APPLE INC,6): Next Quarter Begins 
INFO:root:[Seller]: (SAMSUNG MOBILES,6) CEO selected advert scale 57
INFO:root:[Seller]: (APPLE INC,6) CEO selected advert_type as BASIC for iphoneX
INFO:root:[Seller]: (SAMSUNG MOBILES,6) Revenue in previous quarter:0
INFO:root:[Seller]: (SAMSUNG MOBILES,6) Expenses in previous quarter:25
INFO:root:[Seller]: (APPLE INC,6) CEO selected advert_type as BASIC for iphone11
INFO:root:[Seller]: (SAMSUNG MOBILES,6) Profit in previous quarter:-25
INFO:root:[Seller]: (APPLE INC,6) CEO selected advert scale 87
INFO:root:[Seller]: (SAMSUNG MOBILES,6) Sentiment for Note in previous quarter:1
INFO:root:[Seller]: (APPLE INC,6) Revenue in previous quarter:0
INFO:root:[GoogleAds]: Google pushed the BASIC Ad for product Note to users Bette Brown, Ann Pacheco, Kay Medina, James Sutter, Kay Medina 
INFO:root:[Seller]: (APPLE INC,6) Expenses in previous quarter:50
INFO:root:[GoogleAds]: Google billed the Seller {'APPLE INC': [25, 25, 25, 25, 25, 25, 25, 25, 25, 25], 'SAMSUNG MOBILES': [25, 25, 25, 25, 25, 25], 'SONY': [25, 25, 25, 25, 25]}  
INFO:root:[Seller]: (APPLE INC,6) Profit in previous quarter:-50
INFO:root:[Seller]: (APPLE INC,6) Sentiment for iphoneX in previous quarter:1
INFO:root:[Seller]: (APPLE INC,6) Sentiment for iphone11 in previous quarter:1
INFO:root:[GoogleAds]: Google pushed the BASIC Ad for product iphoneX to users Kyle Johnson, Kyle Johnson, Bette Brown, Kay Medina, Ann Pacheco 
INFO:root:[GoogleAds]: Google billed the Seller {'APPLE INC': [25, 25, 25, 25, 25, 25, 25, 25, 25, 25, 25], 'SAMSUNG MOBILES': [25, 25, 25, 25, 25, 25], 'SONY': [25, 25, 25, 25, 25]}  
INFO:root:[GoogleAds]: Google pushed the BASIC Ad for product iphone11 to users Bette Brown, Bette Brown, Kyle Johnson, Bette Brown, Ann Pacheco 
INFO:root:[GoogleAds]: Google billed the Seller {'APPLE INC': [25, 25, 25, 25, 25, 25, 25, 25, 25, 25, 25, 25], 'SAMSUNG MOBILES': [25, 25, 25, 25, 25, 25], 'SONY': [25, 25, 25, 25, 25]}  
INFO:root:[Seller]:(SONY,6): Next Quarter Begins 
INFO:root:[Seller]: (SONY,6) CEO selected advert_type as BASIC for Xperia
INFO:root:[Seller]: (SONY,6) CEO selected advert scale 47
INFO:root:[Seller]: (SONY,6) Revenue in previous quarter:0
INFO:root:[Seller]: (SONY,6) Expenses in previous quarter:25
INFO:root:[Seller]: (SONY,6) Profit in previous quarter:-25
INFO:root:[Seller]: (SONY,6) Sentiment for Xperia in previous quarter:0
INFO:root:[GoogleAds]: Google pushed the BASIC Ad for product Xperia to users Bette Brown, James Sutter, Bette Brown, Ann Pacheco, James Sutter 
INFO:root:[GoogleAds]: Google billed the Seller {'APPLE INC': [25, 25, 25, 25, 25, 25, 25, 25, 25, 25, 25, 25], 'SAMSUNG MOBILES': [25, 25, 25, 25, 25, 25], 'SONY': [25, 25, 25, 25, 25, 25]}  
INFO:root:[Customer]:(Ann Pacheco,7): Next Quarter Begins 
INFO:root:[Customer]:(Ann Pacheco,7) currently seeing ads for the Products:[Note, Xperia, iphone11, iphoneX]
INFO:root:[Customer]:###(Ann Pacheco,7)doesn't buy any products 
INFO:root:[Customer]:(Ann Pacheco,7) Ad Space cleared 
INFO:root:[Customer]:(Kay Medina,7): Next Quarter Begins 
INFO:root:[Customer]:(Kay Medina,7) currently seeing ads for the Products:[Note, iphoneX]
INFO:root:[Customer]:(Kay Medina,7) Ad Space cleared 
INFO:root:[Customer]:(Bette Brown,7): Next Quarter Begins 
INFO:root:[Customer]:(Kyle Johnson,7): Next Quarter Begins 
INFO:root:[Customer]:(James Sutter,7): Next Quarter Begins 
INFO:root:[Customer]:(Bette Brown,7) currently seeing ads for the Products:[Note, Xperia, iphone11, iphoneX]
INFO:root:[Customer]:(Kyle Johnson,7) currently seeing ads for the Products:[iphone11, iphoneX]
INFO:root:[Customer]:(James Sutter,7) currently seeing ads for the Products:[Note, Xperia]
INFO:root:[Customer]:###(Bette Brown,7)doesn't buy any products 
INFO:root:[Customer]:(Kyle Johnson,7) Ad Space cleared 
INFO:root:[Customer]:###(James Sutter,7)doesn't buy any products 
INFO:root:[Customer]:(Bette Brown,7) Ad Space cleared 
INFO:root:[Customer]:(James Sutter,7) Ad Space cleared 
INFO:root:[Twitter]:History of Twitter post ('iphoneX', [('Bette Brown', 'POSITIVE'), ('Bette Brown', 'POSITIVE')]) 
INFO:root:[Twitter]:History of Twitter post ('iphoneX', [('Bette Brown', 'POSITIVE'), ('Bette Brown', 'POSITIVE')]) 
INFO:root:[Twitter]:History of Twitter post ('iphone11', [('Kyle Johnson', 'POSITIVE'), ('James Sutter', 'POSITIVE'), ('Kyle Johnson', 'POSITIVE'), ('Kyle Johnson', 'POSITIVE'), ('Kyle Johnson', 'POSITIVE'), ('James Sutter', 'POSITIVE')]) 
INFO:root:[Twitter]:History of Twitter post ('iphone11', [('Kyle Johnson', 'POSITIVE'), ('James Sutter', 'POSITIVE'), ('Kyle Johnson', 'POSITIVE'), ('Kyle Johnson', 'POSITIVE'), ('Kyle Johnson', 'POSITIVE'), ('James Sutter', 'POSITIVE')]) 
INFO:root:[Twitter]:History of Twitter post ('Note', [('Kay Medina', 'POSITIVE')]) 
INFO:root:[Twitter]:History of Twitter post ('Note', [('Kay Medina', 'POSITIVE')]) 
INFO:root:[Twitter]:History of Twitter post ('Xperia', [('Bette Brown', 'NEGATIVE')]) 
INFO:root:[Twitter]:History of Twitter post ('Xperia', [('Bette Brown', 'NEGATIVE')]) 
INFO:root:[Customer]:(Bette Brown,7) Posted POSITIVE tweet for the product iphoneX
INFO:root:[Customer]:(James Sutter,7) Posted POSITIVE tweet for the product iphone11
INFO:root:[Seller]:(SAMSUNG MOBILES,7): Next Quarter Begins 
INFO:root:[Seller]:(APPLE INC,7): Next Quarter Begins 
INFO:root:[Seller]: (SAMSUNG MOBILES,7) CEO selected advert_type as BASIC for Note
INFO:root:[Seller]: (APPLE INC,7) CEO selected advert_type as BASIC for iphoneX
INFO:root:[Seller]: (SAMSUNG MOBILES,7) CEO selected advert scale 55
INFO:root:[Seller]: (APPLE INC,7) CEO selected advert_type as BASIC for iphone11
INFO:root:[Seller]: (SAMSUNG MOBILES,7) Revenue in previous quarter:0
INFO:root:[Seller]: (APPLE INC,7) CEO selected advert scale 85
INFO:root:[Seller]: (SAMSUNG MOBILES,7) Expenses in previous quarter:25
INFO:root:[Seller]: (APPLE INC,7) Revenue in previous quarter:0
INFO:root:[Seller]: (SAMSUNG MOBILES,7) Profit in previous quarter:-25
INFO:root:[Seller]: (APPLE INC,7) Expenses in previous quarter:50
INFO:root:[Seller]: (SAMSUNG MOBILES,7) Sentiment for Note in previous quarter:1
INFO:root:[Seller]: (APPLE INC,7) Profit in previous quarter:-50
INFO:root:[GoogleAds]: Google pushed the BASIC Ad for product Note to users Ann Pacheco, Ann Pacheco, Bette Brown, James Sutter, Bette Brown 
INFO:root:[Seller]: (APPLE INC,7) Sentiment for iphoneX in previous quarter:1
INFO:root:[Seller]:(SONY,7): Next Quarter Begins 
INFO:root:[GoogleAds]: Google billed the Seller {'APPLE INC': [25, 25, 25, 25, 25, 25, 25, 25, 25, 25, 25, 25], 'SAMSUNG MOBILES': [25, 25, 25, 25, 25, 25, 25], 'SONY': [25, 25, 25, 25, 25, 25]}  
INFO:root:[Seller]: (APPLE INC,7) Sentiment for iphone11 in previous quarter:1
INFO:root:[Seller]: (SONY,7) CEO selected advert_type as BASIC for Xperia
INFO:root:[GoogleAds]: Google pushed the BASIC Ad for product iphoneX to users Kay Medina, Kyle Johnson, Ann Pacheco, Kyle Johnson, Ann Pacheco 
INFO:root:[Seller]: (SONY,7) CEO selected advert scale 45
INFO:root:[GoogleAds]: Google billed the Seller {'APPLE INC': [25, 25, 25, 25, 25, 25, 25, 25, 25, 25, 25, 25, 25], 'SAMSUNG MOBILES': [25, 25, 25, 25, 25, 25, 25], 'SONY': [25, 25, 25, 25, 25, 25]}  
INFO:root:[Seller]: (SONY,7) Revenue in previous quarter:0
INFO:root:[GoogleAds]: Google pushed the BASIC Ad for product iphone11 to users Bette Brown, Kyle Johnson, James Sutter, Ann Pacheco, James Sutter 
INFO:root:[Seller]: (SONY,7) Expenses in previous quarter:25
INFO:root:[GoogleAds]: Google billed the Seller {'APPLE INC': [25, 25, 25, 25, 25, 25, 25, 25, 25, 25, 25, 25, 25, 25], 'SAMSUNG MOBILES': [25, 25, 25, 25, 25, 25, 25], 'SONY': [25, 25, 25, 25, 25, 25]}  
INFO:root:[Seller]: (SONY,7) Profit in previous quarter:-25
INFO:root:[Seller]: (SONY,7) Sentiment for Xperia in previous quarter:0
INFO:root:[GoogleAds]: Google pushed the BASIC Ad for product Xperia to users Kyle Johnson, Ann Pacheco, Bette Brown, James Sutter, Kyle Johnson 
INFO:root:[GoogleAds]: Google billed the Seller {'APPLE INC': [25, 25, 25, 25, 25, 25, 25, 25, 25, 25, 25, 25, 25, 25], 'SAMSUNG MOBILES': [25, 25, 25, 25, 25, 25, 25], 'SONY': [25, 25, 25, 25, 25, 25, 25]}  
INFO:root:[Customer]:(Ann Pacheco,8): Next Quarter Begins 
INFO:root:[Customer]:(Ann Pacheco,8) currently seeing ads for the Products:[Note, Xperia, iphone11, iphoneX]
INFO:root:[Customer]:###(Ann Pacheco,8)doesn't buy any products 
INFO:root:[Customer]:(Ann Pacheco,8) Ad Space cleared 
INFO:root:[Customer]:(Kay Medina,8): Next Quarter Begins 
INFO:root:[Customer]:(Kay Medina,8) currently seeing ads for the Products:[iphoneX]
INFO:root:[Customer]:(Kay Medina,8) Ad Space cleared 
INFO:root:[Customer]:(Kyle Johnson,8): Next Quarter Begins 
INFO:root:[Customer]:(Kyle Johnson,8) currently seeing ads for the Products:[Xperia, iphone11, iphoneX]
INFO:root:[Customer]:###(Kyle Johnson,8)doesn't buy any products 
INFO:root:[Customer]:(Kyle Johnson,8) Ad Space cleared 
INFO:root:[Customer]:(Bette Brown,8): Next Quarter Begins 
INFO:root:[Customer]:(James Sutter,8): Next Quarter Begins 
INFO:root:[Customer]:(Bette Brown,8) currently seeing ads for the Products:[Note, Xperia, iphone11]
INFO:root:[Customer]:(James Sutter,8) currently seeing ads for the Products:[Note, Xperia, iphone11]
INFO:root:[Customer]:###(Bette Brown,8)doesn't buy any products 
INFO:root:[Customer]:###(James Sutter,8)doesn't buy any products 
INFO:root:[Customer]:(Bette Brown,8) Ad Space cleared 
INFO:root:[Customer]:(James Sutter,8) Ad Space cleared 
INFO:root:[Twitter]:History of Twitter post ('iphoneX', [('Bette Brown', 'POSITIVE'), ('Bette Brown', 'POSITIVE')]) 
INFO:root:[Twitter]:History of Twitter post ('iphone11', [('Kyle Johnson', 'POSITIVE'), ('James Sutter', 'POSITIVE'), ('Kyle Johnson', 'POSITIVE'), ('Kyle Johnson', 'POSITIVE'), ('Kyle Johnson', 'POSITIVE'), ('James Sutter', 'POSITIVE'), ('James Sutter', 'POSITIVE')]) 
INFO:root:[Twitter]:History of Twitter post ('Note', [('Kay Medina', 'POSITIVE')]) 
INFO:root:[Twitter]:History of Twitter post ('Xperia', [('Bette Brown', 'NEGATIVE')]) 
INFO:root:[Customer]:(James Sutter,8) Posted POSITIVE tweet for the product iphone11
INFO:root:[Seller]:(SAMSUNG MOBILES,8): Next Quarter Begins 
INFO:root:[Seller]:(APPLE INC,8): Next Quarter Begins 
INFO:root:[Seller]:(SONY,8): Next Quarter Begins 
INFO:root:[Seller]: (SAMSUNG MOBILES,8) CEO selected advert_type as BASIC for Note
INFO:root:[Seller]: (APPLE INC,8) CEO selected advert_type as BASIC for iphoneX
INFO:root:[Seller]: (SONY,8) CEO selected advert_type as BASIC for Xperia
INFO:root:[Seller]: (SAMSUNG MOBILES,8) CEO selected advert scale 52
INFO:root:[Seller]: (APPLE INC,8) CEO selected advert_type as BASIC for iphone11
INFO:root:[Seller]: (SONY,8) CEO selected advert scale 42
INFO:root:[Seller]: (SAMSUNG MOBILES,8) Revenue in previous quarter:0
INFO:root:[Seller]: (APPLE INC,8) CEO selected advert scale 82
INFO:root:[Seller]: (SONY,8) Revenue in previous quarter:0
INFO:root:[Seller]: (SAMSUNG MOBILES,8) Expenses in previous quarter:25
INFO:root:[Seller]: (APPLE INC,8) Revenue in previous quarter:0
INFO:root:[Seller]: (SONY,8) Expenses in previous quarter:25
INFO:root:[Seller]: (SAMSUNG MOBILES,8) Profit in previous quarter:-25
INFO:root:[Seller]: (APPLE INC,8) Expenses in previous quarter:50
INFO:root:[Seller]: (SONY,8) Profit in previous quarter:-25
INFO:root:[Seller]: (SAMSUNG MOBILES,8) Sentiment for Note in previous quarter:1
INFO:root:[Seller]: (APPLE INC,8) Profit in previous quarter:-50
INFO:root:[Seller]: (SONY,8) Sentiment for Xperia in previous quarter:0
INFO:root:[GoogleAds]: Google pushed the BASIC Ad for product Note to users Ann Pacheco, James Sutter, Bette Brown, Kyle Johnson, Bette Brown 
INFO:root:[Seller]: (APPLE INC,8) Sentiment for iphoneX in previous quarter:1
INFO:root:[GoogleAds]: Google billed the Seller {'APPLE INC': [25, 25, 25, 25, 25, 25, 25, 25, 25, 25, 25, 25, 25, 25], 'SAMSUNG MOBILES': [25, 25, 25, 25, 25, 25, 25, 25], 'SONY': [25, 25, 25, 25, 25, 25, 25]}  
INFO:root:[Seller]: (APPLE INC,8) Sentiment for iphone11 in previous quarter:1
INFO:root:[GoogleAds]: Google pushed the BASIC Ad for product Xperia to users Kay Medina, Ann Pacheco, Bette Brown, Kyle Johnson, Kyle Johnson 
INFO:root:[GoogleAds]: Google billed the Seller {'APPLE INC': [25, 25, 25, 25, 25, 25, 25, 25, 25, 25, 25, 25, 25, 25], 'SAMSUNG MOBILES': [25, 25, 25, 25, 25, 25, 25, 25], 'SONY': [25, 25, 25, 25, 25, 25, 25, 25]}  
INFO:root:[GoogleAds]: Google pushed the BASIC Ad for product iphoneX to users James Sutter, Kyle Johnson, Ann Pacheco, James Sutter, Kyle Johnson 
INFO:root:[GoogleAds]: Google billed the Seller {'APPLE INC': [25, 25, 25, 25, 25, 25, 25, 25, 25, 25, 25, 25, 25, 25, 25], 'SAMSUNG MOBILES': [25, 25, 25, 25, 25, 25, 25, 25], 'SONY': [25, 25, 25, 25, 25, 25, 25, 25]}  
INFO:root:[GoogleAds]: Google pushed the BASIC Ad for product iphone11 to users Kyle Johnson, Ann Pacheco, James Sutter, Bette Brown, Ann Pacheco 
INFO:root:[GoogleAds]: Google billed the Seller {'APPLE INC': [25, 25, 25, 25, 25, 25, 25, 25, 25, 25, 25, 25, 25, 25, 25, 25], 'SAMSUNG MOBILES': [25, 25, 25, 25, 25, 25, 25, 25], 'SONY': [25, 25, 25, 25, 25, 25, 25, 25]}  
INFO:root:[Customer]:(Ann Pacheco,9): Next Quarter Begins 
INFO:root:[Customer]:(Ann Pacheco,9) currently seeing ads for the Products:[Note, Xperia, iphone11, iphoneX]
INFO:root:[Customer]:###(Ann Pacheco,9)doesn't buy any products 
INFO:root:[Customer]:(Ann Pacheco,9) Ad Space cleared 
INFO:root:[Customer]:(Kay Medina,9): Next Quarter Begins 
INFO:root:[Customer]:(Kay Medina,9) currently seeing ads for the Products:[Xperia]
INFO:root:[Customer]:###(Kay Medina,9)doesn't buy any products 
INFO:root:[Customer]:(Kay Medina,9) Ad Space cleared 
INFO:root:[Twitter]:History of Twitter post ('iphoneX', [('Bette Brown', 'POSITIVE'), ('Bette Brown', 'POSITIVE')]) 
INFO:root:[Twitter]:History of Twitter post ('iphone11', [('Kyle Johnson', 'POSITIVE'), ('James Sutter', 'POSITIVE'), ('Kyle Johnson', 'POSITIVE'), ('Kyle Johnson', 'POSITIVE'), ('Kyle Johnson', 'POSITIVE'), ('James Sutter', 'POSITIVE'), ('James Sutter', 'POSITIVE')]) 
INFO:root:[Twitter]:History of Twitter post ('Note', [('Kay Medina', 'POSITIVE'), ('Kay Medina', 'POSITIVE')]) 
INFO:root:[Twitter]:History of Twitter post ('Xperia', [('Bette Brown', 'NEGATIVE')]) 
INFO:root:[Customer]:(Kay Medina,9) Posted POSITIVE tweet for the product Note
INFO:root:[Customer]:(Kyle Johnson,9): Next Quarter Begins 
INFO:root:[Customer]:(Kyle Johnson,9) currently seeing ads for the Products:[Note, Xperia, iphone11, iphoneX]
INFO:root:[Customer]:###(Kyle Johnson,9)doesn't buy any products 
INFO:root:[Customer]:(Kyle Johnson,9) Ad Space cleared 
INFO:root:[Twitter]:History of Twitter post ('iphoneX', [('Bette Brown', 'POSITIVE'), ('Bette Brown', 'POSITIVE')]) 
INFO:root:[Twitter]:History of Twitter post ('iphone11', [('Kyle Johnson', 'POSITIVE'), ('James Sutter', 'POSITIVE'), ('Kyle Johnson', 'POSITIVE'), ('Kyle Johnson', 'POSITIVE'), ('Kyle Johnson', 'POSITIVE'), ('James Sutter', 'POSITIVE'), ('James Sutter', 'POSITIVE'), ('Kyle Johnson', 'POSITIVE')]) 
INFO:root:[Twitter]:History of Twitter post ('Note', [('Kay Medina', 'POSITIVE'), ('Kay Medina', 'POSITIVE')]) 
INFO:root:[Twitter]:History of Twitter post ('Xperia', [('Bette Brown', 'NEGATIVE')]) 
INFO:root:[Customer]:(Kyle Johnson,9) Posted POSITIVE tweet for the product iphone11
INFO:root:[Customer]:(Bette Brown,9): Next Quarter Begins 
INFO:root:[Customer]:(James Sutter,9): Next Quarter Begins 
INFO:root:[Customer]:(Bette Brown,9) currently seeing ads for the Products:[Note, Xperia, iphone11]
INFO:root:[Customer]:(James Sutter,9) currently seeing ads for the Products:[Note, iphone11, iphoneX]
INFO:root:[Customer]:###(Bette Brown,9)doesn't buy any products 
INFO:root:[Customer]:(James Sutter,9) Ad Space cleared 
INFO:root:[Customer]:(Bette Brown,9) Ad Space cleared 
INFO:root:[Twitter]:History of Twitter post ('iphoneX', [('Bette Brown', 'POSITIVE'), ('Bette Brown', 'POSITIVE')]) 
INFO:root:[Twitter]:History of Twitter post ('iphone11', [('Kyle Johnson', 'POSITIVE'), ('James Sutter', 'POSITIVE'), ('Kyle Johnson', 'POSITIVE'), ('Kyle Johnson', 'POSITIVE'), ('Kyle Johnson', 'POSITIVE'), ('James Sutter', 'POSITIVE'), ('James Sutter', 'POSITIVE'), ('Kyle Johnson', 'POSITIVE')]) 
INFO:root:[Twitter]:History of Twitter post ('Note', [('Kay Medina', 'POSITIVE'), ('Kay Medina', 'POSITIVE')]) 
INFO:root:[Twitter]:History of Twitter post ('Xperia', [('Bette Brown', 'NEGATIVE'), ('Bette Brown', 'NEGATIVE')]) 
INFO:root:[Customer]:(Bette Brown,9) Posted NEGATIVE tweet for the product Xperia
INFO:root:[Seller]:(SAMSUNG MOBILES,9): Next Quarter Begins 
INFO:root:[Seller]:(SONY,9): Next Quarter Begins 
INFO:root:[Seller]:(APPLE INC,9): Next Quarter Begins 
INFO:root:[Seller]: (SAMSUNG MOBILES,9) CEO selected advert_type as BASIC for Note
INFO:root:[Seller]: (SONY,9) CEO selected advert_type as BASIC for Xperia
INFO:root:[Seller]: (APPLE INC,9) CEO selected advert_type as BASIC for iphoneX
INFO:root:[Seller]: (SAMSUNG MOBILES,9) CEO selected advert scale 50
INFO:root:[Seller]: (SONY,9) CEO selected advert scale 40
INFO:root:[Seller]: (APPLE INC,9) CEO selected advert_type as BASIC for iphone11
INFO:root:[Seller]: (SAMSUNG MOBILES,9) Revenue in previous quarter:0
INFO:root:[Seller]: (SONY,9) Revenue in previous quarter:0
INFO:root:[Seller]: (APPLE INC,9) CEO selected advert scale 80
INFO:root:[Seller]: (SAMSUNG MOBILES,9) Expenses in previous quarter:25
INFO:root:[Seller]: (SONY,9) Expenses in previous quarter:25
INFO:root:[Seller]: (APPLE INC,9) Revenue in previous quarter:0
INFO:root:[Seller]: (SAMSUNG MOBILES,9) Profit in previous quarter:-25
INFO:root:[Seller]: (SONY,9) Profit in previous quarter:-25
INFO:root:[Seller]: (APPLE INC,9) Expenses in previous quarter:50
INFO:root:[Seller]: (SAMSUNG MOBILES,9) Sentiment for Note in previous quarter:1
INFO:root:[Seller]: (SONY,9) Sentiment for Xperia in previous quarter:0
INFO:root:[Seller]: (APPLE INC,9) Profit in previous quarter:-50
INFO:root:[GoogleAds]: Google pushed the BASIC Ad for product Note to users Ann Pacheco, Ann Pacheco, James Sutter, Kyle Johnson, Ann Pacheco 
INFO:root:[Seller]: (APPLE INC,9) Sentiment for iphoneX in previous quarter:1
INFO:root:[GoogleAds]: Google billed the Seller {'APPLE INC': [25, 25, 25, 25, 25, 25, 25, 25, 25, 25, 25, 25, 25, 25, 25, 25], 'SAMSUNG MOBILES': [25, 25, 25, 25, 25, 25, 25, 25, 25], 'SONY': [25, 25, 25, 25, 25, 25, 25, 25]}  
INFO:root:[Seller]: (APPLE INC,9) Sentiment for iphone11 in previous quarter:1
INFO:root:[GoogleAds]: Google pushed the BASIC Ad for product Xperia to users Bette Brown, James Sutter, Kyle Johnson, Kay Medina, Kay Medina 
INFO:root:[GoogleAds]: Google billed the Seller {'APPLE INC': [25, 25, 25, 25, 25, 25, 25, 25, 25, 25, 25, 25, 25, 25, 25, 25], 'SAMSUNG MOBILES': [25, 25, 25, 25, 25, 25, 25, 25, 25], 'SONY': [25, 25, 25, 25, 25, 25, 25, 25, 25]}  
INFO:root:[GoogleAds]: Google pushed the BASIC Ad for product iphoneX to users James Sutter, Kay Medina, Ann Pacheco, James Sutter, Kyle Johnson 
INFO:root:[GoogleAds]: Google billed the Seller {'APPLE INC': [25, 25, 25, 25, 25, 25, 25, 25, 25, 25, 25, 25, 25, 25, 25, 25, 25], 'SAMSUNG MOBILES': [25, 25, 25, 25, 25, 25, 25, 25, 25], 'SONY': [25, 25, 25, 25, 25, 25, 25, 25, 25]}  
INFO:root:[GoogleAds]: Google pushed the BASIC Ad for product iphone11 to users Bette Brown, Ann Pacheco, Bette Brown, Kyle Johnson, Kay Medina 
INFO:root:[GoogleAds]: Google billed the Seller {'APPLE INC': [25, 25, 25, 25, 25, 25, 25, 25, 25, 25, 25, 25, 25, 25, 25, 25, 25, 25], 'SAMSUNG MOBILES': [25, 25, 25, 25, 25, 25, 25, 25, 25], 'SONY': [25, 25, 25, 25, 25, 25, 25, 25, 25]}  
INFO:root:[Customer]:(Ann Pacheco,10): Next Quarter Begins 
INFO:root:[Customer]:(Ann Pacheco,10) currently seeing ads for the Products:[Note, iphone11, iphoneX]
INFO:root:[Customer]:***(Ann Pacheco,10)bought the new product:[iphoneX]
INFO:root:[Market]:Notify Seller APPLE INC about the sale of product iphoneX 
INFO:root:[Market]:Get the amount $ 300 from buyer Ann Pacheco for product iphoneX 
INFO:root:[GoogleAds]: Google purchase history ('iphoneX', ['Bette Brown', 'Ann Pacheco']) 
INFO:root:[GoogleAds]: Google purchase history ('iphone11', ['Kyle Johnson', 'James Sutter']) 
INFO:root:[GoogleAds]: Google purchase history ('Note', ['Kay Medina']) 
INFO:root:[GoogleAds]: Google purchase history ('Xperia', ['Bette Brown']) 
INFO:root:[Market]:Add buyer Ann Pacheco purchased the product iphoneX to google Add track history
INFO:root:[Customer]:(Ann Pacheco,10) Ad Space cleared 
INFO:root:[Twitter]:History of Twitter post ('iphoneX', [('Bette Brown', 'POSITIVE'), ('Bette Brown', 'POSITIVE'), ('Ann Pacheco', 'POSITIVE')]) 
INFO:root:[Twitter]:History of Twitter post ('iphone11', [('Kyle Johnson', 'POSITIVE'), ('James Sutter', 'POSITIVE'), ('Kyle Johnson', 'POSITIVE'), ('Kyle Johnson', 'POSITIVE'), ('Kyle Johnson', 'POSITIVE'), ('James Sutter', 'POSITIVE'), ('James Sutter', 'POSITIVE'), ('Kyle Johnson', 'POSITIVE')]) 
INFO:root:[Twitter]:History of Twitter post ('Note', [('Kay Medina', 'POSITIVE'), ('Kay Medina', 'POSITIVE')]) 
INFO:root:[Twitter]:History of Twitter post ('Xperia', [('Bette Brown', 'NEGATIVE'), ('Bette Brown', 'NEGATIVE')]) 
INFO:root:[Customer]:(Ann Pacheco,10) Posted POSITIVE tweet for the product iphoneX
INFO:root:[Customer]:(Kay Medina,10): Next Quarter Begins 
INFO:root:[Customer]:(Kay Medina,10) currently seeing ads for the Products:[Xperia, iphone11, iphoneX]
INFO:root:[Customer]:###(Kay Medina,10)doesn't buy any products 
INFO:root:[Customer]:(Kay Medina,10) Ad Space cleared 
INFO:root:[Twitter]:History of Twitter post ('iphoneX', [('Bette Brown', 'POSITIVE'), ('Bette Brown', 'POSITIVE'), ('Ann Pacheco', 'POSITIVE')]) 
INFO:root:[Twitter]:History of Twitter post ('iphone11', [('Kyle Johnson', 'POSITIVE'), ('James Sutter', 'POSITIVE'), ('Kyle Johnson', 'POSITIVE'), ('Kyle Johnson', 'POSITIVE'), ('Kyle Johnson', 'POSITIVE'), ('James Sutter', 'POSITIVE'), ('James Sutter', 'POSITIVE'), ('Kyle Johnson', 'POSITIVE')]) 
INFO:root:[Twitter]:History of Twitter post ('Note', [('Kay Medina', 'POSITIVE'), ('Kay Medina', 'POSITIVE'), ('Kay Medina', 'POSITIVE')]) 
INFO:root:[Twitter]:History of Twitter post ('Xperia', [('Bette Brown', 'NEGATIVE'), ('Bette Brown', 'NEGATIVE')]) 
INFO:root:[Customer]:(Kay Medina,10) Posted POSITIVE tweet for the product Note
INFO:root:[Customer]:(Kyle Johnson,10): Next Quarter Begins 
INFO:root:[Customer]:(Kyle Johnson,10) currently seeing ads for the Products:[Note, Xperia, iphone11, iphoneX]
INFO:root:[Customer]:###(Kyle Johnson,10)doesn't buy any products 
INFO:root:[Customer]:(Kyle Johnson,10) Ad Space cleared 
INFO:root:[Twitter]:History of Twitter post ('iphoneX', [('Bette Brown', 'POSITIVE'), ('Bette Brown', 'POSITIVE'), ('Ann Pacheco', 'POSITIVE')]) 
INFO:root:[Twitter]:History of Twitter post ('iphone11', [('Kyle Johnson', 'POSITIVE'), ('James Sutter', 'POSITIVE'), ('Kyle Johnson', 'POSITIVE'), ('Kyle Johnson', 'POSITIVE'), ('Kyle Johnson', 'POSITIVE'), ('James Sutter', 'POSITIVE'), ('James Sutter', 'POSITIVE'), ('Kyle Johnson', 'POSITIVE'), ('Kyle Johnson', 'POSITIVE')]) 
INFO:root:[Twitter]:History of Twitter post ('Note', [('Kay Medina', 'POSITIVE'), ('Kay Medina', 'POSITIVE'), ('Kay Medina', 'POSITIVE')]) 
INFO:root:[Twitter]:History of Twitter post ('Xperia', [('Bette Brown', 'NEGATIVE'), ('Bette Brown', 'NEGATIVE')]) 
INFO:root:[Customer]:(Kyle Johnson,10) Posted POSITIVE tweet for the product iphone11
INFO:root:[Customer]:(James Sutter,10): Next Quarter Begins 
INFO:root:[Customer]:(Bette Brown,10): Next Quarter Begins 
INFO:root:[Customer]:(James Sutter,10) currently seeing ads for the Products:[Note, Xperia, iphoneX]
INFO:root:[Customer]:(Bette Brown,10) currently seeing ads for the Products:[Xperia, iphone11]
INFO:root:[Customer]:###(James Sutter,10)doesn't buy any products 
INFO:root:[Customer]:###(Bette Brown,10)doesn't buy any products 
INFO:root:[Customer]:(James Sutter,10) Ad Space cleared 
INFO:root:[Customer]:(Bette Brown,10) Ad Space cleared 
INFO:root:[Twitter]:History of Twitter post ('iphoneX', [('Bette Brown', 'POSITIVE'), ('Bette Brown', 'POSITIVE'), ('Ann Pacheco', 'POSITIVE'), ('Bette Brown', 'POSITIVE')]) 
INFO:root:[Twitter]:History of Twitter post ('iphone11', [('Kyle Johnson', 'POSITIVE'), ('James Sutter', 'POSITIVE'), ('Kyle Johnson', 'POSITIVE'), ('Kyle Johnson', 'POSITIVE'), ('Kyle Johnson', 'POSITIVE'), ('James Sutter', 'POSITIVE'), ('James Sutter', 'POSITIVE'), ('Kyle Johnson', 'POSITIVE'), ('Kyle Johnson', 'POSITIVE')]) 
INFO:root:[Twitter]:History of Twitter post ('Note', [('Kay Medina', 'POSITIVE'), ('Kay Medina', 'POSITIVE'), ('Kay Medina', 'POSITIVE')]) 
INFO:root:[Twitter]:History of Twitter post ('Xperia', [('Bette Brown', 'NEGATIVE'), ('Bette Brown', 'NEGATIVE')]) 
INFO:root:[Customer]:(Bette Brown,10) Posted POSITIVE tweet for the product iphoneX
INFO:root:[Seller]:(SAMSUNG MOBILES,10): Next Quarter Begins 
INFO:root:[Seller]:(SONY,10): Next Quarter Begins 
INFO:root:[Seller]:(APPLE INC,10): Next Quarter Begins 
INFO:root:[Seller]: (SAMSUNG MOBILES,10) CEO selected advert_type as BASIC for Note
INFO:root:[Seller]: (SONY,10) CEO selected advert_type as BASIC for Xperia
INFO:root:[Seller]: (APPLE INC,10) CEO selected advert_type as BASIC for iphoneX
INFO:root:[Seller]: (SAMSUNG MOBILES,10) CEO selected advert scale 47
INFO:root:[Seller]: (SONY,10) CEO selected advert scale 37
INFO:root:[Seller]: (APPLE INC,10) CEO selected advert_type as BASIC for iphone11
INFO:root:[Seller]: (SAMSUNG MOBILES,10) Revenue in previous quarter:0
INFO:root:[Seller]: (SONY,10) Revenue in previous quarter:0
INFO:root:[Seller]: (APPLE INC,10) CEO selected advert scale 92
INFO:root:[Seller]: (SAMSUNG MOBILES,10) Expenses in previous quarter:25
INFO:root:[Seller]: (SONY,10) Expenses in previous quarter:25
INFO:root:[Seller]: (APPLE INC,10) Revenue in previous quarter:300
INFO:root:[Seller]: (SAMSUNG MOBILES,10) Profit in previous quarter:-25
INFO:root:[Seller]: (SONY,10) Profit in previous quarter:-25
INFO:root:[Seller]: (APPLE INC,10) Expenses in previous quarter:50
INFO:root:[Seller]: (SAMSUNG MOBILES,10) Sentiment for Note in previous quarter:1
INFO:root:[Seller]: (SONY,10) Sentiment for Xperia in previous quarter:0
INFO:root:[Seller]: (APPLE INC,10) Profit in previous quarter:250
INFO:root:[GoogleAds]: Google pushed the BASIC Ad for product Note to users Kay Medina, Ann Pacheco, Ann Pacheco, Bette Brown, Kay Medina 
INFO:root:[Seller]: (APPLE INC,10) Sentiment for iphoneX in previous quarter:1
INFO:root:[GoogleAds]: Google billed the Seller {'APPLE INC': [25, 25, 25, 25, 25, 25, 25, 25, 25, 25, 25, 25, 25, 25, 25, 25, 25, 25], 'SAMSUNG MOBILES': [25, 25, 25, 25, 25, 25, 25, 25, 25, 25], 'SONY': [25, 25, 25, 25, 25, 25, 25, 25, 25]}  
INFO:root:[Seller]: (APPLE INC,10) Sentiment for iphone11 in previous quarter:1
INFO:root:[GoogleAds]: Google pushed the BASIC Ad for product Xperia to users Kyle Johnson, Kyle Johnson, Kyle Johnson, Bette Brown, Ann Pacheco 
INFO:root:[GoogleAds]: Google billed the Seller {'APPLE INC': [25, 25, 25, 25, 25, 25, 25, 25, 25, 25, 25, 25, 25, 25, 25, 25, 25, 25], 'SAMSUNG MOBILES': [25, 25, 25, 25, 25, 25, 25, 25, 25, 25], 'SONY': [25, 25, 25, 25, 25, 25, 25, 25, 25, 25]}  
INFO:root:[GoogleAds]: Google pushed the BASIC Ad for product iphoneX to users Kyle Johnson, Kay Medina, James Sutter, Bette Brown, Ann Pacheco 
INFO:root:[GoogleAds]: Google billed the Seller {'APPLE INC': [25, 25, 25, 25, 25, 25, 25, 25, 25, 25, 25, 25, 25, 25, 25, 25, 25, 25, 25], 'SAMSUNG MOBILES': [25, 25, 25, 25, 25, 25, 25, 25, 25, 25], 'SONY': [25, 25, 25, 25, 25, 25, 25, 25, 25, 25]}  
INFO:root:[GoogleAds]: Google pushed the BASIC Ad for product iphone11 to users James Sutter, Kay Medina, Kay Medina, James Sutter, Ann Pacheco 
INFO:root:[GoogleAds]: Google billed the Seller {'APPLE INC': [25, 25, 25, 25, 25, 25, 25, 25, 25, 25, 25, 25, 25, 25, 25, 25, 25, 25, 25, 25], 'SAMSUNG MOBILES': [25, 25, 25, 25, 25, 25, 25, 25, 25, 25], 'SONY': [25, 25, 25, 25, 25, 25, 25, 25, 25, 25]}  
INFO:root:[Customer]:(Ann Pacheco,11): Next Quarter Begins 
INFO:root:[Customer]:(Ann Pacheco,11) currently seeing ads for the Products:[Note, Xperia, iphone11, iphoneX]
INFO:root:[Customer]:###(Ann Pacheco,11)doesn't buy any products 
INFO:root:[Customer]:(Ann Pacheco,11) Ad Space cleared 
INFO:root:[Twitter]:History of Twitter post ('iphoneX', [('Bette Brown', 'POSITIVE'), ('Bette Brown', 'POSITIVE'), ('Ann Pacheco', 'POSITIVE'), ('Bette Brown', 'POSITIVE'), ('Ann Pacheco', 'POSITIVE')]) 
INFO:root:[Twitter]:History of Twitter post ('iphone11', [('Kyle Johnson', 'POSITIVE'), ('James Sutter', 'POSITIVE'), ('Kyle Johnson', 'POSITIVE'), ('Kyle Johnson', 'POSITIVE'), ('Kyle Johnson', 'POSITIVE'), ('James Sutter', 'POSITIVE'), ('James Sutter', 'POSITIVE'), ('Kyle Johnson', 'POSITIVE'), ('Kyle Johnson', 'POSITIVE')]) 
INFO:root:[Twitter]:History of Twitter post ('Note', [('Kay Medina', 'POSITIVE'), ('Kay Medina', 'POSITIVE'), ('Kay Medina', 'POSITIVE')]) 
INFO:root:[Twitter]:History of Twitter post ('Xperia', [('Bette Brown', 'NEGATIVE'), ('Bette Brown', 'NEGATIVE')]) 
INFO:root:[Customer]:(Ann Pacheco,11) Posted POSITIVE tweet for the product iphoneX
INFO:root:[Customer]:(Kay Medina,11): Next Quarter Begins 
INFO:root:[Customer]:(Kay Medina,11) currently seeing ads for the Products:[Note, iphone11, iphoneX]
INFO:root:[Customer]:***(Kay Medina,11)bought the new product:[iphone11]
INFO:root:[Customer]:(Kay Medina,11) Ad Space cleared 
INFO:root:[Customer]:(Kyle Johnson,11): Next Quarter Begins 
INFO:root:[Customer]:(Kyle Johnson,11) currently seeing ads for the Products:[Xperia, iphoneX]
INFO:root:[Customer]:###(Kyle Johnson,11)doesn't buy any products 
INFO:root:[Customer]:(Kyle Johnson,11) Ad Space cleared 
INFO:root:[Customer]:(James Sutter,11): Next Quarter Begins 
INFO:root:[Customer]:(James Sutter,11) currently seeing ads for the Products:[iphone11, iphoneX]
INFO:root:[Customer]:(James Sutter,11) Ad Space cleared 
INFO:root:[Twitter]:History of Twitter post ('iphoneX', [('Bette Brown', 'POSITIVE'), ('Bette Brown', 'POSITIVE'), ('Ann Pacheco', 'POSITIVE'), ('Bette Brown', 'POSITIVE'), ('Ann Pacheco', 'POSITIVE')]) 
INFO:root:[Twitter]:History of Twitter post ('iphone11', [('Kyle Johnson', 'POSITIVE'), ('James Sutter', 'POSITIVE'), ('Kyle Johnson', 'POSITIVE'), ('Kyle Johnson', 'POSITIVE'), ('Kyle Johnson', 'POSITIVE'), ('James Sutter', 'POSITIVE'), ('James Sutter', 'POSITIVE'), ('Kyle Johnson', 'POSITIVE'), ('Kyle Johnson', 'POSITIVE'), ('James Sutter', 'POSITIVE')]) 
INFO:root:[Twitter]:History of Twitter post ('Note', [('Kay Medina', 'POSITIVE'), ('Kay Medina', 'POSITIVE'), ('Kay Medina', 'POSITIVE')]) 
INFO:root:[Twitter]:History of Twitter post ('Xperia', [('Bette Brown', 'NEGATIVE'), ('Bette Brown', 'NEGATIVE')]) 
INFO:root:[Customer]:(James Sutter,11) Posted POSITIVE tweet for the product iphone11
INFO:root:[Customer]:(Bette Brown,11): Next Quarter Begins 
INFO:root:[Customer]:(Bette Brown,11) currently seeing ads for the Products:[Note, Xperia, iphoneX]
INFO:root:[Customer]:###(Bette Brown,11)doesn't buy any products 
INFO:root:[Customer]:(Bette Brown,11) Ad Space cleared 
INFO:root:[Seller]:(SAMSUNG MOBILES,11): Next Quarter Begins 
INFO:root:[Seller]: (SAMSUNG MOBILES,11) CEO selected advert_type as BASIC for Note
INFO:root:[Seller]:(SONY,11): Next Quarter Begins 
INFO:root:[Seller]: (SAMSUNG MOBILES,11) CEO selected advert scale 45
INFO:root:[Seller]: (SONY,11) CEO selected advert_type as BASIC for Xperia
INFO:root:[Seller]: (SAMSUNG MOBILES,11) Revenue in previous quarter:0
INFO:root:[Seller]: (APPLE INC,10) sold  2 units of iphoneX
INFO:root:[Seller]: (SONY,11) CEO selected advert scale 35
INFO:root:[Seller]: (SAMSUNG MOBILES,11) Expenses in previous quarter:25
INFO:root:[Seller]: (APPLE INC,10) sold  2 units of iphone11
INFO:root:[Seller]: (SONY,11) Revenue in previous quarter:0
INFO:root:[Seller]: (SAMSUNG MOBILES,11) Profit in previous quarter:-25
INFO:root:[Seller]: (APPLE INC,10) Exit
INFO:root:[Seller]: (SONY,11) Expenses in previous quarter:25
INFO:root:[Seller]: (SAMSUNG MOBILES,11) Sentiment for Note in previous quarter:1
INFO:root:[Seller]: (SONY,11) Profit in previous quarter:-25
INFO:root:[GoogleAds]: Google pushed the BASIC Ad for product Note to users Kay Medina, Kay Medina, Kyle Johnson, Ann Pacheco, Ann Pacheco 
INFO:root:[Seller]: (SONY,11) Sentiment for Xperia in previous quarter:0
INFO:root:[GoogleAds]: Google billed the Seller {'APPLE INC': [25, 25, 25, 25, 25, 25, 25, 25, 25, 25, 25, 25, 25, 25, 25, 25, 25, 25, 25, 25], 'SAMSUNG MOBILES': [25, 25, 25, 25, 25, 25, 25, 25, 25, 25, 25], 'SONY': [25, 25, 25, 25, 25, 25, 25, 25, 25, 25]}  
INFO:root:[GoogleAds]: Google pushed the BASIC Ad for product Xperia to users Bette Brown, James Sutter, Ann Pacheco, James Sutter, Kyle Johnson 
INFO:root:[GoogleAds]: Google billed the Seller {'APPLE INC': [25, 25, 25, 25, 25, 25, 25, 25, 25, 25, 25, 25, 25, 25, 25, 25, 25, 25, 25, 25], 'SAMSUNG MOBILES': [25, 25, 25, 25, 25, 25, 25, 25, 25, 25, 25], 'SONY': [25, 25, 25, 25, 25, 25, 25, 25, 25, 25, 25]}  
INFO:root:[Customer]:(Ann Pacheco,12): Next Quarter Begins 
INFO:root:[Customer]:(Ann Pacheco,12) currently seeing ads for the Products:[Note, Xperia]
INFO:root:[Customer]:***(Ann Pacheco,12)bought the new product:[Note]
INFO:root:[Market]:Notify Seller SAMSUNG MOBILES about the sale of product Note 
INFO:root:[Market]:Get the amount $ 200 from buyer Ann Pacheco for product Note 
INFO:root:[GoogleAds]: Google purchase history ('iphoneX', ['Bette Brown', 'Ann Pacheco']) 
INFO:root:[GoogleAds]: Google purchase history ('iphone11', ['Kyle Johnson', 'James Sutter']) 
INFO:root:[GoogleAds]: Google purchase history ('Note', ['Kay Medina', 'Ann Pacheco']) 
INFO:root:[GoogleAds]: Google purchase history ('Xperia', ['Bette Brown']) 
INFO:root:[Market]:Add buyer Ann Pacheco purchased the product Note to google Add track history
INFO:root:[Customer]:###(Ann Pacheco,12)doesn't buy any products 
INFO:root:[Customer]:(Ann Pacheco,12) Ad Space cleared 
INFO:root:[Customer]:(Kay Medina,12): Next Quarter Begins 
INFO:root:[Customer]:(Kay Medina,12) currently seeing ads for the Products:[Note]
INFO:root:[Customer]:(Kay Medina,12) Ad Space cleared 
INFO:root:[Twitter]:History of Twitter post ('iphoneX', [('Bette Brown', 'POSITIVE'), ('Bette Brown', 'POSITIVE'), ('Ann Pacheco', 'POSITIVE'), ('Bette Brown', 'POSITIVE'), ('Ann Pacheco', 'POSITIVE')]) 
INFO:root:[Twitter]:History of Twitter post ('iphone11', [('Kyle Johnson', 'POSITIVE'), ('James Sutter', 'POSITIVE'), ('Kyle Johnson', 'POSITIVE'), ('Kyle Johnson', 'POSITIVE'), ('Kyle Johnson', 'POSITIVE'), ('James Sutter', 'POSITIVE'), ('James Sutter', 'POSITIVE'), ('Kyle Johnson', 'POSITIVE'), ('Kyle Johnson', 'POSITIVE'), ('James Sutter', 'POSITIVE')]) 
INFO:root:[Twitter]:History of Twitter post ('Note', [('Kay Medina', 'POSITIVE'), ('Kay Medina', 'POSITIVE'), ('Kay Medina', 'POSITIVE'), ('Kay Medina', 'POSITIVE')]) 
INFO:root:[Twitter]:History of Twitter post ('Xperia', [('Bette Brown', 'NEGATIVE'), ('Bette Brown', 'NEGATIVE')]) 
INFO:root:[Customer]:(Kay Medina,12) Posted POSITIVE tweet for the product Note
INFO:root:[Customer]:(Kyle Johnson,12): Next Quarter Begins 
INFO:root:[Customer]:(Kyle Johnson,12) currently seeing ads for the Products:[Note, Xperia]
INFO:root:[Customer]:***(Kyle Johnson,12)bought the new product:[Note]
INFO:root:[Customer]:###(Kyle Johnson,12)doesn't buy any products 
INFO:root:[Customer]:(Kyle Johnson,12) Ad Space cleared 
INFO:root:[Twitter]:History of Twitter post ('iphoneX', [('Bette Brown', 'POSITIVE'), ('Bette Brown', 'POSITIVE'), ('Ann Pacheco', 'POSITIVE'), ('Bette Brown', 'POSITIVE'), ('Ann Pacheco', 'POSITIVE')]) 
INFO:root:[Twitter]:History of Twitter post ('iphone11', [('Kyle Johnson', 'POSITIVE'), ('James Sutter', 'POSITIVE'), ('Kyle Johnson', 'POSITIVE'), ('Kyle Johnson', 'POSITIVE'), ('Kyle Johnson', 'POSITIVE'), ('James Sutter', 'POSITIVE'), ('James Sutter', 'POSITIVE'), ('Kyle Johnson', 'POSITIVE'), ('Kyle Johnson', 'POSITIVE'), ('James Sutter', 'POSITIVE'), ('Kyle Johnson', 'POSITIVE')]) 
INFO:root:[Twitter]:History of Twitter post ('Note', [('Kay Medina', 'POSITIVE'), ('Kay Medina', 'POSITIVE'), ('Kay Medina', 'POSITIVE'), ('Kay Medina', 'POSITIVE')]) 
INFO:root:[Twitter]:History of Twitter post ('Xperia', [('Bette Brown', 'NEGATIVE'), ('Bette Brown', 'NEGATIVE')]) 
INFO:root:[Customer]:(Kyle Johnson,12) Posted POSITIVE tweet for the product iphone11
INFO:root:[Customer]:(James Sutter,12): Next Quarter Begins 
INFO:root:[Customer]:(James Sutter,12) currently seeing ads for the Products:[Xperia]
INFO:root:[Customer]:(Bette Brown,12): Next Quarter Begins 
INFO:root:[Customer]:###(James Sutter,12)doesn't buy any products 
INFO:root:[Customer]:(Bette Brown,12) currently seeing ads for the Products:[Xperia]
INFO:root:[Customer]:(James Sutter,12) Ad Space cleared 
INFO:root:[Customer]:###(Bette Brown,12)doesn't buy any products 
INFO:root:[Customer]:(Bette Brown,12) Ad Space cleared 
INFO:root:[Twitter]:History of Twitter post ('iphoneX', [('Bette Brown', 'POSITIVE'), ('Bette Brown', 'POSITIVE'), ('Ann Pacheco', 'POSITIVE'), ('Bette Brown', 'POSITIVE'), ('Ann Pacheco', 'POSITIVE'), ('Bette Brown', 'POSITIVE')]) 
INFO:root:[Twitter]:History of Twitter post ('iphone11', [('Kyle Johnson', 'POSITIVE'), ('James Sutter', 'POSITIVE'), ('Kyle Johnson', 'POSITIVE'), ('Kyle Johnson', 'POSITIVE'), ('Kyle Johnson', 'POSITIVE'), ('James Sutter', 'POSITIVE'), ('James Sutter', 'POSITIVE'), ('Kyle Johnson', 'POSITIVE'), ('Kyle Johnson', 'POSITIVE'), ('James Sutter', 'POSITIVE'), ('Kyle Johnson', 'POSITIVE')]) 
INFO:root:[Twitter]:History of Twitter post ('Note', [('Kay Medina', 'POSITIVE'), ('Kay Medina', 'POSITIVE'), ('Kay Medina', 'POSITIVE'), ('Kay Medina', 'POSITIVE')]) 
INFO:root:[Twitter]:History of Twitter post ('Xperia', [('Bette Brown', 'NEGATIVE'), ('Bette Brown', 'NEGATIVE')]) 
INFO:root:[Customer]:(Bette Brown,12) Posted POSITIVE tweet for the product iphoneX
INFO:root:[Seller]: (SAMSUNG MOBILES,11) sold  2 units of Note
INFO:root:[Seller]:(SONY,12): Next Quarter Begins 
INFO:root:[Seller]: (SAMSUNG MOBILES,11) Exit
INFO:root:[Seller]: (SONY,12) CEO selected advert_type as BASIC for Xperia
INFO:root:[Seller]: (SONY,12) CEO selected advert scale 32
INFO:root:[Seller]: (SONY,12) Revenue in previous quarter:0
INFO:root:[Seller]: (SONY,12) Expenses in previous quarter:25
INFO:root:[Seller]: (SONY,12) Profit in previous quarter:-25
INFO:root:[Seller]: (SONY,12) Sentiment for Xperia in previous quarter:0
INFO:root:[GoogleAds]: Google pushed the BASIC Ad for product Xperia to users Kay Medina, Ann Pacheco, James Sutter, Ann Pacheco, Bette Brown 
INFO:root:[GoogleAds]: Google billed the Seller {'APPLE INC': [25, 25, 25, 25, 25, 25, 25, 25, 25, 25, 25, 25, 25, 25, 25, 25, 25, 25, 25, 25], 'SAMSUNG MOBILES': [25, 25, 25, 25, 25, 25, 25, 25, 25, 25, 25], 'SONY': [25, 25, 25, 25, 25, 25, 25, 25, 25, 25, 25, 25]}  
INFO:root:[Customer]:(Ann Pacheco,13): Next Quarter Begins 
INFO:root:[Customer]:(Ann Pacheco,13) currently seeing ads for the Products:[Xperia]
INFO:root:[Customer]:###(Ann Pacheco,13)doesn't buy any products 
INFO:root:[Customer]:(Ann Pacheco,13) Ad Space cleared 
INFO:root:[Twitter]:History of Twitter post ('iphoneX', [('Bette Brown', 'POSITIVE'), ('Bette Brown', 'POSITIVE'), ('Ann Pacheco', 'POSITIVE'), ('Bette Brown', 'POSITIVE'), ('Ann Pacheco', 'POSITIVE'), ('Bette Brown', 'POSITIVE')]) 
INFO:root:[Twitter]:History of Twitter post ('iphone11', [('Kyle Johnson', 'POSITIVE'), ('James Sutter', 'POSITIVE'), ('Kyle Johnson', 'POSITIVE'), ('Kyle Johnson', 'POSITIVE'), ('Kyle Johnson', 'POSITIVE'), ('James Sutter', 'POSITIVE'), ('James Sutter', 'POSITIVE'), ('Kyle Johnson', 'POSITIVE'), ('Kyle Johnson', 'POSITIVE'), ('James Sutter', 'POSITIVE'), ('Kyle Johnson', 'POSITIVE')]) 
INFO:root:[Twitter]:History of Twitter post ('Note', [('Kay Medina', 'POSITIVE'), ('Kay Medina', 'POSITIVE'), ('Kay Medina', 'POSITIVE'), ('Kay Medina', 'POSITIVE'), ('Ann Pacheco', 'POSITIVE')]) 
INFO:root:[Twitter]:History of Twitter post ('Xperia', [('Bette Brown', 'NEGATIVE'), ('Bette Brown', 'NEGATIVE')]) 
INFO:root:[Customer]:(Ann Pacheco,13) Posted POSITIVE tweet for the product Note
INFO:root:[Customer]:(Kay Medina,13): Next Quarter Begins 
INFO:root:[Customer]:(Kay Medina,13) currently seeing ads for the Products:[Xperia]
INFO:root:[Customer]:###(Kay Medina,13)doesn't buy any products 
INFO:root:[Customer]:(Kay Medina,13) Ad Space cleared 
INFO:root:[Twitter]:History of Twitter post ('iphoneX', [('Bette Brown', 'POSITIVE'), ('Bette Brown', 'POSITIVE'), ('Ann Pacheco', 'POSITIVE'), ('Bette Brown', 'POSITIVE'), ('Ann Pacheco', 'POSITIVE'), ('Bette Brown', 'POSITIVE')]) 
INFO:root:[Twitter]:History of Twitter post ('iphone11', [('Kyle Johnson', 'POSITIVE'), ('James Sutter', 'POSITIVE'), ('Kyle Johnson', 'POSITIVE'), ('Kyle Johnson', 'POSITIVE'), ('Kyle Johnson', 'POSITIVE'), ('James Sutter', 'POSITIVE'), ('James Sutter', 'POSITIVE'), ('Kyle Johnson', 'POSITIVE'), ('Kyle Johnson', 'POSITIVE'), ('James Sutter', 'POSITIVE'), ('Kyle Johnson', 'POSITIVE')]) 
INFO:root:[Twitter]:History of Twitter post ('Note', [('Kay Medina', 'POSITIVE'), ('Kay Medina', 'POSITIVE'), ('Kay Medina', 'POSITIVE'), ('Kay Medina', 'POSITIVE'), ('Ann Pacheco', 'POSITIVE'), ('Kay Medina', 'POSITIVE')]) 
INFO:root:[Twitter]:History of Twitter post ('Xperia', [('Bette Brown', 'NEGATIVE'), ('Bette Brown', 'NEGATIVE')]) 
INFO:root:[Customer]:(Kay Medina,13) Posted POSITIVE tweet for the product Note
INFO:root:[Customer]:(Kyle Johnson,13): Next Quarter Begins 
INFO:root:[Customer]:(Kyle Johnson,13) currently seeing ads for the Products:[]
INFO:root:[Customer]:(Kyle Johnson,13) Ad Space cleared 
INFO:root:[Customer]:(James Sutter,13): Next Quarter Begins 
INFO:root:[Customer]:(James Sutter,13) currently seeing ads for the Products:[Xperia]
INFO:root:[Customer]:(Bette Brown,13): Next Quarter Begins 
INFO:root:[Customer]:###(James Sutter,13)doesn't buy any products 
INFO:root:[Customer]:(Bette Brown,13) currently seeing ads for the Products:[Xperia]
INFO:root:[Customer]:(James Sutter,13) Ad Space cleared 
INFO:root:[Customer]:###(Bette Brown,13)doesn't buy any products 
INFO:root:[Customer]:(Bette Brown,13) Ad Space cleared 
INFO:root:[Seller]: (SONY,12) sold  1 units of Xperia
INFO:root:[Seller]: (SONY,12) Exit
INFO:root:[Customer]: (Ann Pacheco,13) own the Products:[Note, iphoneX] with balance of $ 0
INFO:root:[Customer]: (Ann Pacheco,13) Exit
INFO:root:[Customer]: (Kay Medina,13) own the Products:[Note] with balance of $ 300
INFO:root:[Customer]: (Kay Medina,13) Exit
INFO:root:[Customer]: (Kyle Johnson,13) own the Products:[iphone11] with balance of $ 150
INFO:root:[Customer]: (Kyle Johnson,13) Exit
INFO:root:[Customer]: (James Sutter,13) own the Products:[iphone11] with balance of $ 150
INFO:root:[Customer]: (Bette Brown,13) own the Products:[Xperia, iphoneX] with balance of $ 100
INFO:root:[Customer]: (James Sutter,13) Exit
INFO:root:[Customer]: (Bette Brown,13) Exit
INFO:oauth2client.client:Refreshing access_token
INFO:oauth2client.client:Refreshing access_token
INFO:oauth2client.client:Refreshing access_token
