INFO:root:[Customer]:Customer Ann Pacheco Created
INFO:root:[GoogleAds]:Customer Ann Pacheco added to Google list of user with Tolerance:0.5252697700520002
INFO:root:[Customer]:Customer Ann Pacheco entered Trading
INFO:root:[Customer]:(Ann Pacheco,1): Next Quarter Begins 
INFO:root:[Customer]:(Ann Pacheco,1) currently seeing ads for the Products:[]
INFO:root:[Customer]:(Ann Pacheco,1) Ad Space cleared 
INFO:root:[Customer]:Customer Kay Medina Created
INFO:root:[GoogleAds]:Customer Kay Medina added to Google list of user with Tolerance:0.6521726145786113
INFO:root:[Customer]:Customer Kay Medina entered Trading
INFO:root:[Customer]:(Kay Medina,1): Next Quarter Begins 
INFO:root:[Customer]:(Kay Medina,1) currently seeing ads for the Products:[]
INFO:root:[Customer]:(Kay Medina,1) Ad Space cleared 
INFO:root:[Customer]:Customer Wilma Payne Created
INFO:root:[GoogleAds]:Customer Wilma Payne added to Google list of user with Tolerance:0.789030129287845
INFO:root:[Customer]:Customer Wilma Payne entered Trading
INFO:root:[Customer]:(Wilma Payne,1): Next Quarter Begins 
INFO:root:[Customer]:(Wilma Payne,1) currently seeing ads for the Products:[]
INFO:root:[Customer]:(Wilma Payne,1) Ad Space cleared 
INFO:root:[Customer]:Customer Patricia Bronstein Created
INFO:root:[GoogleAds]:Customer Patricia Bronstein added to Google list of user with Tolerance:0.7755792005755331
INFO:root:[Customer]:Customer Patricia Bronstein entered Trading
INFO:root:[Customer]:(Patricia Bronstein,1): Next Quarter Begins 
INFO:root:[Customer]:(Patricia Bronstein,1) currently seeing ads for the Products:[]
INFO:root:[Customer]:(Patricia Bronstein,1) Ad Space cleared 
INFO:root:[Customer]:Customer Joaquin Mccormick Created
INFO:root:[GoogleAds]:Customer Joaquin Mccormick added to Google list of user with Tolerance:0.5215651853880736
INFO:root:[Customer]:Customer Joaquin Mccormick entered Trading
INFO:root:[Customer]:(Joaquin Mccormick,1): Next Quarter Begins 
INFO:root:[Customer]:(Joaquin Mccormick,1) currently seeing ads for the Products:[]
INFO:root:[Customer]:(Joaquin Mccormick,1) Ad Space cleared 
INFO:root:[Product]:Product created::iphoneX 
INFO:root:[Product]:Product created::iphone11 
INFO:root:[Product]:Product created::Note 
INFO:root:[Product]:Product created::Xperia 
INFO:root:[Seller]:Seller APPLE INC Created
INFO:root:[Market]:Seller APPLE INC is registered in the market with the product iphoneX 
INFO:root:[Market]:Seller APPLE INC is registered in the market with the product iphone11 
INFO:root:[Seller]:Seller APPLE INC started Trading
INFO:root:[Seller]:(APPLE INC,1): Next Quarter Begins 
INFO:root:[Seller]: (APPLE INC,1) CEO selected advert_type as BASIC for iphoneX
INFO:root:[Seller]: (APPLE INC,1) CEO selected advert_type as BASIC for iphone11
INFO:root:[Seller]: (APPLE INC,1) CEO selected advert scale 50
INFO:root:[Seller]: (APPLE INC,1) Revenue in previous quarter:0
INFO:root:[Seller]: (APPLE INC,1) Expenses in previous quarter:0
INFO:root:[Seller]: (APPLE INC,1) Profit in previous quarter:0
INFO:root:[Seller]: (APPLE INC,1) Sentiment for iphoneX in previous quarter:1
INFO:root:[Seller]: (APPLE INC,1) Sentiment for iphone11 in previous quarter:1
INFO:root:[GoogleAds]: Google pushed the BASIC Ad for product iphoneX to users Patricia Bronstein, Ann Pacheco, Patricia Bronstein, Joaquin Mccormick, Wilma Payne 
INFO:root:[GoogleAds]: Google billed the Seller {'APPLE INC': [25]}  
INFO:root:[Seller]:Seller SAMSUNG MOBILES Created
INFO:root:[GoogleAds]: Google pushed the BASIC Ad for product iphone11 to users Kay Medina, Patricia Bronstein, Kay Medina, Kay Medina, Joaquin Mccormick 
INFO:root:[GoogleAds]: Google billed the Seller {'APPLE INC': [25, 25]}  
INFO:root:[Market]:Seller SAMSUNG MOBILES is registered in the market with the product Note 
INFO:root:[Seller]:Seller SAMSUNG MOBILES started Trading
INFO:root:[Seller]:(SAMSUNG MOBILES,1): Next Quarter Begins 
INFO:root:[Seller]: (SAMSUNG MOBILES,1) CEO selected advert_type as BASIC for Note
INFO:root:[Seller]: (SAMSUNG MOBILES,1) CEO selected advert scale 50
INFO:root:[Seller]: (SAMSUNG MOBILES,1) Revenue in previous quarter:0
INFO:root:[Seller]: (SAMSUNG MOBILES,1) Expenses in previous quarter:0
INFO:root:[Seller]: (SAMSUNG MOBILES,1) Profit in previous quarter:0
INFO:root:[Seller]: (SAMSUNG MOBILES,1) Sentiment for Note in previous quarter:1
INFO:root:[GoogleAds]: Google pushed the BASIC Ad for product Note to users Patricia Bronstein, Patricia Bronstein, Ann Pacheco, Kay Medina, Wilma Payne 
INFO:root:[GoogleAds]: Google billed the Seller {'APPLE INC': [25, 25], 'SAMSUNG MOBILES': [25]}  
INFO:root:[Seller]:Seller SONY Created
INFO:root:[Market]:Seller SONY is registered in the market with the product Xperia 
INFO:root:[Seller]:Seller SONY started Trading
INFO:root:[Seller]:(SONY,1): Next Quarter Begins 
INFO:root:[Seller]: (SONY,1) CEO selected advert_type as BASIC for Xperia
INFO:root:[Seller]: (SONY,1) CEO selected advert scale 50
INFO:root:[Seller]: (SONY,1) Revenue in previous quarter:0
INFO:root:[Seller]: (SONY,1) Expenses in previous quarter:0
INFO:root:[Seller]: (SONY,1) Profit in previous quarter:0
INFO:root:[Seller]: (SONY,1) Sentiment for Xperia in previous quarter:1
INFO:root:[GoogleAds]: Google pushed the BASIC Ad for product Xperia to users Joaquin Mccormick, Wilma Payne, Patricia Bronstein, Joaquin Mccormick, Patricia Bronstein 
INFO:root:[GoogleAds]: Google billed the Seller {'APPLE INC': [25, 25], 'SAMSUNG MOBILES': [25], 'SONY': [25]}  
INFO:root:[Customer]:(Ann Pacheco,2): Next Quarter Begins 
INFO:root:[Customer]:(Ann Pacheco,2) currently seeing ads for the Products:[iphoneX, Note]
INFO:root:[Customer]:(Ann Pacheco,2) Ad Space cleared 
INFO:root:[Customer]:(Kay Medina,2): Next Quarter Begins 
INFO:root:[Customer]:(Kay Medina,2) currently seeing ads for the Products:[Note, iphone11]
INFO:root:[Customer]:***(Kay Medina,2)bought the new product:[iphone11]
INFO:root:[Market]:Notify Seller APPLE INC about the sale of product iphone11 
INFO:root:[Market]:Get the amount $ 350 from buyer Kay Medina for product iphone11 
INFO:root:[GoogleAds]: Google purchase history ('iphoneX', []) 
INFO:root:[GoogleAds]: Google purchase history ('iphone11', ['Kay Medina']) 
INFO:root:[GoogleAds]: Google purchase history ('Note', []) 
INFO:root:[GoogleAds]: Google purchase history ('Xperia', []) 
INFO:root:[Market]:Add buyer Kay Medina purchased the product iphone11 to google Add track history
INFO:root:[Customer]:(Kay Medina,2) Ad Space cleared 
INFO:root:[Customer]:(Wilma Payne,2): Next Quarter Begins 
INFO:root:[Customer]:(Wilma Payne,2) currently seeing ads for the Products:[iphoneX, Xperia, Note]
INFO:root:[Customer]:(Wilma Payne,2) Ad Space cleared 
INFO:root:[Customer]:(Patricia Bronstein,2): Next Quarter Begins 
INFO:root:[Customer]:(Patricia Bronstein,2) currently seeing ads for the Products:[iphoneX, Xperia, Note, iphone11]
INFO:root:[Customer]:(Patricia Bronstein,2) Ad Space cleared 
INFO:root:[Customer]:(Joaquin Mccormick,2): Next Quarter Begins 
INFO:root:[Seller]:(SAMSUNG MOBILES,2): Next Quarter Begins 
INFO:root:[Customer]:(Joaquin Mccormick,2) currently seeing ads for the Products:[iphoneX, Xperia, iphone11]
INFO:root:[Seller]:(APPLE INC,2): Next Quarter Begins 
INFO:root:[Seller]: (SAMSUNG MOBILES,2) CEO selected advert_type as BASIC for Note
INFO:root:[Customer]:(Joaquin Mccormick,2) Ad Space cleared 
INFO:root:[Seller]: (APPLE INC,2) CEO selected advert_type as BASIC for iphoneX
INFO:root:[Seller]: (SAMSUNG MOBILES,2) CEO selected advert scale 47
INFO:root:[Seller]: (APPLE INC,2) CEO selected advert_type as BASIC for iphone11
INFO:root:[Seller]: (SAMSUNG MOBILES,2) Revenue in previous quarter:0
INFO:root:[Seller]: (APPLE INC,2) CEO selected advert scale 65
INFO:root:[Seller]: (SAMSUNG MOBILES,2) Expenses in previous quarter:25
INFO:root:[Seller]: (APPLE INC,2) Revenue in previous quarter:350
INFO:root:[Seller]: (SAMSUNG MOBILES,2) Profit in previous quarter:-25
INFO:root:[Seller]: (APPLE INC,2) Expenses in previous quarter:50
INFO:root:[Seller]: (SAMSUNG MOBILES,2) Sentiment for Note in previous quarter:1
INFO:root:[Seller]: (APPLE INC,2) Profit in previous quarter:300
INFO:root:[GoogleAds]: Google pushed the BASIC Ad for product Note to users Wilma Payne, Ann Pacheco, Wilma Payne, Patricia Bronstein, Joaquin Mccormick 
INFO:root:[Seller]: (APPLE INC,2) Sentiment for iphoneX in previous quarter:1
INFO:root:[GoogleAds]: Google billed the Seller {'APPLE INC': [25, 25], 'SAMSUNG MOBILES': [25, 25], 'SONY': [25]}  
INFO:root:[Seller]: (APPLE INC,2) Sentiment for iphone11 in previous quarter:1
INFO:root:[GoogleAds]: Google pushed the BASIC Ad for product iphoneX to users Joaquin Mccormick, Kay Medina, Patricia Bronstein, Patricia Bronstein, Joaquin Mccormick 
INFO:root:[GoogleAds]: Google billed the Seller {'APPLE INC': [25, 25, 25], 'SAMSUNG MOBILES': [25, 25], 'SONY': [25]}  
INFO:root:[GoogleAds]: Google pushed the BASIC Ad for product iphone11 to users Patricia Bronstein, Joaquin Mccormick, Wilma Payne, Kay Medina, Joaquin Mccormick 
INFO:root:[GoogleAds]: Google billed the Seller {'APPLE INC': [25, 25, 25, 25], 'SAMSUNG MOBILES': [25, 25], 'SONY': [25]}  
INFO:root:[Seller]:(SONY,2): Next Quarter Begins 
INFO:root:[Seller]: (SONY,2) CEO selected advert_type as BASIC for Xperia
INFO:root:[Seller]: (SONY,2) CEO selected advert scale 47
INFO:root:[Seller]: (SONY,2) Revenue in previous quarter:0
INFO:root:[Seller]: (SONY,2) Expenses in previous quarter:25
INFO:root:[Seller]: (SONY,2) Profit in previous quarter:-25
INFO:root:[Seller]: (SONY,2) Sentiment for Xperia in previous quarter:1
INFO:root:[GoogleAds]: Google pushed the BASIC Ad for product Xperia to users Wilma Payne, Kay Medina, Joaquin Mccormick, Patricia Bronstein, Wilma Payne 
INFO:root:[GoogleAds]: Google billed the Seller {'APPLE INC': [25, 25, 25, 25], 'SAMSUNG MOBILES': [25, 25], 'SONY': [25, 25]}  
INFO:root:[Customer]:(Ann Pacheco,3): Next Quarter Begins 
INFO:root:[Customer]:(Ann Pacheco,3) currently seeing ads for the Products:[Note]
INFO:root:[Customer]:***(Ann Pacheco,3)bought the new product:[Note]
INFO:root:[Market]:Notify Seller SAMSUNG MOBILES about the sale of product Note 
INFO:root:[Market]:Get the amount $ 200 from buyer Ann Pacheco for product Note 
INFO:root:[GoogleAds]: Google purchase history ('iphoneX', []) 
INFO:root:[GoogleAds]: Google purchase history ('iphone11', ['Kay Medina']) 
INFO:root:[GoogleAds]: Google purchase history ('Note', ['Ann Pacheco']) 
INFO:root:[GoogleAds]: Google purchase history ('Xperia', []) 
INFO:root:[Market]:Add buyer Ann Pacheco purchased the product Note to google Add track history
INFO:root:[Customer]:(Ann Pacheco,3) Ad Space cleared 
INFO:root:[Twitter]:History of Twitter post ('iphoneX', []) 
INFO:root:[Twitter]:History of Twitter post ('iphone11', []) 
INFO:root:[Twitter]:History of Twitter post ('Note', [('Ann Pacheco', 'POSITIVE')]) 
INFO:root:[Twitter]:History of Twitter post ('Xperia', []) 
INFO:root:[Customer]:(Ann Pacheco,3) Posted POSITIVE tweet for the product Note
INFO:root:[Customer]:(Kay Medina,3): Next Quarter Begins 
INFO:root:[Customer]:(Kay Medina,3) currently seeing ads for the Products:[iphoneX, Xperia, iphone11]
INFO:root:[Customer]:(Kay Medina,3) Ad Space cleared 
INFO:root:[Customer]:(Wilma Payne,3): Next Quarter Begins 
INFO:root:[Customer]:(Wilma Payne,3) currently seeing ads for the Products:[Xperia, Note, iphone11]
INFO:root:[Customer]:***(Wilma Payne,3)bought the new product:[Note]
INFO:root:[Market]:Notify Seller SAMSUNG MOBILES about the sale of product Note 
INFO:root:[Market]:Get the amount $ 200 from buyer Wilma Payne for product Note 
INFO:root:[GoogleAds]: Google purchase history ('iphoneX', []) 
INFO:root:[GoogleAds]: Google purchase history ('iphone11', ['Kay Medina']) 
INFO:root:[GoogleAds]: Google purchase history ('Note', ['Ann Pacheco', 'Wilma Payne']) 
INFO:root:[GoogleAds]: Google purchase history ('Xperia', []) 
INFO:root:[Market]:Add buyer Wilma Payne purchased the product Note to google Add track history
INFO:root:[Customer]:***(Wilma Payne,3)bought the new product:[iphone11]
INFO:root:[Customer]:(Wilma Payne,3) Ad Space cleared 
INFO:root:[Twitter]:History of Twitter post ('iphoneX', []) 
INFO:root:[Twitter]:History of Twitter post ('iphone11', []) 
INFO:root:[Twitter]:History of Twitter post ('Note', [('Ann Pacheco', 'POSITIVE'), ('Wilma Payne', 'POSITIVE')]) 
INFO:root:[Twitter]:History of Twitter post ('Xperia', []) 
INFO:root:[Customer]:(Wilma Payne,3) Posted POSITIVE tweet for the product Note
INFO:root:[Customer]:(Patricia Bronstein,3): Next Quarter Begins 
INFO:root:[Customer]:(Patricia Bronstein,3) currently seeing ads for the Products:[iphoneX, Xperia, Note, iphone11]
INFO:root:[Customer]:***(Patricia Bronstein,3)bought the new product:[Note]
INFO:root:[Market]:Notify Seller SAMSUNG MOBILES about the sale of product Note 
INFO:root:[Market]:Get the amount $ 200 from buyer Patricia Bronstein for product Note 
INFO:root:[GoogleAds]: Google purchase history ('iphoneX', []) 
INFO:root:[GoogleAds]: Google purchase history ('iphone11', ['Kay Medina']) 
INFO:root:[GoogleAds]: Google purchase history ('Note', ['Ann Pacheco', 'Wilma Payne', 'Patricia Bronstein']) 
INFO:root:[GoogleAds]: Google purchase history ('Xperia', []) 
INFO:root:[Market]:Add buyer Patricia Bronstein purchased the product Note to google Add track history
INFO:root:[Customer]:(Patricia Bronstein,3) Ad Space cleared 
INFO:root:[Twitter]:History of Twitter post ('iphoneX', []) 
INFO:root:[Twitter]:History of Twitter post ('iphone11', []) 
INFO:root:[Twitter]:History of Twitter post ('Note', [('Ann Pacheco', 'POSITIVE'), ('Wilma Payne', 'POSITIVE'), ('Patricia Bronstein', 'POSITIVE')]) 
INFO:root:[Twitter]:History of Twitter post ('Xperia', []) 
INFO:root:[Customer]:(Patricia Bronstein,3) Posted POSITIVE tweet for the product Note
INFO:root:[Customer]:(Joaquin Mccormick,3): Next Quarter Begins 
INFO:root:[Seller]:(SAMSUNG MOBILES,3): Next Quarter Begins 
INFO:root:[Seller]:(APPLE INC,3): Next Quarter Begins 
INFO:root:[Customer]:(Joaquin Mccormick,3) currently seeing ads for the Products:[iphoneX, Xperia, Note, iphone11]
INFO:root:[Seller]: (SAMSUNG MOBILES,3) CEO selected advert_type as TARGETED for Note
INFO:root:[Seller]: (APPLE INC,3) CEO selected advert_type as BASIC for iphoneX
INFO:root:[Seller]:(SONY,3): Next Quarter Begins 
INFO:root:[Customer]:***(Joaquin Mccormick,3)bought the new product:[iphoneX]
INFO:root:[Seller]: (SAMSUNG MOBILES,3) CEO selected advert scale 52
INFO:root:[Seller]: (APPLE INC,3) CEO selected advert_type as BASIC for iphone11
INFO:root:[Seller]: (SONY,3) CEO selected advert_type as BASIC for Xperia
INFO:root:[Market]:Notify Seller APPLE INC about the sale of product iphoneX 
INFO:root:[Seller]: (SAMSUNG MOBILES,3) Revenue in previous quarter:600
INFO:root:[Seller]: (APPLE INC,3) CEO selected advert scale 62
INFO:root:[Seller]: (SONY,3) CEO selected advert scale 45
INFO:root:[Market]:Get the amount $ 300 from buyer Joaquin Mccormick for product iphoneX 
INFO:root:[Seller]: (SAMSUNG MOBILES,3) Expenses in previous quarter:25
INFO:root:[Seller]: (APPLE INC,3) Revenue in previous quarter:0
INFO:root:[Seller]: (SONY,3) Revenue in previous quarter:0
INFO:root:[GoogleAds]: Google purchase history ('iphoneX', ['Joaquin Mccormick']) 
INFO:root:[Seller]: (SAMSUNG MOBILES,3) Profit in previous quarter:575
INFO:root:[Seller]: (APPLE INC,3) Expenses in previous quarter:50
INFO:root:[Seller]: (SONY,3) Expenses in previous quarter:25
INFO:root:[GoogleAds]: Google purchase history ('iphone11', ['Kay Medina']) 
INFO:root:[Seller]: (SAMSUNG MOBILES,3) Sentiment for Note in previous quarter:1
INFO:root:[Seller]: (APPLE INC,3) Profit in previous quarter:-50
INFO:root:[Seller]: (SONY,3) Profit in previous quarter:-25
INFO:root:[GoogleAds]: Google purchase history ('Note', ['Ann Pacheco', 'Wilma Payne', 'Patricia Bronstein']) 
INFO:root:[Seller]: (APPLE INC,3) Sentiment for iphoneX in previous quarter:1
INFO:root:[Seller]: (SONY,3) Sentiment for Xperia in previous quarter:1
INFO:root:[GoogleAds]: Google purchase history ('Xperia', []) 
INFO:root:[Seller]: (APPLE INC,3) Sentiment for iphone11 in previous quarter:1
INFO:root:[Market]:Add buyer Joaquin Mccormick purchased the product iphoneX to google Add track history
INFO:root:[GoogleAds]: Google pushed the TARGETED Ad for product Note to user Kay Medina, Ann Pacheco, Kay Medina, Wilma Payne, Joaquin Mccormick 
INFO:root:[Customer]:(Joaquin Mccormick,3) Ad Space cleared 
INFO:root:[GoogleAds]: Google billed the Seller {'APPLE INC': [25, 25, 25, 25], 'SAMSUNG MOBILES': [25, 25, 50], 'SONY': [25, 25]}  
INFO:root:[GoogleAds]: Google pushed the BASIC Ad for product Xperia to users Joaquin Mccormick, Joaquin Mccormick, Patricia Bronstein, Joaquin Mccormick, Wilma Payne 
INFO:root:[GoogleAds]: Google billed the Seller {'APPLE INC': [25, 25, 25, 25], 'SAMSUNG MOBILES': [25, 25, 50], 'SONY': [25, 25, 25]}  
INFO:root:[GoogleAds]: Google pushed the BASIC Ad for product iphoneX to users Wilma Payne, Ann Pacheco, Wilma Payne, Joaquin Mccormick, Joaquin Mccormick 
INFO:root:[GoogleAds]: Google billed the Seller {'APPLE INC': [25, 25, 25, 25, 25], 'SAMSUNG MOBILES': [25, 25, 50], 'SONY': [25, 25, 25]}  
INFO:root:[GoogleAds]: Google pushed the BASIC Ad for product iphone11 to users Joaquin Mccormick, Kay Medina, Ann Pacheco, Joaquin Mccormick, Ann Pacheco 
INFO:root:[GoogleAds]: Google billed the Seller {'APPLE INC': [25, 25, 25, 25, 25, 25], 'SAMSUNG MOBILES': [25, 25, 50], 'SONY': [25, 25, 25]}  
INFO:root:[Customer]:(Ann Pacheco,4): Next Quarter Begins 
INFO:root:[Customer]:(Ann Pacheco,4) currently seeing ads for the Products:[iphoneX, Note, iphone11]
INFO:root:[Customer]:(Ann Pacheco,4) Ad Space cleared 
INFO:root:[Customer]:(Kay Medina,4): Next Quarter Begins 
INFO:root:[Customer]:(Kay Medina,4) currently seeing ads for the Products:[Note, iphone11]
INFO:root:[Customer]:(Wilma Payne,4): Next Quarter Begins 
INFO:root:[Customer]:(Kay Medina,4) Ad Space cleared 
INFO:root:[Customer]:(Wilma Payne,4) currently seeing ads for the Products:[iphoneX, Xperia, Note]
INFO:root:[Twitter]:History of Twitter post ('iphoneX', []) 
INFO:root:[Customer]:***(Wilma Payne,4)bought the new product:[iphoneX]
INFO:root:[Twitter]:History of Twitter post ('iphone11', [('Kay Medina', 'POSITIVE')]) 
INFO:root:[Market]:Notify Seller APPLE INC about the sale of product iphoneX 
INFO:root:[Twitter]:History of Twitter post ('Note', [('Ann Pacheco', 'POSITIVE'), ('Wilma Payne', 'POSITIVE'), ('Patricia Bronstein', 'POSITIVE')]) 
INFO:root:[Market]:Get the amount $ 300 from buyer Wilma Payne for product iphoneX 
INFO:root:[Twitter]:History of Twitter post ('Xperia', []) 
INFO:root:[GoogleAds]: Google purchase history ('iphoneX', ['Joaquin Mccormick', 'Wilma Payne']) 
INFO:root:[Customer]:(Kay Medina,4) Posted POSITIVE tweet for the product iphone11
INFO:root:[GoogleAds]: Google purchase history ('iphone11', ['Kay Medina']) 
INFO:root:[GoogleAds]: Google purchase history ('Note', ['Ann Pacheco', 'Wilma Payne', 'Patricia Bronstein']) 
INFO:root:[GoogleAds]: Google purchase history ('Xperia', []) 
INFO:root:[Market]:Add buyer Wilma Payne purchased the product iphoneX to google Add track history
INFO:root:[Customer]:(Wilma Payne,4) Ad Space cleared 
INFO:root:[Twitter]:History of Twitter post ('iphoneX', []) 
INFO:root:[Twitter]:History of Twitter post ('iphone11', [('Kay Medina', 'POSITIVE')]) 
INFO:root:[Twitter]:History of Twitter post ('Note', [('Ann Pacheco', 'POSITIVE'), ('Wilma Payne', 'POSITIVE'), ('Patricia Bronstein', 'POSITIVE'), ('Wilma Payne', 'POSITIVE')]) 
INFO:root:[Twitter]:History of Twitter post ('Xperia', []) 
INFO:root:[Customer]:(Wilma Payne,4) Posted POSITIVE tweet for the product Note
INFO:root:[Customer]:(Patricia Bronstein,4): Next Quarter Begins 
INFO:root:[Customer]:(Patricia Bronstein,4) currently seeing ads for the Products:[Xperia]
INFO:root:[Customer]:(Patricia Bronstein,4) Ad Space cleared 
INFO:root:[Customer]:(Joaquin Mccormick,4): Next Quarter Begins 
INFO:root:[Seller]:(SAMSUNG MOBILES,4): Next Quarter Begins 
INFO:root:[Customer]:(Joaquin Mccormick,4) currently seeing ads for the Products:[iphoneX, Xperia, Note, iphone11]
INFO:root:[Seller]:(SONY,4): Next Quarter Begins 
INFO:root:[Seller]: (SAMSUNG MOBILES,4) CEO selected advert_type as TARGETED for Note
INFO:root:[Seller]:(APPLE INC,4): Next Quarter Begins 
INFO:root:[Customer]:(Joaquin Mccormick,4) Ad Space cleared 
INFO:root:[Seller]: (SONY,4) CEO selected advert_type as BASIC for Xperia
INFO:root:[Seller]: (SAMSUNG MOBILES,4) CEO selected advert scale 50
INFO:root:[Seller]: (APPLE INC,4) CEO selected advert_type as BASIC for iphoneX
INFO:root:[Twitter]:History of Twitter post ('iphoneX', [('Joaquin Mccormick', 'POSITIVE')]) 
INFO:root:[Seller]: (SONY,4) CEO selected advert scale 42
INFO:root:[Seller]: (SAMSUNG MOBILES,4) Revenue in previous quarter:0
INFO:root:[Seller]: (APPLE INC,4) CEO selected advert_type as BASIC for iphone11
INFO:root:[Twitter]:History of Twitter post ('iphone11', [('Kay Medina', 'POSITIVE')]) 
INFO:root:[Seller]: (SONY,4) Revenue in previous quarter:0
INFO:root:[Seller]: (SAMSUNG MOBILES,4) Expenses in previous quarter:50
INFO:root:[Seller]: (APPLE INC,4) CEO selected advert scale 90
INFO:root:[Twitter]:History of Twitter post ('Note', [('Ann Pacheco', 'POSITIVE'), ('Wilma Payne', 'POSITIVE'), ('Patricia Bronstein', 'POSITIVE'), ('Wilma Payne', 'POSITIVE')]) 
INFO:root:[Seller]: (SONY,4) Expenses in previous quarter:25
INFO:root:[Seller]: (SAMSUNG MOBILES,4) Profit in previous quarter:-50
INFO:root:[Seller]: (APPLE INC,4) Revenue in previous quarter:600
INFO:root:[Twitter]:History of Twitter post ('Xperia', []) 
INFO:root:[Seller]: (SONY,4) Profit in previous quarter:-25
INFO:root:[Seller]: (SAMSUNG MOBILES,4) Sentiment for Note in previous quarter:1
INFO:root:[Seller]: (APPLE INC,4) Expenses in previous quarter:50
INFO:root:[Customer]:(Joaquin Mccormick,4) Posted POSITIVE tweet for the product iphoneX
INFO:root:[Seller]: (SONY,4) Sentiment for Xperia in previous quarter:1
INFO:root:[GoogleAds]: Google pushed the TARGETED Ad for product Note to user Joaquin Mccormick, Wilma Payne, Ann Pacheco, Wilma Payne, Ann Pacheco 
INFO:root:[Seller]: (APPLE INC,4) Profit in previous quarter:550
INFO:root:[GoogleAds]: Google billed the Seller {'APPLE INC': [25, 25, 25, 25, 25, 25], 'SAMSUNG MOBILES': [25, 25, 50, 50], 'SONY': [25, 25, 25]}  
INFO:root:[Seller]: (APPLE INC,4) Sentiment for iphoneX in previous quarter:1
INFO:root:[GoogleAds]: Google pushed the BASIC Ad for product Xperia to users Joaquin Mccormick, Joaquin Mccormick, Joaquin Mccormick, Wilma Payne, Joaquin Mccormick 
INFO:root:[Seller]: (APPLE INC,4) Sentiment for iphone11 in previous quarter:1
INFO:root:[GoogleAds]: Google billed the Seller {'APPLE INC': [25, 25, 25, 25, 25, 25], 'SAMSUNG MOBILES': [25, 25, 50, 50], 'SONY': [25, 25, 25, 25]}  
INFO:root:[GoogleAds]: Google pushed the BASIC Ad for product iphoneX to users Kay Medina, Ann Pacheco, Ann Pacheco, Ann Pacheco, Joaquin Mccormick 
INFO:root:[GoogleAds]: Google billed the Seller {'APPLE INC': [25, 25, 25, 25, 25, 25, 25], 'SAMSUNG MOBILES': [25, 25, 50, 50], 'SONY': [25, 25, 25, 25]}  
INFO:root:[GoogleAds]: Google pushed the BASIC Ad for product iphone11 to users Wilma Payne, Ann Pacheco, Patricia Bronstein, Patricia Bronstein, Wilma Payne 
INFO:root:[GoogleAds]: Google billed the Seller {'APPLE INC': [25, 25, 25, 25, 25, 25, 25, 25], 'SAMSUNG MOBILES': [25, 25, 50, 50], 'SONY': [25, 25, 25, 25]}  
INFO:root:[Customer]:(Ann Pacheco,5): Next Quarter Begins 
INFO:root:[Customer]:(Ann Pacheco,5) currently seeing ads for the Products:[iphoneX, Note, iphone11]
INFO:root:[Customer]:(Ann Pacheco,5) Ad Space cleared 
INFO:root:[Customer]:(Kay Medina,5): Next Quarter Begins 
INFO:root:[Customer]:(Kay Medina,5) currently seeing ads for the Products:[iphoneX]
INFO:root:[Customer]:(Kay Medina,5) Ad Space cleared 
INFO:root:[Customer]:(Wilma Payne,5): Next Quarter Begins 
INFO:root:[Customer]:(Wilma Payne,5) currently seeing ads for the Products:[Xperia, Note, iphone11]
INFO:root:[Customer]:(Wilma Payne,5) Ad Space cleared 
INFO:root:[Twitter]:History of Twitter post ('iphoneX', [('Joaquin Mccormick', 'POSITIVE')]) 
INFO:root:[Twitter]:History of Twitter post ('iphone11', [('Kay Medina', 'POSITIVE')]) 
INFO:root:[Twitter]:History of Twitter post ('Note', [('Ann Pacheco', 'POSITIVE'), ('Wilma Payne', 'POSITIVE'), ('Patricia Bronstein', 'POSITIVE'), ('Wilma Payne', 'POSITIVE'), ('Wilma Payne', 'POSITIVE')]) 
INFO:root:[Twitter]:History of Twitter post ('Xperia', []) 
INFO:root:[Customer]:(Wilma Payne,5) Posted POSITIVE tweet for the product Note
INFO:root:[Customer]:(Patricia Bronstein,5): Next Quarter Begins 
INFO:root:[Customer]:(Patricia Bronstein,5) currently seeing ads for the Products:[iphone11]
INFO:root:[Customer]:(Patricia Bronstein,5) Ad Space cleared 
INFO:root:[Customer]:(Joaquin Mccormick,5): Next Quarter Begins 
INFO:root:[Customer]:(Joaquin Mccormick,5) currently seeing ads for the Products:[iphoneX, Xperia, Note]
INFO:root:[Customer]:(Joaquin Mccormick,5) Ad Space cleared 
INFO:root:[Seller]:(SAMSUNG MOBILES,5): Next Quarter Begins 
INFO:root:[Seller]: (SAMSUNG MOBILES,5) CEO selected advert_type as TARGETED for Note
INFO:root:[Seller]: (SAMSUNG MOBILES,5) CEO selected advert scale 47
INFO:root:[Seller]: (SAMSUNG MOBILES,5) Revenue in previous quarter:0
INFO:root:[Seller]: (SAMSUNG MOBILES,5) Expenses in previous quarter:50
INFO:root:[Seller]: (SAMSUNG MOBILES,5) Profit in previous quarter:-50
INFO:root:[Seller]: (SAMSUNG MOBILES,5) Sentiment for Note in previous quarter:1
INFO:root:[GoogleAds]: Google pushed the TARGETED Ad for product Note to user Patricia Bronstein, Wilma Payne, Patricia Bronstein, Ann Pacheco, Patricia Bronstein 
INFO:root:[GoogleAds]: Google billed the Seller {'APPLE INC': [25, 25, 25, 25, 25, 25, 25, 25], 'SAMSUNG MOBILES': [25, 25, 50, 50, 50], 'SONY': [25, 25, 25, 25]}  
INFO:root:[Seller]:(SONY,5): Next Quarter Begins 
INFO:root:[Seller]: (SONY,5) CEO selected advert_type as BASIC for Xperia
INFO:root:[Seller]: (SONY,5) CEO selected advert scale 40
INFO:root:[Seller]: (SONY,5) Revenue in previous quarter:0
INFO:root:[Seller]: (SONY,5) Expenses in previous quarter:25
INFO:root:[Seller]: (SONY,5) Profit in previous quarter:-25
INFO:root:[Seller]: (SONY,5) Sentiment for Xperia in previous quarter:1
INFO:root:[Seller]:(APPLE INC,5): Next Quarter Begins 
INFO:root:[GoogleAds]: Google pushed the BASIC Ad for product Xperia to users Wilma Payne, Wilma Payne, Patricia Bronstein, Patricia Bronstein, Joaquin Mccormick 
INFO:root:[Seller]: (APPLE INC,5) CEO selected advert_type as BASIC for iphoneX
INFO:root:[GoogleAds]: Google billed the Seller {'APPLE INC': [25, 25, 25, 25, 25, 25, 25, 25], 'SAMSUNG MOBILES': [25, 25, 50, 50, 50], 'SONY': [25, 25, 25, 25, 25]}  
INFO:root:[Seller]: (APPLE INC,5) CEO selected advert_type as BASIC for iphone11
INFO:root:[Seller]: (APPLE INC,5) CEO selected advert scale 87
INFO:root:[Seller]: (APPLE INC,5) Revenue in previous quarter:0
INFO:root:[Seller]: (APPLE INC,5) Expenses in previous quarter:50
INFO:root:[Seller]: (APPLE INC,5) Profit in previous quarter:-50
INFO:root:[Seller]: (APPLE INC,5) Sentiment for iphoneX in previous quarter:1
INFO:root:[Seller]: (APPLE INC,5) Sentiment for iphone11 in previous quarter:1
INFO:root:[GoogleAds]: Google pushed the BASIC Ad for product iphoneX to users Joaquin Mccormick, Kay Medina, Kay Medina, Kay Medina, Kay Medina 
INFO:root:[GoogleAds]: Google billed the Seller {'APPLE INC': [25, 25, 25, 25, 25, 25, 25, 25, 25], 'SAMSUNG MOBILES': [25, 25, 50, 50, 50], 'SONY': [25, 25, 25, 25, 25]}  
INFO:root:[GoogleAds]: Google pushed the BASIC Ad for product iphone11 to users Patricia Bronstein, Wilma Payne, Joaquin Mccormick, Patricia Bronstein, Joaquin Mccormick 
INFO:root:[GoogleAds]: Google billed the Seller {'APPLE INC': [25, 25, 25, 25, 25, 25, 25, 25, 25, 25], 'SAMSUNG MOBILES': [25, 25, 50, 50, 50], 'SONY': [25, 25, 25, 25, 25]}  
INFO:root:[Customer]:(Ann Pacheco,6): Next Quarter Begins 
INFO:root:[Customer]:(Ann Pacheco,6) currently seeing ads for the Products:[Note]
INFO:root:[Customer]:(Ann Pacheco,6) Ad Space cleared 
INFO:root:[Twitter]:History of Twitter post ('iphoneX', [('Joaquin Mccormick', 'POSITIVE')]) 
INFO:root:[Twitter]:History of Twitter post ('iphone11', [('Kay Medina', 'POSITIVE')]) 
INFO:root:[Twitter]:History of Twitter post ('Note', [('Ann Pacheco', 'POSITIVE'), ('Wilma Payne', 'POSITIVE'), ('Patricia Bronstein', 'POSITIVE'), ('Wilma Payne', 'POSITIVE'), ('Wilma Payne', 'POSITIVE'), ('Ann Pacheco', 'POSITIVE')]) 
INFO:root:[Twitter]:History of Twitter post ('Xperia', []) 
INFO:root:[Customer]:(Ann Pacheco,6) Posted POSITIVE tweet for the product Note
INFO:root:[Customer]:(Kay Medina,6): Next Quarter Begins 
INFO:root:[Customer]:(Kay Medina,6) currently seeing ads for the Products:[iphoneX]
INFO:root:[Customer]:(Wilma Payne,6): Next Quarter Begins 
INFO:root:[Customer]:(Kay Medina,6) Ad Space cleared 
INFO:root:[Customer]:(Wilma Payne,6) currently seeing ads for the Products:[Xperia, Note, iphone11]
INFO:root:[Customer]:(Wilma Payne,6) Ad Space cleared 
INFO:root:[Twitter]:History of Twitter post ('iphoneX', [('Joaquin Mccormick', 'POSITIVE')]) 
INFO:root:[Twitter]:History of Twitter post ('iphone11', [('Kay Medina', 'POSITIVE')]) 
INFO:root:[Twitter]:History of Twitter post ('Note', [('Ann Pacheco', 'POSITIVE'), ('Wilma Payne', 'POSITIVE'), ('Patricia Bronstein', 'POSITIVE'), ('Wilma Payne', 'POSITIVE'), ('Wilma Payne', 'POSITIVE'), ('Ann Pacheco', 'POSITIVE'), ('Wilma Payne', 'POSITIVE')]) 
INFO:root:[Twitter]:History of Twitter post ('Xperia', []) 
INFO:root:[Customer]:(Wilma Payne,6) Posted POSITIVE tweet for the product Note
INFO:root:[Customer]:(Patricia Bronstein,6): Next Quarter Begins 
INFO:root:[Customer]:(Patricia Bronstein,6) currently seeing ads for the Products:[Xperia, Note, iphone11]
INFO:root:[Customer]:(Patricia Bronstein,6) Ad Space cleared 
INFO:root:[Customer]:(Joaquin Mccormick,6): Next Quarter Begins 
INFO:root:[Customer]:(Joaquin Mccormick,6) currently seeing ads for the Products:[iphoneX, Xperia, iphone11]
INFO:root:[Seller]:(SAMSUNG MOBILES,6): Next Quarter Begins 
INFO:root:[Customer]:(Joaquin Mccormick,6) Ad Space cleared 
INFO:root:[Seller]: (SAMSUNG MOBILES,6) CEO selected advert_type as TARGETED for Note
INFO:root:[Seller]: (SAMSUNG MOBILES,6) CEO selected advert scale 45
INFO:root:[Seller]: (SAMSUNG MOBILES,6) Revenue in previous quarter:0
INFO:root:[Seller]: (SAMSUNG MOBILES,6) Expenses in previous quarter:50
INFO:root:[Seller]: (SAMSUNG MOBILES,6) Profit in previous quarter:-50
INFO:root:[Seller]: (SAMSUNG MOBILES,6) Sentiment for Note in previous quarter:1
INFO:root:[GoogleAds]: Google pushed the TARGETED Ad for product Note to user Kay Medina, Wilma Payne, Kay Medina, Patricia Bronstein, Kay Medina 
INFO:root:[GoogleAds]: Google billed the Seller {'APPLE INC': [25, 25, 25, 25, 25, 25, 25, 25, 25, 25], 'SAMSUNG MOBILES': [25, 25, 50, 50, 50, 50], 'SONY': [25, 25, 25, 25, 25]}  
INFO:root:[Seller]:(SONY,6): Next Quarter Begins 
INFO:root:[Seller]:(APPLE INC,6): Next Quarter Begins 
INFO:root:[Seller]: (SONY,6) CEO selected advert_type as BASIC for Xperia
INFO:root:[Seller]: (APPLE INC,6) CEO selected advert_type as BASIC for iphoneX
INFO:root:[Seller]: (SONY,6) CEO selected advert scale 37
INFO:root:[Seller]: (SONY,6) Revenue in previous quarter:0
INFO:root:[Seller]: (SONY,6) Expenses in previous quarter:25
INFO:root:[Seller]: (SONY,6) Profit in previous quarter:-25
INFO:root:[Seller]: (SONY,6) Sentiment for Xperia in previous quarter:1
INFO:root:[GoogleAds]: Google pushed the BASIC Ad for product Xperia to users Wilma Payne, Patricia Bronstein, Ann Pacheco, Wilma Payne, Patricia Bronstein 
INFO:root:[GoogleAds]: Google billed the Seller {'APPLE INC': [25, 25, 25, 25, 25, 25, 25, 25, 25, 25], 'SAMSUNG MOBILES': [25, 25, 50, 50, 50, 50], 'SONY': [25, 25, 25, 25, 25, 25]}  
INFO:root:[Seller]: (APPLE INC,6) CEO selected advert_type as BASIC for iphone11
INFO:root:[Seller]: (APPLE INC,6) CEO selected advert scale 85
INFO:root:[Seller]: (APPLE INC,6) Revenue in previous quarter:0
INFO:root:[Seller]: (APPLE INC,6) Expenses in previous quarter:50
INFO:root:[Seller]: (APPLE INC,6) Profit in previous quarter:-50
INFO:root:[Seller]: (APPLE INC,6) Sentiment for iphoneX in previous quarter:1
INFO:root:[Seller]: (APPLE INC,6) Sentiment for iphone11 in previous quarter:1
INFO:root:[GoogleAds]: Google pushed the BASIC Ad for product iphoneX to users Wilma Payne, Patricia Bronstein, Kay Medina, Ann Pacheco, Joaquin Mccormick 
INFO:root:[GoogleAds]: Google billed the Seller {'APPLE INC': [25, 25, 25, 25, 25, 25, 25, 25, 25, 25, 25], 'SAMSUNG MOBILES': [25, 25, 50, 50, 50, 50], 'SONY': [25, 25, 25, 25, 25, 25]}  
INFO:root:[GoogleAds]: Google pushed the BASIC Ad for product iphone11 to users Patricia Bronstein, Patricia Bronstein, Patricia Bronstein, Joaquin Mccormick, Kay Medina 
INFO:root:[GoogleAds]: Google billed the Seller {'APPLE INC': [25, 25, 25, 25, 25, 25, 25, 25, 25, 25, 25, 25], 'SAMSUNG MOBILES': [25, 25, 50, 50, 50, 50], 'SONY': [25, 25, 25, 25, 25, 25]}  
INFO:root:[Customer]:(Ann Pacheco,7): Next Quarter Begins 
INFO:root:[Customer]:(Ann Pacheco,7) currently seeing ads for the Products:[iphoneX, Xperia]
INFO:root:[Customer]:(Ann Pacheco,7) Ad Space cleared 
INFO:root:[Customer]:(Kay Medina,7): Next Quarter Begins 
INFO:root:[Customer]:(Wilma Payne,7): Next Quarter Begins 
INFO:root:[Customer]:(Kay Medina,7) currently seeing ads for the Products:[iphoneX, Note, iphone11]
INFO:root:[Customer]:(Wilma Payne,7) currently seeing ads for the Products:[iphoneX, Xperia, Note]
INFO:root:[Customer]:(Kay Medina,7) Ad Space cleared 
INFO:root:[Customer]:***(Wilma Payne,7)bought the new product:[Xperia]
INFO:root:[Twitter]:History of Twitter post ('iphoneX', [('Joaquin Mccormick', 'POSITIVE')]) 
INFO:root:[Customer]:(Wilma Payne,7) Ad Space cleared 
INFO:root:[Twitter]:History of Twitter post ('iphone11', [('Kay Medina', 'POSITIVE'), ('Kay Medina', 'POSITIVE')]) 
INFO:root:[Twitter]:History of Twitter post ('Note', [('Ann Pacheco', 'POSITIVE'), ('Wilma Payne', 'POSITIVE'), ('Patricia Bronstein', 'POSITIVE'), ('Wilma Payne', 'POSITIVE'), ('Wilma Payne', 'POSITIVE'), ('Ann Pacheco', 'POSITIVE'), ('Wilma Payne', 'POSITIVE')]) 
INFO:root:[Twitter]:History of Twitter post ('Xperia', []) 
INFO:root:[Customer]:(Kay Medina,7) Posted POSITIVE tweet for the product iphone11
INFO:root:[Customer]:(Patricia Bronstein,7): Next Quarter Begins 
INFO:root:[Customer]:(Patricia Bronstein,7) currently seeing ads for the Products:[iphoneX, Xperia, Note, iphone11]
INFO:root:[Customer]:***(Patricia Bronstein,7)bought the new product:[iphoneX]
INFO:root:[Market]:Notify Seller APPLE INC about the sale of product iphoneX 
INFO:root:[Market]:Get the amount $ 300 from buyer Patricia Bronstein for product iphoneX 
INFO:root:[GoogleAds]: Google purchase history ('iphoneX', ['Joaquin Mccormick', 'Wilma Payne', 'Patricia Bronstein']) 
INFO:root:[GoogleAds]: Google purchase history ('iphone11', ['Kay Medina']) 
INFO:root:[GoogleAds]: Google purchase history ('Note', ['Ann Pacheco', 'Wilma Payne', 'Patricia Bronstein']) 
INFO:root:[GoogleAds]: Google purchase history ('Xperia', []) 
INFO:root:[Market]:Add buyer Patricia Bronstein purchased the product iphoneX to google Add track history
INFO:root:[Customer]:(Patricia Bronstein,7) Ad Space cleared 
INFO:root:[Customer]:(Joaquin Mccormick,7): Next Quarter Begins 
INFO:root:[Seller]:(SAMSUNG MOBILES,7): Next Quarter Begins 
INFO:root:[Customer]:(Joaquin Mccormick,7) currently seeing ads for the Products:[iphoneX, iphone11]
INFO:root:[Seller]: (SAMSUNG MOBILES,7) CEO selected advert_type as TARGETED for Note
INFO:root:[Customer]:***(Joaquin Mccormick,7)bought the new product:[iphone11]
INFO:root:[Seller]: (SAMSUNG MOBILES,7) CEO selected advert scale 42
INFO:root:[Customer]:(Joaquin Mccormick,7) Ad Space cleared 
INFO:root:[Seller]: (SAMSUNG MOBILES,7) Revenue in previous quarter:0
INFO:root:[Seller]: (SAMSUNG MOBILES,7) Expenses in previous quarter:50
INFO:root:[Seller]: (SAMSUNG MOBILES,7) Profit in previous quarter:-50
INFO:root:[Seller]: (SAMSUNG MOBILES,7) Sentiment for Note in previous quarter:1
INFO:root:[GoogleAds]: Google pushed the TARGETED Ad for product Note to user Wilma Payne, Patricia Bronstein, Kay Medina, Joaquin Mccormick, Wilma Payne 
INFO:root:[GoogleAds]: Google billed the Seller {'APPLE INC': [25, 25, 25, 25, 25, 25, 25, 25, 25, 25, 25, 25], 'SAMSUNG MOBILES': [25, 25, 50, 50, 50, 50, 50], 'SONY': [25, 25, 25, 25, 25, 25]}  
INFO:root:[Seller]:(SONY,7): Next Quarter Begins 
INFO:root:[Seller]: (SONY,7) CEO selected advert_type as BASIC for Xperia
INFO:root:[Seller]: (SONY,7) CEO selected advert scale 35
INFO:root:[Seller]: (SONY,7) Revenue in previous quarter:0
INFO:root:[Seller]: (SONY,7) Expenses in previous quarter:25
INFO:root:[Seller]: (SONY,7) Profit in previous quarter:-25
INFO:root:[Seller]: (SONY,7) Sentiment for Xperia in previous quarter:1
INFO:root:[GoogleAds]: Google pushed the BASIC Ad for product Xperia to users Patricia Bronstein, Kay Medina, Kay Medina, Ann Pacheco, Joaquin Mccormick 
INFO:root:[GoogleAds]: Google billed the Seller {'APPLE INC': [25, 25, 25, 25, 25, 25, 25, 25, 25, 25, 25, 25], 'SAMSUNG MOBILES': [25, 25, 50, 50, 50, 50, 50], 'SONY': [25, 25, 25, 25, 25, 25, 25]}  
INFO:root:[Seller]:(APPLE INC,7): Next Quarter Begins 
INFO:root:[Seller]: (APPLE INC,7) CEO selected advert_type as TARGETED for iphoneX
INFO:root:[Seller]: (APPLE INC,7) CEO selected advert_type as BASIC for iphone11
INFO:root:[Seller]: (APPLE INC,7) CEO selected advert scale 65
INFO:root:[Seller]: (APPLE INC,7) Revenue in previous quarter:300
INFO:root:[Seller]: (APPLE INC,7) Expenses in previous quarter:50
INFO:root:[Seller]: (APPLE INC,7) Profit in previous quarter:250
INFO:root:[Seller]: (APPLE INC,7) Sentiment for iphoneX in previous quarter:1
INFO:root:[Seller]: (APPLE INC,7) Sentiment for iphone11 in previous quarter:1
INFO:root:[GoogleAds]: Google pushed the TARGETED Ad for product iphoneX to user Wilma Payne, Ann Pacheco, Ann Pacheco, Joaquin Mccormick, Kay Medina 
INFO:root:[GoogleAds]: Google billed the Seller {'APPLE INC': [25, 25, 25, 25, 25, 25, 25, 25, 25, 25, 25, 25, 50], 'SAMSUNG MOBILES': [25, 25, 50, 50, 50, 50, 50], 'SONY': [25, 25, 25, 25, 25, 25, 25]}  
INFO:root:[GoogleAds]: Google pushed the BASIC Ad for product iphone11 to users Joaquin Mccormick, Kay Medina, Kay Medina, Wilma Payne, Ann Pacheco 
INFO:root:[GoogleAds]: Google billed the Seller {'APPLE INC': [25, 25, 25, 25, 25, 25, 25, 25, 25, 25, 25, 25, 50, 25], 'SAMSUNG MOBILES': [25, 25, 50, 50, 50, 50, 50], 'SONY': [25, 25, 25, 25, 25, 25, 25]}  
INFO:root:[Customer]:(Ann Pacheco,8): Next Quarter Begins 
INFO:root:[Customer]:(Ann Pacheco,8) currently seeing ads for the Products:[iphoneX, Xperia, iphone11]
INFO:root:[Customer]:***(Ann Pacheco,8)bought the new product:[iphone11]
INFO:root:[Customer]:(Ann Pacheco,8) Ad Space cleared 
INFO:root:[Twitter]:History of Twitter post ('iphoneX', [('Joaquin Mccormick', 'POSITIVE')]) 
INFO:root:[Twitter]:History of Twitter post ('iphone11', [('Kay Medina', 'POSITIVE'), ('Kay Medina', 'POSITIVE')]) 
INFO:root:[Twitter]:History of Twitter post ('Note', [('Ann Pacheco', 'POSITIVE'), ('Wilma Payne', 'POSITIVE'), ('Patricia Bronstein', 'POSITIVE'), ('Wilma Payne', 'POSITIVE'), ('Wilma Payne', 'POSITIVE'), ('Ann Pacheco', 'POSITIVE'), ('Wilma Payne', 'POSITIVE'), ('Ann Pacheco', 'POSITIVE')]) 
INFO:root:[Twitter]:History of Twitter post ('Xperia', []) 
INFO:root:[Customer]:(Ann Pacheco,8) Posted POSITIVE tweet for the product Note
INFO:root:[Customer]:(Wilma Payne,8): Next Quarter Begins 
INFO:root:[Customer]:(Kay Medina,8): Next Quarter Begins 
INFO:root:[Customer]:(Wilma Payne,8) currently seeing ads for the Products:[iphoneX, Note, iphone11]
INFO:root:[Customer]:(Kay Medina,8) currently seeing ads for the Products:[iphoneX, Xperia, Note, iphone11]
INFO:root:[Customer]:(Wilma Payne,8) Ad Space cleared 
INFO:root:[Customer]:(Kay Medina,8) Ad Space cleared 
INFO:root:[Twitter]:History of Twitter post ('iphoneX', [('Joaquin Mccormick', 'POSITIVE')]) 
INFO:root:[Twitter]:History of Twitter post ('iphone11', [('Kay Medina', 'POSITIVE'), ('Kay Medina', 'POSITIVE'), ('Kay Medina', 'POSITIVE')]) 
INFO:root:[Twitter]:History of Twitter post ('Note', [('Ann Pacheco', 'POSITIVE'), ('Wilma Payne', 'POSITIVE'), ('Patricia Bronstein', 'POSITIVE'), ('Wilma Payne', 'POSITIVE'), ('Wilma Payne', 'POSITIVE'), ('Ann Pacheco', 'POSITIVE'), ('Wilma Payne', 'POSITIVE'), ('Ann Pacheco', 'POSITIVE')]) 
INFO:root:[Twitter]:History of Twitter post ('Xperia', []) 
INFO:root:[Customer]:(Kay Medina,8) Posted POSITIVE tweet for the product iphone11
INFO:root:[Customer]:(Patricia Bronstein,8): Next Quarter Begins 
INFO:root:[Customer]:(Patricia Bronstein,8) currently seeing ads for the Products:[Xperia, Note]
INFO:root:[Customer]:(Patricia Bronstein,8) Ad Space cleared 
INFO:root:[Customer]:(Joaquin Mccormick,8): Next Quarter Begins 
INFO:root:[Customer]:(Joaquin Mccormick,8) currently seeing ads for the Products:[iphoneX, Xperia, Note, iphone11]
INFO:root:[Customer]:(Joaquin Mccormick,8) Ad Space cleared 
INFO:root:[Seller]:(SAMSUNG MOBILES,8): Next Quarter Begins 
INFO:root:[Twitter]:History of Twitter post ('iphoneX', [('Joaquin Mccormick', 'POSITIVE'), ('Joaquin Mccormick', 'POSITIVE')]) 
INFO:root:[Seller]: (SAMSUNG MOBILES,8) CEO selected advert_type as TARGETED for Note
INFO:root:[Twitter]:History of Twitter post ('iphone11', [('Kay Medina', 'POSITIVE'), ('Kay Medina', 'POSITIVE'), ('Kay Medina', 'POSITIVE')]) 
INFO:root:[Seller]: (SAMSUNG MOBILES,8) CEO selected advert scale 40
INFO:root:[Twitter]:History of Twitter post ('Note', [('Ann Pacheco', 'POSITIVE'), ('Wilma Payne', 'POSITIVE'), ('Patricia Bronstein', 'POSITIVE'), ('Wilma Payne', 'POSITIVE'), ('Wilma Payne', 'POSITIVE'), ('Ann Pacheco', 'POSITIVE'), ('Wilma Payne', 'POSITIVE'), ('Ann Pacheco', 'POSITIVE')]) 
INFO:root:[Seller]: (SAMSUNG MOBILES,8) Revenue in previous quarter:0
INFO:root:[Twitter]:History of Twitter post ('Xperia', []) 
INFO:root:[Seller]: (SAMSUNG MOBILES,8) Expenses in previous quarter:50
INFO:root:[Customer]:(Joaquin Mccormick,8) Posted POSITIVE tweet for the product iphoneX
INFO:root:[Seller]: (SAMSUNG MOBILES,8) Profit in previous quarter:-50
INFO:root:[Seller]: (SAMSUNG MOBILES,8) Sentiment for Note in previous quarter:1
INFO:root:[GoogleAds]: Google pushed the TARGETED Ad for product Note to user Ann Pacheco, Kay Medina, Patricia Bronstein, Joaquin Mccormick, Ann Pacheco 
INFO:root:[GoogleAds]: Google billed the Seller {'APPLE INC': [25, 25, 25, 25, 25, 25, 25, 25, 25, 25, 25, 25, 50, 25], 'SAMSUNG MOBILES': [25, 25, 50, 50, 50, 50, 50, 50], 'SONY': [25, 25, 25, 25, 25, 25, 25]}  
INFO:root:[Seller]:(SONY,8): Next Quarter Begins 
INFO:root:[Seller]: (SONY,8) CEO selected advert_type as BASIC for Xperia
INFO:root:[Seller]: (SONY,8) CEO selected advert scale 32
INFO:root:[Seller]: (SONY,8) Revenue in previous quarter:0
INFO:root:[Seller]: (SONY,8) Expenses in previous quarter:25
INFO:root:[Seller]: (SONY,8) Profit in previous quarter:-25
INFO:root:[Seller]: (SONY,8) Sentiment for Xperia in previous quarter:1
INFO:root:[GoogleAds]: Google pushed the BASIC Ad for product Xperia to users Wilma Payne, Kay Medina, Ann Pacheco, Kay Medina, Kay Medina 
INFO:root:[GoogleAds]: Google billed the Seller {'APPLE INC': [25, 25, 25, 25, 25, 25, 25, 25, 25, 25, 25, 25, 50, 25], 'SAMSUNG MOBILES': [25, 25, 50, 50, 50, 50, 50, 50], 'SONY': [25, 25, 25, 25, 25, 25, 25, 25]}  
INFO:root:[Seller]:(APPLE INC,8): Next Quarter Begins 
INFO:root:[Seller]: (APPLE INC,8) CEO selected advert_type as TARGETED for iphoneX
INFO:root:[Seller]: (APPLE INC,8) CEO selected advert_type as BASIC for iphone11
INFO:root:[Seller]: (APPLE INC,8) CEO selected advert scale 62
INFO:root:[Seller]: (APPLE INC,8) Revenue in previous quarter:0
INFO:root:[Seller]: (APPLE INC,8) Expenses in previous quarter:75
INFO:root:[Seller]: (APPLE INC,8) Profit in previous quarter:-75
INFO:root:[Seller]: (APPLE INC,8) Sentiment for iphoneX in previous quarter:1
INFO:root:[Seller]: (APPLE INC,8) Sentiment for iphone11 in previous quarter:1
INFO:root:[GoogleAds]: Google pushed the TARGETED Ad for product iphoneX to user Ann Pacheco, Patricia Bronstein, Wilma Payne, Wilma Payne, Wilma Payne 
INFO:root:[GoogleAds]: Google billed the Seller {'APPLE INC': [25, 25, 25, 25, 25, 25, 25, 25, 25, 25, 25, 25, 50, 25, 50], 'SAMSUNG MOBILES': [25, 25, 50, 50, 50, 50, 50, 50], 'SONY': [25, 25, 25, 25, 25, 25, 25, 25]}  
INFO:root:[GoogleAds]: Google pushed the BASIC Ad for product iphone11 to users Wilma Payne, Ann Pacheco, Patricia Bronstein, Patricia Bronstein, Ann Pacheco 
INFO:root:[GoogleAds]: Google billed the Seller {'APPLE INC': [25, 25, 25, 25, 25, 25, 25, 25, 25, 25, 25, 25, 50, 25, 50, 25], 'SAMSUNG MOBILES': [25, 25, 50, 50, 50, 50, 50, 50], 'SONY': [25, 25, 25, 25, 25, 25, 25, 25]}  
INFO:root:[Customer]:(Ann Pacheco,9): Next Quarter Begins 
INFO:root:[Customer]:(Ann Pacheco,9) currently seeing ads for the Products:[iphoneX, Xperia, Note, iphone11]
INFO:root:[Customer]:***(Ann Pacheco,9)bought the new product:[iphone11]
INFO:root:[Customer]:(Ann Pacheco,9) Ad Space cleared 
INFO:root:[Customer]:(Wilma Payne,9): Next Quarter Begins 
INFO:root:[Customer]:(Wilma Payne,9) currently seeing ads for the Products:[iphoneX, Xperia, iphone11]
INFO:root:[Customer]:(Wilma Payne,9) Ad Space cleared 
INFO:root:[Twitter]:History of Twitter post ('iphoneX', [('Joaquin Mccormick', 'POSITIVE'), ('Joaquin Mccormick', 'POSITIVE')]) 
INFO:root:[Twitter]:History of Twitter post ('iphone11', [('Kay Medina', 'POSITIVE'), ('Kay Medina', 'POSITIVE'), ('Kay Medina', 'POSITIVE')]) 
INFO:root:[Twitter]:History of Twitter post ('Note', [('Ann Pacheco', 'POSITIVE'), ('Wilma Payne', 'POSITIVE'), ('Patricia Bronstein', 'POSITIVE'), ('Wilma Payne', 'POSITIVE'), ('Wilma Payne', 'POSITIVE'), ('Ann Pacheco', 'POSITIVE'), ('Wilma Payne', 'POSITIVE'), ('Ann Pacheco', 'POSITIVE'), ('Wilma Payne', 'POSITIVE')]) 
INFO:root:[Twitter]:History of Twitter post ('Xperia', []) 
INFO:root:[Customer]:(Wilma Payne,9) Posted POSITIVE tweet for the product Note
INFO:root:[Customer]:(Kay Medina,9): Next Quarter Begins 
INFO:root:[Customer]:(Kay Medina,9) currently seeing ads for the Products:[Xperia, Note]
INFO:root:[Customer]:(Kay Medina,9) Ad Space cleared 
INFO:root:[Twitter]:History of Twitter post ('iphoneX', [('Joaquin Mccormick', 'POSITIVE'), ('Joaquin Mccormick', 'POSITIVE')]) 
INFO:root:[Twitter]:History of Twitter post ('iphone11', [('Kay Medina', 'POSITIVE'), ('Kay Medina', 'POSITIVE'), ('Kay Medina', 'POSITIVE'), ('Kay Medina', 'POSITIVE')]) 
INFO:root:[Twitter]:History of Twitter post ('Note', [('Ann Pacheco', 'POSITIVE'), ('Wilma Payne', 'POSITIVE'), ('Patricia Bronstein', 'POSITIVE'), ('Wilma Payne', 'POSITIVE'), ('Wilma Payne', 'POSITIVE'), ('Ann Pacheco', 'POSITIVE'), ('Wilma Payne', 'POSITIVE'), ('Ann Pacheco', 'POSITIVE'), ('Wilma Payne', 'POSITIVE')]) 
INFO:root:[Twitter]:History of Twitter post ('Xperia', []) 
INFO:root:[Customer]:(Kay Medina,9) Posted POSITIVE tweet for the product iphone11
INFO:root:[Customer]:(Patricia Bronstein,9): Next Quarter Begins 
INFO:root:[Customer]:(Patricia Bronstein,9) currently seeing ads for the Products:[iphoneX, Note, iphone11]
INFO:root:[Customer]:***(Patricia Bronstein,9)bought the new product:[iphone11]
INFO:root:[Customer]:(Patricia Bronstein,9) Ad Space cleared 
INFO:root:[Customer]:(Joaquin Mccormick,9): Next Quarter Begins 
INFO:root:[Seller]:(SAMSUNG MOBILES,9): Next Quarter Begins 
INFO:root:[Seller]:(SONY,9): Next Quarter Begins 
INFO:root:[Customer]:(Joaquin Mccormick,9) currently seeing ads for the Products:[Note]
INFO:root:[Seller]: (SAMSUNG MOBILES,9) CEO selected advert_type as TARGETED for Note
INFO:root:[Seller]: (SONY,9) CEO selected advert_type as BASIC for Xperia
INFO:root:[Customer]:(Joaquin Mccormick,9) Ad Space cleared 
INFO:root:[Seller]: (SAMSUNG MOBILES,9) CEO selected advert scale 37
INFO:root:[Seller]: (SONY,9) CEO selected advert scale 30
INFO:root:[Twitter]:History of Twitter post ('iphoneX', [('Joaquin Mccormick', 'POSITIVE'), ('Joaquin Mccormick', 'POSITIVE'), ('Joaquin Mccormick', 'POSITIVE')]) 
INFO:root:[Seller]: (SAMSUNG MOBILES,9) Revenue in previous quarter:0
INFO:root:[Seller]: (SONY,9) Revenue in previous quarter:0
INFO:root:[Twitter]:History of Twitter post ('iphone11', [('Kay Medina', 'POSITIVE'), ('Kay Medina', 'POSITIVE'), ('Kay Medina', 'POSITIVE'), ('Kay Medina', 'POSITIVE')]) 
INFO:root:[Seller]: (SAMSUNG MOBILES,9) Expenses in previous quarter:50
INFO:root:[Seller]: (SONY,9) Expenses in previous quarter:25
INFO:root:[Twitter]:History of Twitter post ('Note', [('Ann Pacheco', 'POSITIVE'), ('Wilma Payne', 'POSITIVE'), ('Patricia Bronstein', 'POSITIVE'), ('Wilma Payne', 'POSITIVE'), ('Wilma Payne', 'POSITIVE'), ('Ann Pacheco', 'POSITIVE'), ('Wilma Payne', 'POSITIVE'), ('Ann Pacheco', 'POSITIVE'), ('Wilma Payne', 'POSITIVE')]) 
INFO:root:[Seller]: (SAMSUNG MOBILES,9) Profit in previous quarter:-50
INFO:root:[Seller]: (SONY,9) Profit in previous quarter:-25
INFO:root:[Twitter]:History of Twitter post ('Xperia', []) 
INFO:root:[Seller]: (SAMSUNG MOBILES,9) Sentiment for Note in previous quarter:1
INFO:root:[Seller]: (SONY,9) Sentiment for Xperia in previous quarter:1
INFO:root:[Customer]:(Joaquin Mccormick,9) Posted POSITIVE tweet for the product iphoneX
INFO:root:[GoogleAds]: Google pushed the TARGETED Ad for product Note to user Ann Pacheco, Patricia Bronstein, Ann Pacheco, Wilma Payne, Wilma Payne 
INFO:root:[GoogleAds]: Google billed the Seller {'APPLE INC': [25, 25, 25, 25, 25, 25, 25, 25, 25, 25, 25, 25, 50, 25, 50, 25], 'SAMSUNG MOBILES': [25, 25, 50, 50, 50, 50, 50, 50, 50], 'SONY': [25, 25, 25, 25, 25, 25, 25, 25]}  
INFO:root:[GoogleAds]: Google pushed the BASIC Ad for product Xperia to users Wilma Payne, Ann Pacheco, Ann Pacheco, Joaquin Mccormick, Ann Pacheco 
INFO:root:[GoogleAds]: Google billed the Seller {'APPLE INC': [25, 25, 25, 25, 25, 25, 25, 25, 25, 25, 25, 25, 50, 25, 50, 25], 'SAMSUNG MOBILES': [25, 25, 50, 50, 50, 50, 50, 50, 50], 'SONY': [25, 25, 25, 25, 25, 25, 25, 25, 25]}  
INFO:root:[Seller]:(APPLE INC,9): Next Quarter Begins 
INFO:root:[Seller]: (APPLE INC,9) CEO selected advert_type as TARGETED for iphoneX
INFO:root:[Seller]: (APPLE INC,9) CEO selected advert_type as BASIC for iphone11
INFO:root:[Seller]: (APPLE INC,9) CEO selected advert scale 60
INFO:root:[Seller]: (APPLE INC,9) Revenue in previous quarter:0
INFO:root:[Seller]: (APPLE INC,9) Expenses in previous quarter:75
INFO:root:[Seller]: (APPLE INC,9) Profit in previous quarter:-75
INFO:root:[Seller]: (APPLE INC,9) Sentiment for iphoneX in previous quarter:1
INFO:root:[Seller]: (APPLE INC,9) Sentiment for iphone11 in previous quarter:1
INFO:root:[GoogleAds]: Google pushed the TARGETED Ad for product iphoneX to user Patricia Bronstein, Patricia Bronstein, Joaquin Mccormick, Ann Pacheco, Wilma Payne 
INFO:root:[GoogleAds]: Google billed the Seller {'APPLE INC': [25, 25, 25, 25, 25, 25, 25, 25, 25, 25, 25, 25, 50, 25, 50, 25, 50], 'SAMSUNG MOBILES': [25, 25, 50, 50, 50, 50, 50, 50, 50], 'SONY': [25, 25, 25, 25, 25, 25, 25, 25, 25]}  
INFO:root:[GoogleAds]: Google pushed the BASIC Ad for product iphone11 to users Joaquin Mccormick, Ann Pacheco, Wilma Payne, Kay Medina, Wilma Payne 
INFO:root:[GoogleAds]: Google billed the Seller {'APPLE INC': [25, 25, 25, 25, 25, 25, 25, 25, 25, 25, 25, 25, 50, 25, 50, 25, 50, 25], 'SAMSUNG MOBILES': [25, 25, 50, 50, 50, 50, 50, 50, 50], 'SONY': [25, 25, 25, 25, 25, 25, 25, 25, 25]}  
INFO:root:[Customer]:(Ann Pacheco,10): Next Quarter Begins 
INFO:root:[Customer]:(Ann Pacheco,10) currently seeing ads for the Products:[iphoneX, Xperia, Note, iphone11]
INFO:root:[Customer]:(Ann Pacheco,10) Ad Space cleared 
INFO:root:[Twitter]:History of Twitter post ('iphoneX', [('Joaquin Mccormick', 'POSITIVE'), ('Joaquin Mccormick', 'POSITIVE'), ('Joaquin Mccormick', 'POSITIVE')]) 
INFO:root:[Twitter]:History of Twitter post ('iphone11', [('Kay Medina', 'POSITIVE'), ('Kay Medina', 'POSITIVE'), ('Kay Medina', 'POSITIVE'), ('Kay Medina', 'POSITIVE')]) 
INFO:root:[Twitter]:History of Twitter post ('Note', [('Ann Pacheco', 'POSITIVE'), ('Wilma Payne', 'POSITIVE'), ('Patricia Bronstein', 'POSITIVE'), ('Wilma Payne', 'POSITIVE'), ('Wilma Payne', 'POSITIVE'), ('Ann Pacheco', 'POSITIVE'), ('Wilma Payne', 'POSITIVE'), ('Ann Pacheco', 'POSITIVE'), ('Wilma Payne', 'POSITIVE'), ('Ann Pacheco', 'POSITIVE')]) 
INFO:root:[Twitter]:History of Twitter post ('Xperia', []) 
INFO:root:[Customer]:(Ann Pacheco,10) Posted POSITIVE tweet for the product Note
INFO:root:[Customer]:(Wilma Payne,10): Next Quarter Begins 
INFO:root:[Customer]:(Kay Medina,10): Next Quarter Begins 
INFO:root:[Customer]:(Wilma Payne,10) currently seeing ads for the Products:[iphoneX, Xperia, Note, iphone11]
INFO:root:[Customer]:(Kay Medina,10) currently seeing ads for the Products:[iphone11]
INFO:root:[Customer]:(Wilma Payne,10) Ad Space cleared 
INFO:root:[Customer]:(Kay Medina,10) Ad Space cleared 
INFO:root:[Customer]:(Patricia Bronstein,10): Next Quarter Begins 
INFO:root:[Customer]:(Patricia Bronstein,10) currently seeing ads for the Products:[iphoneX, Note]
INFO:root:[Customer]:(Patricia Bronstein,10) Ad Space cleared 
INFO:root:[Twitter]:History of Twitter post ('iphoneX', [('Joaquin Mccormick', 'POSITIVE'), ('Joaquin Mccormick', 'POSITIVE'), ('Joaquin Mccormick', 'POSITIVE')]) 
INFO:root:[Twitter]:History of Twitter post ('iphone11', [('Kay Medina', 'POSITIVE'), ('Kay Medina', 'POSITIVE'), ('Kay Medina', 'POSITIVE'), ('Kay Medina', 'POSITIVE')]) 
INFO:root:[Twitter]:History of Twitter post ('Note', [('Ann Pacheco', 'POSITIVE'), ('Wilma Payne', 'POSITIVE'), ('Patricia Bronstein', 'POSITIVE'), ('Wilma Payne', 'POSITIVE'), ('Wilma Payne', 'POSITIVE'), ('Ann Pacheco', 'POSITIVE'), ('Wilma Payne', 'POSITIVE'), ('Ann Pacheco', 'POSITIVE'), ('Wilma Payne', 'POSITIVE'), ('Ann Pacheco', 'POSITIVE'), ('Patricia Bronstein', 'POSITIVE')]) 
INFO:root:[Twitter]:History of Twitter post ('Xperia', []) 
INFO:root:[Customer]:(Patricia Bronstein,10) Posted POSITIVE tweet for the product Note
INFO:root:[Customer]:(Joaquin Mccormick,10): Next Quarter Begins 
INFO:root:[Seller]:(SAMSUNG MOBILES,10): Next Quarter Begins 
INFO:root:[Seller]:(SONY,10): Next Quarter Begins 
INFO:root:[Customer]:(Joaquin Mccormick,10) currently seeing ads for the Products:[iphoneX, Xperia, iphone11]
INFO:root:[Seller]: (SAMSUNG MOBILES,10) CEO selected advert_type as TARGETED for Note
INFO:root:[Seller]: (SONY,10) CEO selected advert_type as BASIC for Xperia
INFO:root:[Customer]:(Joaquin Mccormick,10) Ad Space cleared 
INFO:root:[Seller]: (SAMSUNG MOBILES,10) CEO selected advert scale 35
INFO:root:[Seller]: (SONY,10) CEO selected advert scale 27
INFO:root:[Twitter]:History of Twitter post ('iphoneX', [('Joaquin Mccormick', 'POSITIVE'), ('Joaquin Mccormick', 'POSITIVE'), ('Joaquin Mccormick', 'POSITIVE'), ('Joaquin Mccormick', 'POSITIVE')]) 
INFO:root:[Seller]: (SAMSUNG MOBILES,10) Revenue in previous quarter:0
INFO:root:[Seller]: (SONY,10) Revenue in previous quarter:0
INFO:root:[Twitter]:History of Twitter post ('iphone11', [('Kay Medina', 'POSITIVE'), ('Kay Medina', 'POSITIVE'), ('Kay Medina', 'POSITIVE'), ('Kay Medina', 'POSITIVE')]) 
INFO:root:[Seller]: (SAMSUNG MOBILES,10) Expenses in previous quarter:50
INFO:root:[Seller]: (SONY,10) Expenses in previous quarter:25
INFO:root:[Twitter]:History of Twitter post ('Note', [('Ann Pacheco', 'POSITIVE'), ('Wilma Payne', 'POSITIVE'), ('Patricia Bronstein', 'POSITIVE'), ('Wilma Payne', 'POSITIVE'), ('Wilma Payne', 'POSITIVE'), ('Ann Pacheco', 'POSITIVE'), ('Wilma Payne', 'POSITIVE'), ('Ann Pacheco', 'POSITIVE'), ('Wilma Payne', 'POSITIVE'), ('Ann Pacheco', 'POSITIVE'), ('Patricia Bronstein', 'POSITIVE')]) 
INFO:root:[Seller]: (SAMSUNG MOBILES,10) Profit in previous quarter:-50
INFO:root:[Seller]: (SONY,10) Profit in previous quarter:-25
INFO:root:[Twitter]:History of Twitter post ('Xperia', []) 
INFO:root:[Seller]: (SAMSUNG MOBILES,10) Sentiment for Note in previous quarter:1
INFO:root:[Seller]: (SONY,10) Sentiment for Xperia in previous quarter:1
INFO:root:[Customer]:(Joaquin Mccormick,10) Posted POSITIVE tweet for the product iphoneX
INFO:root:[GoogleAds]: Google pushed the TARGETED Ad for product Note to user Patricia Bronstein, Patricia Bronstein, Patricia Bronstein, Joaquin Mccormick, Kay Medina 
INFO:root:[GoogleAds]: Google billed the Seller {'APPLE INC': [25, 25, 25, 25, 25, 25, 25, 25, 25, 25, 25, 25, 50, 25, 50, 25, 50, 25], 'SAMSUNG MOBILES': [25, 25, 50, 50, 50, 50, 50, 50, 50, 50], 'SONY': [25, 25, 25, 25, 25, 25, 25, 25, 25]}  
INFO:root:[GoogleAds]: Google pushed the BASIC Ad for product Xperia to users Patricia Bronstein, Joaquin Mccormick, Ann Pacheco, Kay Medina, Ann Pacheco 
INFO:root:[GoogleAds]: Google billed the Seller {'APPLE INC': [25, 25, 25, 25, 25, 25, 25, 25, 25, 25, 25, 25, 50, 25, 50, 25, 50, 25], 'SAMSUNG MOBILES': [25, 25, 50, 50, 50, 50, 50, 50, 50, 50], 'SONY': [25, 25, 25, 25, 25, 25, 25, 25, 25, 25]}  
INFO:root:[Seller]:(APPLE INC,10): Next Quarter Begins 
INFO:root:[Seller]: (APPLE INC,10) CEO selected advert_type as TARGETED for iphoneX
INFO:root:[Seller]: (APPLE INC,10) CEO selected advert_type as BASIC for iphone11
INFO:root:[Seller]: (APPLE INC,10) CEO selected advert scale 57
INFO:root:[Seller]: (APPLE INC,10) Revenue in previous quarter:0
INFO:root:[Seller]: (APPLE INC,10) Expenses in previous quarter:75
INFO:root:[Seller]: (APPLE INC,10) Profit in previous quarter:-75
INFO:root:[Seller]: (APPLE INC,10) Sentiment for iphoneX in previous quarter:1
INFO:root:[Seller]: (APPLE INC,10) Sentiment for iphone11 in previous quarter:1
INFO:root:[GoogleAds]: Google pushed the TARGETED Ad for product iphoneX to user Wilma Payne, Wilma Payne, Kay Medina, Kay Medina, Ann Pacheco 
INFO:root:[GoogleAds]: Google billed the Seller {'APPLE INC': [25, 25, 25, 25, 25, 25, 25, 25, 25, 25, 25, 25, 50, 25, 50, 25, 50, 25, 50], 'SAMSUNG MOBILES': [25, 25, 50, 50, 50, 50, 50, 50, 50, 50], 'SONY': [25, 25, 25, 25, 25, 25, 25, 25, 25, 25]}  
INFO:root:[GoogleAds]: Google pushed the BASIC Ad for product iphone11 to users Kay Medina, Joaquin Mccormick, Ann Pacheco, Ann Pacheco, Patricia Bronstein 
INFO:root:[GoogleAds]: Google billed the Seller {'APPLE INC': [25, 25, 25, 25, 25, 25, 25, 25, 25, 25, 25, 25, 50, 25, 50, 25, 50, 25, 50, 25], 'SAMSUNG MOBILES': [25, 25, 50, 50, 50, 50, 50, 50, 50, 50], 'SONY': [25, 25, 25, 25, 25, 25, 25, 25, 25, 25]}  
INFO:root:[Customer]:(Ann Pacheco,11): Next Quarter Begins 
INFO:root:[Customer]:(Ann Pacheco,11) currently seeing ads for the Products:[iphoneX, Xperia, iphone11]
INFO:root:[Customer]:***(Ann Pacheco,11)bought the new product:[Xperia]
INFO:root:[Market]:Notify Seller SONY about the sale of product Xperia 
INFO:root:[Market]:Get the amount $ 100 from buyer Ann Pacheco for product Xperia 
INFO:root:[GoogleAds]: Google purchase history ('iphoneX', ['Joaquin Mccormick', 'Wilma Payne', 'Patricia Bronstein']) 
INFO:root:[GoogleAds]: Google purchase history ('iphone11', ['Kay Medina']) 
INFO:root:[GoogleAds]: Google purchase history ('Note', ['Ann Pacheco', 'Wilma Payne', 'Patricia Bronstein']) 
INFO:root:[GoogleAds]: Google purchase history ('Xperia', ['Ann Pacheco']) 
INFO:root:[Market]:Add buyer Ann Pacheco purchased the product Xperia to google Add track history
INFO:root:[Customer]:(Ann Pacheco,11) Ad Space cleared 
INFO:root:[Customer]:(Wilma Payne,11): Next Quarter Begins 
INFO:root:[Customer]:(Wilma Payne,11) currently seeing ads for the Products:[iphoneX]
INFO:root:[Customer]:(Wilma Payne,11) Ad Space cleared 
INFO:root:[Customer]:(Kay Medina,11): Next Quarter Begins 
INFO:root:[Customer]:(Kay Medina,11) currently seeing ads for the Products:[iphoneX, Xperia, Note, iphone11]
INFO:root:[Customer]:***(Kay Medina,11)bought the new product:[iphoneX]
INFO:root:[Customer]:***(Kay Medina,11)bought the new product:[Xperia]
INFO:root:[Market]:Notify Seller SONY about the sale of product Xperia 
INFO:root:[Market]:Get the amount $ 100 from buyer Kay Medina for product Xperia 
INFO:root:[GoogleAds]: Google purchase history ('iphoneX', ['Joaquin Mccormick', 'Wilma Payne', 'Patricia Bronstein']) 
INFO:root:[GoogleAds]: Google purchase history ('iphone11', ['Kay Medina']) 
INFO:root:[GoogleAds]: Google purchase history ('Note', ['Ann Pacheco', 'Wilma Payne', 'Patricia Bronstein']) 
INFO:root:[GoogleAds]: Google purchase history ('Xperia', ['Ann Pacheco', 'Kay Medina']) 
INFO:root:[Market]:Add buyer Kay Medina purchased the product Xperia to google Add track history
INFO:root:[Customer]:***(Kay Medina,11)bought the new product:[Note]
INFO:root:[Customer]:(Kay Medina,11) Ad Space cleared 
INFO:root:[Twitter]:History of Twitter post ('iphoneX', [('Joaquin Mccormick', 'POSITIVE'), ('Joaquin Mccormick', 'POSITIVE'), ('Joaquin Mccormick', 'POSITIVE'), ('Joaquin Mccormick', 'POSITIVE')]) 
INFO:root:[Twitter]:History of Twitter post ('iphone11', [('Kay Medina', 'POSITIVE'), ('Kay Medina', 'POSITIVE'), ('Kay Medina', 'POSITIVE'), ('Kay Medina', 'POSITIVE')]) 
INFO:root:[Twitter]:History of Twitter post ('Note', [('Ann Pacheco', 'POSITIVE'), ('Wilma Payne', 'POSITIVE'), ('Patricia Bronstein', 'POSITIVE'), ('Wilma Payne', 'POSITIVE'), ('Wilma Payne', 'POSITIVE'), ('Ann Pacheco', 'POSITIVE'), ('Wilma Payne', 'POSITIVE'), ('Ann Pacheco', 'POSITIVE'), ('Wilma Payne', 'POSITIVE'), ('Ann Pacheco', 'POSITIVE'), ('Patricia Bronstein', 'POSITIVE')]) 
INFO:root:[Twitter]:History of Twitter post ('Xperia', [('Kay Medina', 'NEGATIVE')]) 
INFO:root:[Customer]:(Kay Medina,11) Posted NEGATIVE tweet for the product Xperia
INFO:root:[Customer]:(Patricia Bronstein,11): Next Quarter Begins 
INFO:root:[Customer]:(Patricia Bronstein,11) currently seeing ads for the Products:[Xperia, Note, iphone11]
INFO:root:[Customer]:###(Patricia Bronstein,11)doesn't buy any products 
INFO:root:[Customer]:(Patricia Bronstein,11) Ad Space cleared 
INFO:root:[Twitter]:History of Twitter post ('iphoneX', [('Joaquin Mccormick', 'POSITIVE'), ('Joaquin Mccormick', 'POSITIVE'), ('Joaquin Mccormick', 'POSITIVE'), ('Joaquin Mccormick', 'POSITIVE'), ('Patricia Bronstein', 'POSITIVE')]) 
INFO:root:[Twitter]:History of Twitter post ('iphone11', [('Kay Medina', 'POSITIVE'), ('Kay Medina', 'POSITIVE'), ('Kay Medina', 'POSITIVE'), ('Kay Medina', 'POSITIVE')]) 
INFO:root:[Twitter]:History of Twitter post ('Note', [('Ann Pacheco', 'POSITIVE'), ('Wilma Payne', 'POSITIVE'), ('Patricia Bronstein', 'POSITIVE'), ('Wilma Payne', 'POSITIVE'), ('Wilma Payne', 'POSITIVE'), ('Ann Pacheco', 'POSITIVE'), ('Wilma Payne', 'POSITIVE'), ('Ann Pacheco', 'POSITIVE'), ('Wilma Payne', 'POSITIVE'), ('Ann Pacheco', 'POSITIVE'), ('Patricia Bronstein', 'POSITIVE')]) 
INFO:root:[Twitter]:History of Twitter post ('Xperia', [('Kay Medina', 'NEGATIVE')]) 
INFO:root:[Customer]:(Patricia Bronstein,11) Posted POSITIVE tweet for the product iphoneX
INFO:root:[Customer]:(Joaquin Mccormick,11): Next Quarter Begins 
INFO:root:[Seller]:(SAMSUNG MOBILES,11): Next Quarter Begins 
INFO:root:[Seller]:(SONY,11): Next Quarter Begins 
INFO:root:[Customer]:(Joaquin Mccormick,11) currently seeing ads for the Products:[Xperia, Note, iphone11]
INFO:root:[Seller]: (SAMSUNG MOBILES,11) CEO selected advert_type as TARGETED for Note
INFO:root:[Seller]: (SONY,11) CEO selected advert_type as BASIC for Xperia
INFO:root:[Customer]:###(Joaquin Mccormick,11)doesn't buy any products 
INFO:root:[Seller]: (SAMSUNG MOBILES,11) CEO selected advert scale 32
INFO:root:[Seller]: (SONY,11) CEO selected advert scale 45
INFO:root:[Customer]:(Joaquin Mccormick,11) Ad Space cleared 
INFO:root:[Seller]: (SAMSUNG MOBILES,11) Revenue in previous quarter:0
INFO:root:[Seller]: (SONY,11) Revenue in previous quarter:200
INFO:root:[Seller]: (SAMSUNG MOBILES,11) Expenses in previous quarter:50
INFO:root:[Seller]: (SONY,11) Expenses in previous quarter:25
INFO:root:[Seller]: (SAMSUNG MOBILES,11) Profit in previous quarter:-50
INFO:root:[Seller]: (SONY,11) Profit in previous quarter:175
INFO:root:[Seller]: (SAMSUNG MOBILES,11) Sentiment for Note in previous quarter:1
INFO:root:[Seller]: (SONY,11) Sentiment for Xperia in previous quarter:0
INFO:root:[GoogleAds]: Google pushed the TARGETED Ad for product Note to user Patricia Bronstein, Wilma Payne, Kay Medina, Wilma Payne, Wilma Payne 
INFO:root:[GoogleAds]: Google billed the Seller {'APPLE INC': [25, 25, 25, 25, 25, 25, 25, 25, 25, 25, 25, 25, 50, 25, 50, 25, 50, 25, 50, 25], 'SAMSUNG MOBILES': [25, 25, 50, 50, 50, 50, 50, 50, 50, 50, 50], 'SONY': [25, 25, 25, 25, 25, 25, 25, 25, 25, 25]}  
INFO:root:[GoogleAds]: Google pushed the BASIC Ad for product Xperia to users Wilma Payne, Joaquin Mccormick, Wilma Payne, Wilma Payne, Wilma Payne 
INFO:root:[GoogleAds]: Google billed the Seller {'APPLE INC': [25, 25, 25, 25, 25, 25, 25, 25, 25, 25, 25, 25, 50, 25, 50, 25, 50, 25, 50, 25], 'SAMSUNG MOBILES': [25, 25, 50, 50, 50, 50, 50, 50, 50, 50, 50], 'SONY': [25, 25, 25, 25, 25, 25, 25, 25, 25, 25, 25]}  
INFO:root:[Seller]: (APPLE INC,10) sold  3 units of iphoneX
INFO:root:[Seller]: (APPLE INC,10) sold  1 units of iphone11
INFO:root:[Seller]: (APPLE INC,10) Exit
INFO:root:[Customer]:(Ann Pacheco,12): Next Quarter Begins 
INFO:root:[Customer]:(Ann Pacheco,12) currently seeing ads for the Products:[]
INFO:root:[Customer]:(Ann Pacheco,12) Ad Space cleared 
INFO:root:[Twitter]:History of Twitter post ('iphoneX', [('Joaquin Mccormick', 'POSITIVE'), ('Joaquin Mccormick', 'POSITIVE'), ('Joaquin Mccormick', 'POSITIVE'), ('Joaquin Mccormick', 'POSITIVE'), ('Patricia Bronstein', 'POSITIVE')]) 
INFO:root:[Twitter]:History of Twitter post ('iphone11', [('Kay Medina', 'POSITIVE'), ('Kay Medina', 'POSITIVE'), ('Kay Medina', 'POSITIVE'), ('Kay Medina', 'POSITIVE')]) 
INFO:root:[Twitter]:History of Twitter post ('Note', [('Ann Pacheco', 'POSITIVE'), ('Wilma Payne', 'POSITIVE'), ('Patricia Bronstein', 'POSITIVE'), ('Wilma Payne', 'POSITIVE'), ('Wilma Payne', 'POSITIVE'), ('Ann Pacheco', 'POSITIVE'), ('Wilma Payne', 'POSITIVE'), ('Ann Pacheco', 'POSITIVE'), ('Wilma Payne', 'POSITIVE'), ('Ann Pacheco', 'POSITIVE'), ('Patricia Bronstein', 'POSITIVE'), ('Ann Pacheco', 'POSITIVE')]) 
INFO:root:[Twitter]:History of Twitter post ('Xperia', [('Kay Medina', 'NEGATIVE')]) 
INFO:root:[Customer]:(Ann Pacheco,12) Posted POSITIVE tweet for the product Note
INFO:root:[Customer]:(Wilma Payne,12): Next Quarter Begins 
INFO:root:[Customer]:(Wilma Payne,12) currently seeing ads for the Products:[Xperia, Note]
INFO:root:[Customer]:###(Wilma Payne,12)doesn't buy any products 
INFO:root:[Customer]:(Wilma Payne,12) Ad Space cleared 
INFO:root:[Twitter]:History of Twitter post ('iphoneX', [('Joaquin Mccormick', 'POSITIVE'), ('Joaquin Mccormick', 'POSITIVE'), ('Joaquin Mccormick', 'POSITIVE'), ('Joaquin Mccormick', 'POSITIVE'), ('Patricia Bronstein', 'POSITIVE')]) 
INFO:root:[Twitter]:History of Twitter post ('iphone11', [('Kay Medina', 'POSITIVE'), ('Kay Medina', 'POSITIVE'), ('Kay Medina', 'POSITIVE'), ('Kay Medina', 'POSITIVE')]) 
INFO:root:[Twitter]:History of Twitter post ('Note', [('Ann Pacheco', 'POSITIVE'), ('Wilma Payne', 'POSITIVE'), ('Patricia Bronstein', 'POSITIVE'), ('Wilma Payne', 'POSITIVE'), ('Wilma Payne', 'POSITIVE'), ('Ann Pacheco', 'POSITIVE'), ('Wilma Payne', 'POSITIVE'), ('Ann Pacheco', 'POSITIVE'), ('Wilma Payne', 'POSITIVE'), ('Ann Pacheco', 'POSITIVE'), ('Patricia Bronstein', 'POSITIVE'), ('Ann Pacheco', 'POSITIVE'), ('Wilma Payne', 'POSITIVE')]) 
INFO:root:[Twitter]:History of Twitter post ('Xperia', [('Kay Medina', 'NEGATIVE')]) 
INFO:root:[Customer]:(Wilma Payne,12) Posted POSITIVE tweet for the product Note
INFO:root:[Customer]:(Kay Medina,12): Next Quarter Begins 
INFO:root:[Customer]:(Kay Medina,12) currently seeing ads for the Products:[Note]
INFO:root:[Customer]:(Kay Medina,12) Ad Space cleared 
INFO:root:[Twitter]:History of Twitter post ('iphoneX', [('Joaquin Mccormick', 'POSITIVE'), ('Joaquin Mccormick', 'POSITIVE'), ('Joaquin Mccormick', 'POSITIVE'), ('Joaquin Mccormick', 'POSITIVE'), ('Patricia Bronstein', 'POSITIVE')]) 
INFO:root:[Twitter]:History of Twitter post ('iphone11', [('Kay Medina', 'POSITIVE'), ('Kay Medina', 'POSITIVE'), ('Kay Medina', 'POSITIVE'), ('Kay Medina', 'POSITIVE')]) 
INFO:root:[Twitter]:History of Twitter post ('Note', [('Ann Pacheco', 'POSITIVE'), ('Wilma Payne', 'POSITIVE'), ('Patricia Bronstein', 'POSITIVE'), ('Wilma Payne', 'POSITIVE'), ('Wilma Payne', 'POSITIVE'), ('Ann Pacheco', 'POSITIVE'), ('Wilma Payne', 'POSITIVE'), ('Ann Pacheco', 'POSITIVE'), ('Wilma Payne', 'POSITIVE'), ('Ann Pacheco', 'POSITIVE'), ('Patricia Bronstein', 'POSITIVE'), ('Ann Pacheco', 'POSITIVE'), ('Wilma Payne', 'POSITIVE')]) 
INFO:root:[Twitter]:History of Twitter post ('Xperia', [('Kay Medina', 'NEGATIVE'), ('Kay Medina', 'NEGATIVE')]) 
INFO:root:[Customer]:(Kay Medina,12) Posted NEGATIVE tweet for the product Xperia
INFO:root:[Customer]:(Patricia Bronstein,12): Next Quarter Begins 
INFO:root:[Customer]:(Patricia Bronstein,12) currently seeing ads for the Products:[Note]
INFO:root:[Customer]:(Patricia Bronstein,12) Ad Space cleared 
INFO:root:[Twitter]:History of Twitter post ('iphoneX', [('Joaquin Mccormick', 'POSITIVE'), ('Joaquin Mccormick', 'POSITIVE'), ('Joaquin Mccormick', 'POSITIVE'), ('Joaquin Mccormick', 'POSITIVE'), ('Patricia Bronstein', 'POSITIVE'), ('Patricia Bronstein', 'POSITIVE')]) 
INFO:root:[Twitter]:History of Twitter post ('iphone11', [('Kay Medina', 'POSITIVE'), ('Kay Medina', 'POSITIVE'), ('Kay Medina', 'POSITIVE'), ('Kay Medina', 'POSITIVE')]) 
INFO:root:[Twitter]:History of Twitter post ('Note', [('Ann Pacheco', 'POSITIVE'), ('Wilma Payne', 'POSITIVE'), ('Patricia Bronstein', 'POSITIVE'), ('Wilma Payne', 'POSITIVE'), ('Wilma Payne', 'POSITIVE'), ('Ann Pacheco', 'POSITIVE'), ('Wilma Payne', 'POSITIVE'), ('Ann Pacheco', 'POSITIVE'), ('Wilma Payne', 'POSITIVE'), ('Ann Pacheco', 'POSITIVE'), ('Patricia Bronstein', 'POSITIVE'), ('Ann Pacheco', 'POSITIVE'), ('Wilma Payne', 'POSITIVE')]) 
INFO:root:[Twitter]:History of Twitter post ('Xperia', [('Kay Medina', 'NEGATIVE'), ('Kay Medina', 'NEGATIVE')]) 
INFO:root:[Customer]:(Patricia Bronstein,12) Posted POSITIVE tweet for the product iphoneX
INFO:root:[Customer]:(Joaquin Mccormick,12): Next Quarter Begins 
INFO:root:[Seller]: (SAMSUNG MOBILES,11) sold  3 units of Note
INFO:root:[Seller]:(SONY,12): Next Quarter Begins 
INFO:root:[Customer]:(Joaquin Mccormick,12) currently seeing ads for the Products:[Xperia]
INFO:root:[Seller]: (SAMSUNG MOBILES,11) Exit
INFO:root:[Seller]: (SONY,12) CEO selected advert_type as BASIC for Xperia
INFO:root:[Customer]:###(Joaquin Mccormick,12)doesn't buy any products 
INFO:root:[Seller]: (SONY,12) CEO selected advert scale 42
INFO:root:[Customer]:(Joaquin Mccormick,12) Ad Space cleared 
INFO:root:[Seller]: (SONY,12) Revenue in previous quarter:0
INFO:root:[Seller]: (SONY,12) Expenses in previous quarter:25
INFO:root:[Seller]: (SONY,12) Profit in previous quarter:-25
INFO:root:[Seller]: (SONY,12) Sentiment for Xperia in previous quarter:0
INFO:root:[GoogleAds]: Google pushed the BASIC Ad for product Xperia to users Wilma Payne, Ann Pacheco, Wilma Payne, Kay Medina, Wilma Payne 
INFO:root:[GoogleAds]: Google billed the Seller {'APPLE INC': [25, 25, 25, 25, 25, 25, 25, 25, 25, 25, 25, 25, 50, 25, 50, 25, 50, 25, 50, 25], 'SAMSUNG MOBILES': [25, 25, 50, 50, 50, 50, 50, 50, 50, 50, 50], 'SONY': [25, 25, 25, 25, 25, 25, 25, 25, 25, 25, 25, 25]}  
INFO:root:[Customer]:(Ann Pacheco,13): Next Quarter Begins 
INFO:root:[Customer]:(Ann Pacheco,13) currently seeing ads for the Products:[Xperia]
INFO:root:[Customer]:###(Ann Pacheco,13)doesn't buy any products 
INFO:root:[Customer]:(Ann Pacheco,13) Ad Space cleared 
INFO:root:[Customer]:(Wilma Payne,13): Next Quarter Begins 
INFO:root:[Customer]:(Wilma Payne,13) currently seeing ads for the Products:[Xperia]
INFO:root:[Customer]:###(Wilma Payne,13)doesn't buy any products 
INFO:root:[Customer]:(Wilma Payne,13) Ad Space cleared 
INFO:root:[Customer]:(Kay Medina,13): Next Quarter Begins 
INFO:root:[Customer]:(Kay Medina,13) currently seeing ads for the Products:[Xperia]
INFO:root:[Customer]:###(Kay Medina,13)doesn't buy any products 
INFO:root:[Customer]:(Kay Medina,13) Ad Space cleared 
INFO:root:[Customer]:(Patricia Bronstein,13): Next Quarter Begins 
INFO:root:[Customer]:(Patricia Bronstein,13) currently seeing ads for the Products:[]
INFO:root:[Customer]:(Patricia Bronstein,13) Ad Space cleared 
INFO:root:[Customer]:(Joaquin Mccormick,13): Next Quarter Begins 
INFO:root:[Seller]: (SONY,12) sold  2 units of Xperia
INFO:root:[Customer]:(Joaquin Mccormick,13) currently seeing ads for the Products:[]
INFO:root:[Seller]: (SONY,12) Exit
INFO:root:[Customer]:(Joaquin Mccormick,13) Ad Space cleared 
INFO:root:[Twitter]:History of Twitter post ('iphoneX', [('Joaquin Mccormick', 'POSITIVE'), ('Joaquin Mccormick', 'POSITIVE'), ('Joaquin Mccormick', 'POSITIVE'), ('Joaquin Mccormick', 'POSITIVE'), ('Patricia Bronstein', 'POSITIVE'), ('Patricia Bronstein', 'POSITIVE'), ('Joaquin Mccormick', 'POSITIVE')]) 
INFO:root:[Twitter]:History of Twitter post ('iphone11', [('Kay Medina', 'POSITIVE'), ('Kay Medina', 'POSITIVE'), ('Kay Medina', 'POSITIVE'), ('Kay Medina', 'POSITIVE')]) 
INFO:root:[Twitter]:History of Twitter post ('Note', [('Ann Pacheco', 'POSITIVE'), ('Wilma Payne', 'POSITIVE'), ('Patricia Bronstein', 'POSITIVE'), ('Wilma Payne', 'POSITIVE'), ('Wilma Payne', 'POSITIVE'), ('Ann Pacheco', 'POSITIVE'), ('Wilma Payne', 'POSITIVE'), ('Ann Pacheco', 'POSITIVE'), ('Wilma Payne', 'POSITIVE'), ('Ann Pacheco', 'POSITIVE'), ('Patricia Bronstein', 'POSITIVE'), ('Ann Pacheco', 'POSITIVE'), ('Wilma Payne', 'POSITIVE')]) 
INFO:root:[Twitter]:History of Twitter post ('Xperia', [('Kay Medina', 'NEGATIVE'), ('Kay Medina', 'NEGATIVE')]) 
INFO:root:[Customer]:(Joaquin Mccormick,13) Posted POSITIVE tweet for the product iphoneX
INFO:root:[Customer]: (Ann Pacheco,13) own the Products:[Xperia, Note] with balance of $ 200
INFO:root:[Customer]: (Ann Pacheco,13) Exit
INFO:root:[Customer]: (Wilma Payne,13) own the Products:[iphoneX, Note] with balance of $ 0
INFO:root:[Customer]: (Wilma Payne,13) Exit
INFO:root:[Customer]: (Kay Medina,13) own the Products:[Xperia, iphone11] with balance of $ 50
INFO:root:[Customer]: (Kay Medina,13) Exit
INFO:root:[Customer]: (Patricia Bronstein,13) own the Products:[iphoneX, Note] with balance of $ 0
INFO:root:[Customer]: (Patricia Bronstein,13) Exit
INFO:root:[Customer]: (Joaquin Mccormick,13) own the Products:[iphoneX] with balance of $ 200
INFO:root:[Customer]: (Joaquin Mccormick,13) Exit
INFO:oauth2client.client:Refreshing access_token
INFO:oauth2client.client:Refreshing access_token
INFO:oauth2client.client:Refreshing access_token
