INFO:root:[Customer]:Customer Ann Pacheco Created
INFO:root:[GoogleAds]:Customer Ann Pacheco added to Google list of user with Tolerance:0.5252697700520002
INFO:root:[Customer]:Customer Ann Pacheco entered Trading
INFO:root:[Customer]:(Ann Pacheco,1): Next Quarter Begins 
INFO:root:[Customer]:(Ann Pacheco,1) currently seeing ads for the Products:[]
INFO:root:[Customer]:(Ann Pacheco,1) Ad Space cleared 
INFO:root:[Customer]:Customer Kay Medina Created
INFO:root:[GoogleAds]:Customer Kay Medina added to Google list of user with Tolerance:0.6521726145786113
INFO:root:[Customer]:Customer Kay Medina entered Trading
INFO:root:[Customer]:(Kay Medina,1): Next Quarter Begins 
INFO:root:[Customer]:(Kay Medina,1) currently seeing ads for the Products:[]
INFO:root:[Customer]:(Kay Medina,1) Ad Space cleared 
INFO:root:[Customer]:Customer Wilma Payne Created
INFO:root:[GoogleAds]:Customer Wilma Payne added to Google list of user with Tolerance:0.789030129287845
INFO:root:[Customer]:Customer Wilma Payne entered Trading
INFO:root:[Customer]:(Wilma Payne,1): Next Quarter Begins 
INFO:root:[Customer]:(Wilma Payne,1) currently seeing ads for the Products:[]
INFO:root:[Customer]:(Wilma Payne,1) Ad Space cleared 
INFO:root:[Customer]:Customer Patricia Bronstein Created
INFO:root:[GoogleAds]:Customer Patricia Bronstein added to Google list of user with Tolerance:0.7755792005755331
INFO:root:[Customer]:Customer Patricia Bronstein entered Trading
INFO:root:[Customer]:(Patricia Bronstein,1): Next Quarter Begins 
INFO:root:[Customer]:(Patricia Bronstein,1) currently seeing ads for the Products:[]
INFO:root:[Customer]:(Patricia Bronstein,1) Ad Space cleared 
INFO:root:[Customer]:Customer Kyle Hysom Created
INFO:root:[GoogleAds]:Customer Kyle Hysom added to Google list of user with Tolerance:0.7619690777478008
INFO:root:[Customer]:Customer Kyle Hysom entered Trading
INFO:root:[Customer]:(Kyle Hysom,1): Next Quarter Begins 
INFO:root:[Customer]:(Kyle Hysom,1) currently seeing ads for the Products:[]
INFO:root:[Customer]:(Kyle Hysom,1) Ad Space cleared 
INFO:root:[Product]:Product created::iphoneX 
INFO:root:[Product]:Product created::iphone11 
INFO:root:[Product]:Product created::Note 
INFO:root:[Product]:Product created::Xperia 
INFO:root:[Seller]:Seller APPLE INC Created
INFO:root:[Market]:Seller APPLE INC is registered in the market with the product iphoneX 
INFO:root:[Market]:Seller APPLE INC is registered in the market with the product iphone11 
INFO:root:[Seller]:Seller APPLE INC started Trading
INFO:root:[Seller]:(APPLE INC,1): Next Quarter Begins 
INFO:root:[Seller]: (APPLE INC,1) CEO selected advert_type as BASIC for iphoneX
INFO:root:[Seller]: (APPLE INC,1) CEO selected advert_type as BASIC for iphone11
INFO:root:[Seller]: (APPLE INC,1) CEO selected advert scale 50
INFO:root:[Seller]: (APPLE INC,1) Revenue in previous quarter:0
INFO:root:[Seller]: (APPLE INC,1) Expenses in previous quarter:0
INFO:root:[Seller]: (APPLE INC,1) Profit in previous quarter:0
INFO:root:[Seller]: (APPLE INC,1) Sentiment for iphoneX in previous quarter:1
INFO:root:[Seller]: (APPLE INC,1) Sentiment for iphone11 in previous quarter:1
INFO:root:[GoogleAds]: Google pushed the BASIC Ad for product iphoneX to users Wilma Payne, Wilma Payne, Kay Medina, Wilma Payne, Ann Pacheco 
INFO:root:[GoogleAds]: Google billed the Seller {'APPLE INC': [25]}  
INFO:root:[GoogleAds]: Google pushed the BASIC Ad for product iphone11 to users Kyle Hysom, Ann Pacheco, Kyle Hysom, Wilma Payne, Patricia Bronstein 
INFO:root:[GoogleAds]: Google billed the Seller {'APPLE INC': [25, 25]}  
INFO:root:[Seller]:Seller SAMSUNG MOBILES Created
INFO:root:[Market]:Seller SAMSUNG MOBILES is registered in the market with the product Note 
INFO:root:[Seller]:Seller SAMSUNG MOBILES started Trading
INFO:root:[Seller]:(SAMSUNG MOBILES,1): Next Quarter Begins 
INFO:root:[Seller]: (SAMSUNG MOBILES,1) CEO selected advert_type as BASIC for Note
INFO:root:[Seller]: (SAMSUNG MOBILES,1) CEO selected advert scale 50
INFO:root:[Seller]: (SAMSUNG MOBILES,1) Revenue in previous quarter:0
INFO:root:[Seller]: (SAMSUNG MOBILES,1) Expenses in previous quarter:0
INFO:root:[Seller]: (SAMSUNG MOBILES,1) Profit in previous quarter:0
INFO:root:[Seller]: (SAMSUNG MOBILES,1) Sentiment for Note in previous quarter:1
INFO:root:[GoogleAds]: Google pushed the BASIC Ad for product Note to users Kyle Hysom, Patricia Bronstein, Kay Medina, Ann Pacheco, Ann Pacheco 
INFO:root:[GoogleAds]: Google billed the Seller {'APPLE INC': [25, 25], 'SAMSUNG MOBILES': [25]}  
INFO:root:[Seller]:Seller SONY INC Created
INFO:root:[Market]:Seller SONY INC is registered in the market with the product Xperia 
INFO:root:[Seller]:Seller SONY INC started Trading
INFO:root:[Seller]:(SONY INC,1): Next Quarter Begins 
INFO:root:[Seller]: (SONY INC,1) CEO selected advert_type as BASIC for Xperia
INFO:root:[Seller]: (SONY INC,1) CEO selected advert scale 50
INFO:root:[Seller]: (SONY INC,1) Revenue in previous quarter:0
INFO:root:[Seller]: (SONY INC,1) Expenses in previous quarter:0
INFO:root:[Seller]: (SONY INC,1) Profit in previous quarter:0
INFO:root:[Seller]: (SONY INC,1) Sentiment for Xperia in previous quarter:1
INFO:root:[GoogleAds]: Google pushed the BASIC Ad for product Xperia to users Wilma Payne, Ann Pacheco, Wilma Payne, Ann Pacheco, Wilma Payne 
INFO:root:[GoogleAds]: Google billed the Seller {'APPLE INC': [25, 25], 'SAMSUNG MOBILES': [25], 'SONY INC': [25]}  
INFO:root:[Customer]:(Ann Pacheco,2): Next Quarter Begins 
INFO:root:[Customer]:(Ann Pacheco,2) currently seeing ads for the Products:[Note, iphoneX, Xperia, iphone11]
INFO:root:[Customer]:(Ann Pacheco,2) Ad Space cleared 
INFO:root:[Customer]:(Kay Medina,2): Next Quarter Begins 
INFO:root:[Customer]:(Wilma Payne,2): Next Quarter Begins 
INFO:root:[Customer]:(Kay Medina,2) currently seeing ads for the Products:[Note, iphoneX]
INFO:root:[Customer]:(Wilma Payne,2) currently seeing ads for the Products:[iphoneX, Xperia, iphone11]
INFO:root:[Customer]:(Kay Medina,2) Ad Space cleared 
INFO:root:[Customer]:(Wilma Payne,2) Ad Space cleared 
INFO:root:[Customer]:(Patricia Bronstein,2): Next Quarter Begins 
INFO:root:[Customer]:(Patricia Bronstein,2) currently seeing ads for the Products:[Note, iphone11]
INFO:root:[Customer]:***(Patricia Bronstein,2)bought the new product:[iphone11]
INFO:root:[Market]:Notify Seller APPLE INC about the sale of product iphone11 
INFO:root:[Market]:Get the amount $ 350 from buyer Patricia Bronstein for product iphone11 
INFO:root:[GoogleAds]: Google purchase history ('iphoneX', []) 
INFO:root:[GoogleAds]: Google purchase history ('iphone11', ['Patricia Bronstein']) 
INFO:root:[GoogleAds]: Google purchase history ('Note', []) 
INFO:root:[GoogleAds]: Google purchase history ('Xperia', []) 
INFO:root:[Market]:Add buyer Patricia Bronstein purchased the product iphone11 to google Add track history
INFO:root:[Customer]:(Patricia Bronstein,2) Ad Space cleared 
INFO:root:[Twitter]:History of Twitter post ('iphoneX', []) 
INFO:root:[Twitter]:History of Twitter post ('iphone11', [('Patricia Bronstein', 'POSITIVE')]) 
INFO:root:[Twitter]:History of Twitter post ('Note', []) 
INFO:root:[Twitter]:History of Twitter post ('Xperia', []) 
INFO:root:[Customer]:(Patricia Bronstein,2) Posted POSITIVE tweet for the product iphone11
INFO:root:[Customer]:(Kyle Hysom,2): Next Quarter Begins 
INFO:root:[Customer]:(Kyle Hysom,2) currently seeing ads for the Products:[Note, iphone11]
INFO:root:[Customer]:(Kyle Hysom,2) Ad Space cleared 
INFO:root:[Seller]:(APPLE INC,2): Next Quarter Begins 
INFO:root:[Seller]: (APPLE INC,2) CEO selected advert_type as BASIC for iphoneX
INFO:root:[Seller]: (APPLE INC,2) CEO selected advert_type as BASIC for iphone11
INFO:root:[Seller]: (APPLE INC,2) CEO selected advert scale 65
INFO:root:[Seller]: (APPLE INC,2) Revenue in previous quarter:350
INFO:root:[Seller]: (APPLE INC,2) Expenses in previous quarter:50
INFO:root:[Seller]: (APPLE INC,2) Profit in previous quarter:300
INFO:root:[Seller]: (APPLE INC,2) Sentiment for iphoneX in previous quarter:1
INFO:root:[Seller]: (APPLE INC,2) Sentiment for iphone11 in previous quarter:1
INFO:root:[GoogleAds]: Google pushed the BASIC Ad for product iphoneX to users Ann Pacheco, Kyle Hysom, Kay Medina, Kyle Hysom, Wilma Payne 
INFO:root:[GoogleAds]: Google billed the Seller {'APPLE INC': [25, 25, 25], 'SAMSUNG MOBILES': [25], 'SONY INC': [25]}  
INFO:root:[GoogleAds]: Google pushed the BASIC Ad for product iphone11 to users Wilma Payne, Ann Pacheco, Ann Pacheco, Kay Medina, Kyle Hysom 
INFO:root:[GoogleAds]: Google billed the Seller {'APPLE INC': [25, 25, 25, 25], 'SAMSUNG MOBILES': [25], 'SONY INC': [25]}  
INFO:root:[Seller]:(SAMSUNG MOBILES,2): Next Quarter Begins 
INFO:root:[Seller]: (SAMSUNG MOBILES,2) CEO selected advert_type as BASIC for Note
INFO:root:[Seller]: (SAMSUNG MOBILES,2) CEO selected advert scale 47
INFO:root:[Seller]: (SAMSUNG MOBILES,2) Revenue in previous quarter:0
INFO:root:[Seller]: (SAMSUNG MOBILES,2) Expenses in previous quarter:25
INFO:root:[Seller]: (SAMSUNG MOBILES,2) Profit in previous quarter:-25
INFO:root:[Seller]: (SAMSUNG MOBILES,2) Sentiment for Note in previous quarter:1
INFO:root:[GoogleAds]: Google pushed the BASIC Ad for product Note to users Wilma Payne, Patricia Bronstein, Ann Pacheco, Kay Medina, Kyle Hysom 
INFO:root:[GoogleAds]: Google billed the Seller {'APPLE INC': [25, 25, 25, 25], 'SAMSUNG MOBILES': [25, 25], 'SONY INC': [25]}  
INFO:root:[Seller]:(SONY INC,2): Next Quarter Begins 
INFO:root:[Seller]: (SONY INC,2) CEO selected advert_type as BASIC for Xperia
INFO:root:[Seller]: (SONY INC,2) CEO selected advert scale 47
INFO:root:[Seller]: (SONY INC,2) Revenue in previous quarter:0
INFO:root:[Seller]: (SONY INC,2) Expenses in previous quarter:25
INFO:root:[Seller]: (SONY INC,2) Profit in previous quarter:-25
INFO:root:[Seller]: (SONY INC,2) Sentiment for Xperia in previous quarter:1
INFO:root:[GoogleAds]: Google pushed the BASIC Ad for product Xperia to users Ann Pacheco, Patricia Bronstein, Patricia Bronstein, Wilma Payne, Patricia Bronstein 
INFO:root:[GoogleAds]: Google billed the Seller {'APPLE INC': [25, 25, 25, 25], 'SAMSUNG MOBILES': [25, 25], 'SONY INC': [25, 25]}  
INFO:root:[Customer]:(Ann Pacheco,3): Next Quarter Begins 
INFO:root:[Customer]:(Ann Pacheco,3) currently seeing ads for the Products:[Note, iphoneX, Xperia, iphone11]
INFO:root:[Customer]:***(Ann Pacheco,3)bought the new product:[Xperia]
INFO:root:[Market]:Notify Seller SONY INC about the sale of product Xperia 
INFO:root:[Market]:Get the amount $ 100 from buyer Ann Pacheco for product Xperia 
INFO:root:[GoogleAds]: Google purchase history ('iphoneX', []) 
INFO:root:[GoogleAds]: Google purchase history ('iphone11', ['Patricia Bronstein']) 
INFO:root:[GoogleAds]: Google purchase history ('Note', []) 
INFO:root:[GoogleAds]: Google purchase history ('Xperia', ['Ann Pacheco']) 
INFO:root:[Market]:Add buyer Ann Pacheco purchased the product Xperia to google Add track history
INFO:root:[Customer]:(Ann Pacheco,3) Ad Space cleared 
INFO:root:[Twitter]:History of Twitter post ('iphoneX', []) 
INFO:root:[Twitter]:History of Twitter post ('iphone11', [('Patricia Bronstein', 'POSITIVE')]) 
INFO:root:[Twitter]:History of Twitter post ('Note', []) 
INFO:root:[Twitter]:History of Twitter post ('Xperia', [('Ann Pacheco', 'POSITIVE')]) 
INFO:root:[Customer]:(Ann Pacheco,3) Posted POSITIVE tweet for the product Xperia
INFO:root:[Customer]:(Kay Medina,3): Next Quarter Begins 
INFO:root:[Customer]:(Kay Medina,3) currently seeing ads for the Products:[Note, iphoneX, iphone11]
INFO:root:[Customer]:(Wilma Payne,3): Next Quarter Begins 
INFO:root:[Customer]:***(Kay Medina,3)bought the new product:[iphoneX]
INFO:root:[Customer]:(Wilma Payne,3) currently seeing ads for the Products:[Note, iphoneX, Xperia, iphone11]
INFO:root:[Market]:Notify Seller APPLE INC about the sale of product iphoneX 
INFO:root:[Customer]:***(Wilma Payne,3)bought the new product:[iphoneX]
INFO:root:[Market]:Notify Seller APPLE INC about the sale of product iphoneX 
INFO:root:[Market]:Get the amount $ 300 from buyer Wilma Payne for product iphoneX 
INFO:root:[GoogleAds]: Google purchase history ('iphoneX', ['Wilma Payne']) 
INFO:root:[GoogleAds]: Google purchase history ('iphone11', ['Patricia Bronstein']) 
INFO:root:[GoogleAds]: Google purchase history ('Note', []) 
INFO:root:[GoogleAds]: Google purchase history ('Xperia', ['Ann Pacheco']) 
INFO:root:[Market]:Add buyer Wilma Payne purchased the product iphoneX to google Add track history
INFO:root:[Market]:Get the amount $ 300 from buyer Kay Medina for product iphoneX 
INFO:root:[Customer]:***(Wilma Payne,3)bought the new product:[Xperia]
INFO:root:[GoogleAds]: Google purchase history ('iphoneX', ['Wilma Payne', 'Kay Medina']) 
INFO:root:[Market]:Notify Seller SONY INC about the sale of product Xperia 
INFO:root:[GoogleAds]: Google purchase history ('iphone11', ['Patricia Bronstein']) 
INFO:root:[Market]:Get the amount $ 100 from buyer Wilma Payne for product Xperia 
INFO:root:[GoogleAds]: Google purchase history ('Note', []) 
INFO:root:[GoogleAds]: Google purchase history ('Xperia', ['Ann Pacheco']) 
INFO:root:[Market]:Add buyer Kay Medina purchased the product iphoneX to google Add track history
INFO:root:[GoogleAds]: Google purchase history ('iphoneX', ['Wilma Payne', 'Kay Medina']) 
INFO:root:[Customer]:(Kay Medina,3) Ad Space cleared 
INFO:root:[GoogleAds]: Google purchase history ('iphone11', ['Patricia Bronstein']) 
INFO:root:[Twitter]:History of Twitter post ('iphoneX', [('Kay Medina', 'POSITIVE')]) 
INFO:root:[GoogleAds]: Google purchase history ('Note', []) 
INFO:root:[Twitter]:History of Twitter post ('iphone11', [('Patricia Bronstein', 'POSITIVE')]) 
INFO:root:[GoogleAds]: Google purchase history ('Xperia', ['Ann Pacheco', 'Wilma Payne']) 
INFO:root:[Twitter]:History of Twitter post ('Note', []) 
INFO:root:[Market]:Add buyer Wilma Payne purchased the product Xperia to google Add track history
INFO:root:[Twitter]:History of Twitter post ('Xperia', [('Ann Pacheco', 'POSITIVE')]) 
INFO:root:[Customer]:(Wilma Payne,3) Ad Space cleared 
INFO:root:[Customer]:(Kay Medina,3) Posted POSITIVE tweet for the product iphoneX
INFO:root:[Twitter]:History of Twitter post ('iphoneX', [('Kay Medina', 'POSITIVE'), ('Wilma Payne', 'POSITIVE')]) 
INFO:root:[Twitter]:History of Twitter post ('iphone11', [('Patricia Bronstein', 'POSITIVE')]) 
INFO:root:[Twitter]:History of Twitter post ('Note', []) 
INFO:root:[Twitter]:History of Twitter post ('Xperia', [('Ann Pacheco', 'POSITIVE')]) 
INFO:root:[Customer]:(Wilma Payne,3) Posted POSITIVE tweet for the product iphoneX
INFO:root:[Customer]:(Patricia Bronstein,3): Next Quarter Begins 
INFO:root:[Customer]:(Patricia Bronstein,3) currently seeing ads for the Products:[Note, Xperia]
INFO:root:[Customer]:(Patricia Bronstein,3) Ad Space cleared 
INFO:root:[Customer]:(Kyle Hysom,3): Next Quarter Begins 
INFO:root:[Seller]:(APPLE INC,3): Next Quarter Begins 
INFO:root:[Customer]:(Kyle Hysom,3) currently seeing ads for the Products:[Note, iphoneX, iphone11]
INFO:root:[Seller]: (APPLE INC,3) CEO selected advert_type as BASIC for iphoneX
INFO:root:[Customer]:(Kyle Hysom,3) Ad Space cleared 
INFO:root:[Seller]: (APPLE INC,3) CEO selected advert_type as BASIC for iphone11
INFO:root:[Seller]: (APPLE INC,3) CEO selected advert scale 92
INFO:root:[Seller]: (APPLE INC,3) Revenue in previous quarter:600
INFO:root:[Seller]: (APPLE INC,3) Expenses in previous quarter:50
INFO:root:[Seller]:(SAMSUNG MOBILES,3): Next Quarter Begins 
INFO:root:[Seller]: (APPLE INC,3) Profit in previous quarter:550
INFO:root:[Seller]: (SAMSUNG MOBILES,3) CEO selected advert_type as BASIC for Note
INFO:root:[Seller]: (APPLE INC,3) Sentiment for iphoneX in previous quarter:1
INFO:root:[Seller]: (SAMSUNG MOBILES,3) CEO selected advert scale 45
INFO:root:[Seller]: (APPLE INC,3) Sentiment for iphone11 in previous quarter:1
INFO:root:[Seller]:(SONY INC,3): Next Quarter Begins 
INFO:root:[GoogleAds]: Google pushed the BASIC Ad for product iphoneX to users Wilma Payne, Kay Medina, Wilma Payne, Wilma Payne, Kay Medina 
INFO:root:[Seller]: (SONY INC,3) CEO selected advert_type as BASIC for Xperia
INFO:root:[Seller]: (SAMSUNG MOBILES,3) Revenue in previous quarter:0
INFO:root:[GoogleAds]: Google billed the Seller {'APPLE INC': [25, 25, 25, 25, 25], 'SAMSUNG MOBILES': [25, 25], 'SONY INC': [25, 25]}  
INFO:root:[Seller]: (SONY INC,3) CEO selected advert scale 65
INFO:root:[Seller]: (SAMSUNG MOBILES,3) Expenses in previous quarter:25
INFO:root:[Seller]: (SAMSUNG MOBILES,3) Profit in previous quarter:-25
INFO:root:[Seller]: (SONY INC,3) Revenue in previous quarter:200
INFO:root:[Seller]: (SAMSUNG MOBILES,3) Sentiment for Note in previous quarter:1
INFO:root:[Seller]: (SONY INC,3) Expenses in previous quarter:25
INFO:root:[GoogleAds]: Google pushed the BASIC Ad for product iphone11 to users Ann Pacheco, Kyle Hysom, Kay Medina, Kyle Hysom, Ann Pacheco 
INFO:root:[Seller]: (SONY INC,3) Profit in previous quarter:175
INFO:root:[GoogleAds]: Google billed the Seller {'APPLE INC': [25, 25, 25, 25, 25, 25], 'SAMSUNG MOBILES': [25, 25], 'SONY INC': [25, 25]}  
INFO:root:[Seller]: (SONY INC,3) Sentiment for Xperia in previous quarter:1
INFO:root:[GoogleAds]: Google pushed the BASIC Ad for product Note to users Ann Pacheco, Ann Pacheco, Ann Pacheco, Wilma Payne, Kay Medina 
INFO:root:[GoogleAds]: Google billed the Seller {'APPLE INC': [25, 25, 25, 25, 25, 25], 'SAMSUNG MOBILES': [25, 25, 25], 'SONY INC': [25, 25]}  
INFO:root:[GoogleAds]: Google pushed the BASIC Ad for product Xperia to users Ann Pacheco, Patricia Bronstein, Ann Pacheco, Kay Medina, Ann Pacheco 
INFO:root:[GoogleAds]: Google billed the Seller {'APPLE INC': [25, 25, 25, 25, 25, 25], 'SAMSUNG MOBILES': [25, 25, 25], 'SONY INC': [25, 25, 25]}  
INFO:root:[Customer]:(Ann Pacheco,4): Next Quarter Begins 
INFO:root:[Customer]:(Ann Pacheco,4) currently seeing ads for the Products:[Note, Xperia, iphone11]
INFO:root:[Customer]:(Ann Pacheco,4) Ad Space cleared 
INFO:root:[Twitter]:History of Twitter post ('iphoneX', [('Kay Medina', 'POSITIVE'), ('Wilma Payne', 'POSITIVE')]) 
INFO:root:[Twitter]:History of Twitter post ('iphone11', [('Patricia Bronstein', 'POSITIVE')]) 
INFO:root:[Twitter]:History of Twitter post ('Note', []) 
INFO:root:[Twitter]:History of Twitter post ('Xperia', [('Ann Pacheco', 'POSITIVE'), ('Ann Pacheco', 'POSITIVE')]) 
INFO:root:[Customer]:(Ann Pacheco,4) Posted POSITIVE tweet for the product Xperia
INFO:root:[Customer]:(Kay Medina,4): Next Quarter Begins 
INFO:root:[Customer]:(Kay Medina,4) currently seeing ads for the Products:[Note, iphoneX, Xperia, iphone11]
INFO:root:[Customer]:***(Kay Medina,4)bought the new product:[Xperia]
INFO:root:[Market]:Notify Seller SONY INC about the sale of product Xperia 
INFO:root:[Customer]:(Wilma Payne,4): Next Quarter Begins 
INFO:root:[Market]:Get the amount $ 100 from buyer Kay Medina for product Xperia 
INFO:root:[Customer]:(Wilma Payne,4) currently seeing ads for the Products:[Note, iphoneX]
INFO:root:[GoogleAds]: Google purchase history ('iphoneX', ['Wilma Payne', 'Kay Medina']) 
INFO:root:[Customer]:(Wilma Payne,4) Ad Space cleared 
INFO:root:[GoogleAds]: Google purchase history ('iphone11', ['Patricia Bronstein']) 
INFO:root:[Twitter]:History of Twitter post ('iphoneX', [('Kay Medina', 'POSITIVE'), ('Wilma Payne', 'POSITIVE'), ('Wilma Payne', 'POSITIVE')]) 
INFO:root:[GoogleAds]: Google purchase history ('Note', []) 
INFO:root:[Twitter]:History of Twitter post ('iphone11', [('Patricia Bronstein', 'POSITIVE')]) 
INFO:root:[GoogleAds]: Google purchase history ('Xperia', ['Ann Pacheco', 'Wilma Payne', 'Kay Medina']) 
INFO:root:[Twitter]:History of Twitter post ('Note', []) 
INFO:root:[Market]:Add buyer Kay Medina purchased the product Xperia to google Add track history
INFO:root:[Twitter]:History of Twitter post ('Xperia', [('Ann Pacheco', 'POSITIVE'), ('Ann Pacheco', 'POSITIVE')]) 
INFO:root:[Customer]:(Kay Medina,4) Ad Space cleared 
INFO:root:[Customer]:(Wilma Payne,4) Posted POSITIVE tweet for the product iphoneX
INFO:root:[Twitter]:History of Twitter post ('iphoneX', [('Kay Medina', 'POSITIVE'), ('Wilma Payne', 'POSITIVE'), ('Wilma Payne', 'POSITIVE')]) 
INFO:root:[Twitter]:History of Twitter post ('iphone11', [('Patricia Bronstein', 'POSITIVE')]) 
INFO:root:[Twitter]:History of Twitter post ('Note', []) 
INFO:root:[Twitter]:History of Twitter post ('Xperia', [('Ann Pacheco', 'POSITIVE'), ('Ann Pacheco', 'POSITIVE'), ('Kay Medina', 'NEGATIVE')]) 
INFO:root:[Customer]:(Kay Medina,4) Posted NEGATIVE tweet for the product Xperia
INFO:root:[Customer]:(Patricia Bronstein,4): Next Quarter Begins 
INFO:root:[Customer]:(Patricia Bronstein,4) currently seeing ads for the Products:[Xperia]
INFO:root:[Customer]:###(Patricia Bronstein,4)doesn't buy any products 
INFO:root:[Customer]:(Patricia Bronstein,4) Ad Space cleared 
INFO:root:[Twitter]:History of Twitter post ('iphoneX', [('Kay Medina', 'POSITIVE'), ('Wilma Payne', 'POSITIVE'), ('Wilma Payne', 'POSITIVE')]) 
INFO:root:[Twitter]:History of Twitter post ('iphone11', [('Patricia Bronstein', 'POSITIVE'), ('Patricia Bronstein', 'POSITIVE')]) 
INFO:root:[Twitter]:History of Twitter post ('Note', []) 
INFO:root:[Twitter]:History of Twitter post ('Xperia', [('Ann Pacheco', 'POSITIVE'), ('Ann Pacheco', 'POSITIVE'), ('Kay Medina', 'NEGATIVE')]) 
INFO:root:[Customer]:(Patricia Bronstein,4) Posted POSITIVE tweet for the product iphone11
INFO:root:[Customer]:(Kyle Hysom,4): Next Quarter Begins 
INFO:root:[Customer]:(Kyle Hysom,4) currently seeing ads for the Products:[iphone11]
INFO:root:[Customer]:(Kyle Hysom,4) Ad Space cleared 
INFO:root:[Seller]:(APPLE INC,4): Next Quarter Begins 
INFO:root:[Seller]:(SAMSUNG MOBILES,4): Next Quarter Begins 
INFO:root:[Seller]: (APPLE INC,4) CEO selected advert_type as BASIC for iphoneX
INFO:root:[Seller]:(SONY INC,4): Next Quarter Begins 
INFO:root:[Seller]: (SAMSUNG MOBILES,4) CEO selected advert_type as BASIC for Note
INFO:root:[Seller]: (SAMSUNG MOBILES,4) CEO selected advert scale 42
INFO:root:[Seller]: (APPLE INC,4) CEO selected advert_type as BASIC for iphone11
INFO:root:[Seller]: (APPLE INC,4) CEO selected advert scale 90
INFO:root:[Seller]: (SONY INC,4) CEO selected advert_type as TARGETED for Xperia
INFO:root:[Seller]: (SAMSUNG MOBILES,4) Revenue in previous quarter:0
INFO:root:[Seller]: (SAMSUNG MOBILES,4) Expenses in previous quarter:25
INFO:root:[Seller]: (APPLE INC,4) Revenue in previous quarter:0
INFO:root:[Seller]: (SAMSUNG MOBILES,4) Profit in previous quarter:-25
INFO:root:[Seller]: (SONY INC,4) CEO selected advert scale 36
INFO:root:[Seller]: (SONY INC,4) Revenue in previous quarter:100
INFO:root:[Seller]: (SONY INC,4) Expenses in previous quarter:25
INFO:root:[Seller]: (SONY INC,4) Profit in previous quarter:75
INFO:root:[Seller]: (SONY INC,4) Sentiment for Xperia in previous quarter:0
INFO:root:[Seller]: (APPLE INC,4) Expenses in previous quarter:50
INFO:root:[GoogleAds]: Google pushed the TARGETED Ad for product Xperia to user Patricia Bronstein, Wilma Payne, Wilma Payne, Wilma Payne, Patricia Bronstein 
INFO:root:[Seller]: (SAMSUNG MOBILES,4) Sentiment for Note in previous quarter:1
INFO:root:[Seller]: (APPLE INC,4) Profit in previous quarter:-50
INFO:root:[GoogleAds]: Google billed the Seller {'APPLE INC': [25, 25, 25, 25, 25, 25], 'SAMSUNG MOBILES': [25, 25, 25], 'SONY INC': [25, 25, 25, 50]}  
INFO:root:[Seller]: (APPLE INC,4) Sentiment for iphoneX in previous quarter:1
INFO:root:[GoogleAds]: Google pushed the BASIC Ad for product Note to users Kay Medina, Patricia Bronstein, Wilma Payne, Kyle Hysom, Wilma Payne 
INFO:root:[Seller]: (APPLE INC,4) Sentiment for iphone11 in previous quarter:1
INFO:root:[GoogleAds]: Google billed the Seller {'APPLE INC': [25, 25, 25, 25, 25, 25], 'SAMSUNG MOBILES': [25, 25, 25, 25], 'SONY INC': [25, 25, 25, 50]}  
INFO:root:[GoogleAds]: Google pushed the BASIC Ad for product iphoneX to users Kyle Hysom, Kyle Hysom, Ann Pacheco, Kyle Hysom, Wilma Payne 
INFO:root:[GoogleAds]: Google billed the Seller {'APPLE INC': [25, 25, 25, 25, 25, 25, 25], 'SAMSUNG MOBILES': [25, 25, 25, 25], 'SONY INC': [25, 25, 25, 50]}  
INFO:root:[GoogleAds]: Google pushed the BASIC Ad for product iphone11 to users Patricia Bronstein, Kyle Hysom, Wilma Payne, Ann Pacheco, Kay Medina 
INFO:root:[GoogleAds]: Google billed the Seller {'APPLE INC': [25, 25, 25, 25, 25, 25, 25, 25], 'SAMSUNG MOBILES': [25, 25, 25, 25], 'SONY INC': [25, 25, 25, 50]}  
INFO:root:[Customer]:(Ann Pacheco,5): Next Quarter Begins 
INFO:root:[Customer]:(Wilma Payne,5): Next Quarter Begins 
INFO:root:[Customer]:(Kay Medina,5): Next Quarter Begins 
INFO:root:[Customer]:(Ann Pacheco,5) currently seeing ads for the Products:[iphoneX, iphone11]
INFO:root:[Customer]:(Wilma Payne,5) currently seeing ads for the Products:[Note, iphoneX, Xperia, iphone11]
INFO:root:[Customer]:(Kay Medina,5) currently seeing ads for the Products:[Note, iphone11]
INFO:root:[Customer]:(Ann Pacheco,5) Ad Space cleared 
INFO:root:[Customer]:###(Wilma Payne,5)doesn't buy any products 
INFO:root:[Customer]:(Wilma Payne,5) Ad Space cleared 
INFO:root:[Customer]:***(Kay Medina,5)bought the new product:[iphone11]
INFO:root:[Twitter]:History of Twitter post ('iphoneX', [('Kay Medina', 'POSITIVE'), ('Wilma Payne', 'POSITIVE'), ('Wilma Payne', 'POSITIVE')]) 
INFO:root:[Customer]:(Kay Medina,5) Ad Space cleared 
INFO:root:[Twitter]:History of Twitter post ('iphone11', [('Patricia Bronstein', 'POSITIVE'), ('Patricia Bronstein', 'POSITIVE')]) 
INFO:root:[Twitter]:History of Twitter post ('Note', []) 
INFO:root:[Twitter]:History of Twitter post ('Xperia', [('Ann Pacheco', 'POSITIVE'), ('Ann Pacheco', 'POSITIVE'), ('Kay Medina', 'NEGATIVE'), ('Ann Pacheco', 'POSITIVE')]) 
INFO:root:[Customer]:(Ann Pacheco,5) Posted POSITIVE tweet for the product Xperia
INFO:root:[Customer]:(Patricia Bronstein,5): Next Quarter Begins 
INFO:root:[Customer]:(Patricia Bronstein,5) currently seeing ads for the Products:[Note, Xperia, iphone11]
INFO:root:[Customer]:###(Patricia Bronstein,5)doesn't buy any products 
INFO:root:[Customer]:(Patricia Bronstein,5) Ad Space cleared 
INFO:root:[Twitter]:History of Twitter post ('iphoneX', [('Kay Medina', 'POSITIVE'), ('Wilma Payne', 'POSITIVE'), ('Wilma Payne', 'POSITIVE')]) 
INFO:root:[Twitter]:History of Twitter post ('iphone11', [('Patricia Bronstein', 'POSITIVE'), ('Patricia Bronstein', 'POSITIVE'), ('Patricia Bronstein', 'POSITIVE')]) 
INFO:root:[Twitter]:History of Twitter post ('Note', []) 
INFO:root:[Twitter]:History of Twitter post ('Xperia', [('Ann Pacheco', 'POSITIVE'), ('Ann Pacheco', 'POSITIVE'), ('Kay Medina', 'NEGATIVE'), ('Ann Pacheco', 'POSITIVE')]) 
INFO:root:[Customer]:(Patricia Bronstein,5) Posted POSITIVE tweet for the product iphone11
INFO:root:[Customer]:(Kyle Hysom,5): Next Quarter Begins 
INFO:root:[Customer]:(Kyle Hysom,5) currently seeing ads for the Products:[Note, iphoneX, iphone11]
INFO:root:[Customer]:(Kyle Hysom,5) Ad Space cleared 
INFO:root:[Seller]:(SONY INC,5): Next Quarter Begins 
INFO:root:[Seller]:(APPLE INC,5): Next Quarter Begins 
INFO:root:[Seller]:(SAMSUNG MOBILES,5): Next Quarter Begins 
INFO:root:[Seller]: (SONY INC,5) CEO selected advert_type as TARGETED for Xperia
INFO:root:[Seller]: (APPLE INC,5) CEO selected advert_type as BASIC for iphoneX
INFO:root:[Seller]: (SAMSUNG MOBILES,5) CEO selected advert_type as BASIC for Note
INFO:root:[Seller]: (SONY INC,5) CEO selected advert scale 33
INFO:root:[Seller]: (APPLE INC,5) CEO selected advert_type as BASIC for iphone11
INFO:root:[Seller]: (SAMSUNG MOBILES,5) CEO selected advert scale 40
INFO:root:[Seller]: (SONY INC,5) Revenue in previous quarter:0
INFO:root:[Seller]: (APPLE INC,5) CEO selected advert scale 87
INFO:root:[Seller]: (SAMSUNG MOBILES,5) Revenue in previous quarter:0
INFO:root:[Seller]: (SONY INC,5) Expenses in previous quarter:50
INFO:root:[Seller]: (APPLE INC,5) Revenue in previous quarter:0
INFO:root:[Seller]: (SAMSUNG MOBILES,5) Expenses in previous quarter:25
INFO:root:[Seller]: (SONY INC,5) Profit in previous quarter:-50
INFO:root:[Seller]: (APPLE INC,5) Expenses in previous quarter:50
INFO:root:[Seller]: (SAMSUNG MOBILES,5) Profit in previous quarter:-25
INFO:root:[Seller]: (SONY INC,5) Sentiment for Xperia in previous quarter:0
INFO:root:[Seller]: (APPLE INC,5) Profit in previous quarter:-50
INFO:root:[Seller]: (SAMSUNG MOBILES,5) Sentiment for Note in previous quarter:1
INFO:root:[GoogleAds]: Google pushed the TARGETED Ad for product Xperia to user Patricia Bronstein, Kyle Hysom, Kay Medina, Patricia Bronstein, Kay Medina 
INFO:root:[Seller]: (APPLE INC,5) Sentiment for iphoneX in previous quarter:1
INFO:root:[GoogleAds]: Google billed the Seller {'APPLE INC': [25, 25, 25, 25, 25, 25, 25, 25], 'SAMSUNG MOBILES': [25, 25, 25, 25], 'SONY INC': [25, 25, 25, 50, 50]}  
INFO:root:[Seller]: (APPLE INC,5) Sentiment for iphone11 in previous quarter:1
INFO:root:[GoogleAds]: Google pushed the BASIC Ad for product Note to users Kay Medina, Ann Pacheco, Wilma Payne, Wilma Payne, Patricia Bronstein 
INFO:root:[GoogleAds]: Google billed the Seller {'APPLE INC': [25, 25, 25, 25, 25, 25, 25, 25], 'SAMSUNG MOBILES': [25, 25, 25, 25, 25], 'SONY INC': [25, 25, 25, 50, 50]}  
INFO:root:[GoogleAds]: Google pushed the BASIC Ad for product iphoneX to users Patricia Bronstein, Kyle Hysom, Kyle Hysom, Kay Medina, Kay Medina 
INFO:root:[GoogleAds]: Google billed the Seller {'APPLE INC': [25, 25, 25, 25, 25, 25, 25, 25, 25], 'SAMSUNG MOBILES': [25, 25, 25, 25, 25], 'SONY INC': [25, 25, 25, 50, 50]}  
INFO:root:[GoogleAds]: Google pushed the BASIC Ad for product iphone11 to users Kay Medina, Kay Medina, Patricia Bronstein, Wilma Payne, Kyle Hysom 
INFO:root:[GoogleAds]: Google billed the Seller {'APPLE INC': [25, 25, 25, 25, 25, 25, 25, 25, 25, 25], 'SAMSUNG MOBILES': [25, 25, 25, 25, 25], 'SONY INC': [25, 25, 25, 50, 50]}  
INFO:root:[Customer]:(Wilma Payne,6): Next Quarter Begins 
INFO:root:[Customer]:(Kay Medina,6): Next Quarter Begins 
INFO:root:[Customer]:(Ann Pacheco,6): Next Quarter Begins 
INFO:root:[Customer]:(Wilma Payne,6) currently seeing ads for the Products:[Note, iphone11]
INFO:root:[Customer]:(Kay Medina,6) currently seeing ads for the Products:[Note, iphoneX, Xperia, iphone11]
INFO:root:[Customer]:(Ann Pacheco,6) currently seeing ads for the Products:[Note]
INFO:root:[Customer]:(Wilma Payne,6) Ad Space cleared 
INFO:root:[Customer]:(Kay Medina,6) Ad Space cleared 
INFO:root:[Customer]:(Ann Pacheco,6) Ad Space cleared 
INFO:root:[Twitter]:History of Twitter post ('iphoneX', [('Kay Medina', 'POSITIVE'), ('Wilma Payne', 'POSITIVE'), ('Wilma Payne', 'POSITIVE')]) 
INFO:root:[Twitter]:History of Twitter post ('iphone11', [('Patricia Bronstein', 'POSITIVE'), ('Patricia Bronstein', 'POSITIVE'), ('Patricia Bronstein', 'POSITIVE')]) 
INFO:root:[Twitter]:History of Twitter post ('Note', []) 
INFO:root:[Twitter]:History of Twitter post ('Xperia', [('Ann Pacheco', 'POSITIVE'), ('Ann Pacheco', 'POSITIVE'), ('Kay Medina', 'NEGATIVE'), ('Ann Pacheco', 'POSITIVE'), ('Ann Pacheco', 'POSITIVE')]) 
INFO:root:[Customer]:(Ann Pacheco,6) Posted POSITIVE tweet for the product Xperia
INFO:root:[Customer]:(Patricia Bronstein,6): Next Quarter Begins 
INFO:root:[Customer]:(Patricia Bronstein,6) currently seeing ads for the Products:[Note, iphoneX, Xperia, iphone11]
INFO:root:[Customer]:(Patricia Bronstein,6) Ad Space cleared 
INFO:root:[Twitter]:History of Twitter post ('iphoneX', [('Kay Medina', 'POSITIVE'), ('Wilma Payne', 'POSITIVE'), ('Wilma Payne', 'POSITIVE')]) 
INFO:root:[Twitter]:History of Twitter post ('iphone11', [('Patricia Bronstein', 'POSITIVE'), ('Patricia Bronstein', 'POSITIVE'), ('Patricia Bronstein', 'POSITIVE'), ('Patricia Bronstein', 'POSITIVE')]) 
INFO:root:[Twitter]:History of Twitter post ('Note', []) 
INFO:root:[Twitter]:History of Twitter post ('Xperia', [('Ann Pacheco', 'POSITIVE'), ('Ann Pacheco', 'POSITIVE'), ('Kay Medina', 'NEGATIVE'), ('Ann Pacheco', 'POSITIVE'), ('Ann Pacheco', 'POSITIVE')]) 
INFO:root:[Customer]:(Patricia Bronstein,6) Posted POSITIVE tweet for the product iphone11
INFO:root:[Customer]:(Kyle Hysom,6): Next Quarter Begins 
INFO:root:[Customer]:(Kyle Hysom,6) currently seeing ads for the Products:[iphoneX, Xperia, iphone11]
INFO:root:[Customer]:(Kyle Hysom,6) Ad Space cleared 
INFO:root:[Seller]:(SONY INC,6): Next Quarter Begins 
INFO:root:[Seller]: (SONY INC,6) CEO selected advert_type as TARGETED for Xperia
INFO:root:[Seller]:(SAMSUNG MOBILES,6): Next Quarter Begins 
INFO:root:[Seller]: (SONY INC,6) CEO selected advert scale 31
INFO:root:[Seller]:(APPLE INC,6): Next Quarter Begins 
INFO:root:[Seller]: (SAMSUNG MOBILES,6) CEO selected advert_type as BASIC for Note
INFO:root:[Seller]: (SONY INC,6) Revenue in previous quarter:0
INFO:root:[Seller]: (APPLE INC,6) CEO selected advert_type as BASIC for iphoneX
INFO:root:[Seller]: (SAMSUNG MOBILES,6) CEO selected advert scale 37
INFO:root:[Seller]: (SONY INC,6) Expenses in previous quarter:50
INFO:root:[Seller]: (APPLE INC,6) CEO selected advert_type as BASIC for iphone11
INFO:root:[Seller]: (SAMSUNG MOBILES,6) Revenue in previous quarter:0
INFO:root:[Seller]: (SONY INC,6) Profit in previous quarter:-50
INFO:root:[Seller]: (APPLE INC,6) CEO selected advert scale 85
INFO:root:[Seller]: (SAMSUNG MOBILES,6) Expenses in previous quarter:25
INFO:root:[Seller]: (SONY INC,6) Sentiment for Xperia in previous quarter:0
INFO:root:[Seller]: (APPLE INC,6) Revenue in previous quarter:0
INFO:root:[Seller]: (SAMSUNG MOBILES,6) Profit in previous quarter:-25
INFO:root:[GoogleAds]: Google pushed the TARGETED Ad for product Xperia to user Kyle Hysom, Kyle Hysom, Patricia Bronstein, Kyle Hysom, Kay Medina 
INFO:root:[Seller]: (APPLE INC,6) Expenses in previous quarter:50
INFO:root:[Seller]: (SAMSUNG MOBILES,6) Sentiment for Note in previous quarter:1
INFO:root:[GoogleAds]: Google billed the Seller {'APPLE INC': [25, 25, 25, 25, 25, 25, 25, 25, 25, 25], 'SAMSUNG MOBILES': [25, 25, 25, 25, 25], 'SONY INC': [25, 25, 25, 50, 50, 50]}  
INFO:root:[Seller]: (APPLE INC,6) Profit in previous quarter:-50
INFO:root:[GoogleAds]: Google pushed the BASIC Ad for product Note to users Patricia Bronstein, Wilma Payne, Patricia Bronstein, Ann Pacheco, Wilma Payne 
INFO:root:[Seller]: (APPLE INC,6) Sentiment for iphoneX in previous quarter:1
INFO:root:[GoogleAds]: Google billed the Seller {'APPLE INC': [25, 25, 25, 25, 25, 25, 25, 25, 25, 25], 'SAMSUNG MOBILES': [25, 25, 25, 25, 25, 25], 'SONY INC': [25, 25, 25, 50, 50, 50]}  
INFO:root:[Seller]: (APPLE INC,6) Sentiment for iphone11 in previous quarter:1
INFO:root:[GoogleAds]: Google pushed the BASIC Ad for product iphoneX to users Patricia Bronstein, Wilma Payne, Patricia Bronstein, Kay Medina, Ann Pacheco 
INFO:root:[GoogleAds]: Google billed the Seller {'APPLE INC': [25, 25, 25, 25, 25, 25, 25, 25, 25, 25, 25], 'SAMSUNG MOBILES': [25, 25, 25, 25, 25, 25], 'SONY INC': [25, 25, 25, 50, 50, 50]}  
INFO:root:[GoogleAds]: Google pushed the BASIC Ad for product iphone11 to users Kyle Hysom, Patricia Bronstein, Patricia Bronstein, Patricia Bronstein, Kyle Hysom 
INFO:root:[GoogleAds]: Google billed the Seller {'APPLE INC': [25, 25, 25, 25, 25, 25, 25, 25, 25, 25, 25, 25], 'SAMSUNG MOBILES': [25, 25, 25, 25, 25, 25], 'SONY INC': [25, 25, 25, 50, 50, 50]}  
INFO:root:[Customer]:(Wilma Payne,7): Next Quarter Begins 
INFO:root:[Customer]:(Kay Medina,7): Next Quarter Begins 
INFO:root:[Customer]:(Ann Pacheco,7): Next Quarter Begins 
INFO:root:[Customer]:(Wilma Payne,7) currently seeing ads for the Products:[Note, iphoneX]
INFO:root:[Customer]:(Kay Medina,7) currently seeing ads for the Products:[iphoneX, Xperia]
INFO:root:[Customer]:(Ann Pacheco,7) currently seeing ads for the Products:[Note, iphoneX]
INFO:root:[Customer]:(Wilma Payne,7) Ad Space cleared 
INFO:root:[Customer]:(Kay Medina,7) Ad Space cleared 
INFO:root:[Customer]:(Ann Pacheco,7) Ad Space cleared 
INFO:root:[Twitter]:History of Twitter post ('iphoneX', [('Kay Medina', 'POSITIVE'), ('Wilma Payne', 'POSITIVE'), ('Wilma Payne', 'POSITIVE')]) 
INFO:root:[Twitter]:History of Twitter post ('iphoneX', [('Kay Medina', 'POSITIVE'), ('Wilma Payne', 'POSITIVE'), ('Wilma Payne', 'POSITIVE'), ('Kay Medina', 'POSITIVE')]) 
INFO:root:[Twitter]:History of Twitter post ('iphone11', [('Patricia Bronstein', 'POSITIVE'), ('Patricia Bronstein', 'POSITIVE'), ('Patricia Bronstein', 'POSITIVE'), ('Patricia Bronstein', 'POSITIVE')]) 
INFO:root:[Twitter]:History of Twitter post ('iphone11', [('Patricia Bronstein', 'POSITIVE'), ('Patricia Bronstein', 'POSITIVE'), ('Patricia Bronstein', 'POSITIVE'), ('Patricia Bronstein', 'POSITIVE')]) 
INFO:root:[Twitter]:History of Twitter post ('Note', []) 
INFO:root:[Twitter]:History of Twitter post ('Note', []) 
INFO:root:[Twitter]:History of Twitter post ('Xperia', [('Ann Pacheco', 'POSITIVE'), ('Ann Pacheco', 'POSITIVE'), ('Kay Medina', 'NEGATIVE'), ('Ann Pacheco', 'POSITIVE'), ('Ann Pacheco', 'POSITIVE'), ('Wilma Payne', 'NEGATIVE')]) 
INFO:root:[Twitter]:History of Twitter post ('Xperia', [('Ann Pacheco', 'POSITIVE'), ('Ann Pacheco', 'POSITIVE'), ('Kay Medina', 'NEGATIVE'), ('Ann Pacheco', 'POSITIVE'), ('Ann Pacheco', 'POSITIVE'), ('Wilma Payne', 'NEGATIVE')]) 
INFO:root:[Customer]:(Wilma Payne,7) Posted NEGATIVE tweet for the product Xperia
INFO:root:[Customer]:(Kay Medina,7) Posted POSITIVE tweet for the product iphoneX
INFO:root:[Customer]:(Patricia Bronstein,7): Next Quarter Begins 
INFO:root:[Customer]:(Patricia Bronstein,7) currently seeing ads for the Products:[Note, iphoneX, Xperia, iphone11]
INFO:root:[Customer]:###(Patricia Bronstein,7)doesn't buy any products 
INFO:root:[Customer]:(Patricia Bronstein,7) Ad Space cleared 
INFO:root:[Twitter]:History of Twitter post ('iphoneX', [('Kay Medina', 'POSITIVE'), ('Wilma Payne', 'POSITIVE'), ('Wilma Payne', 'POSITIVE'), ('Kay Medina', 'POSITIVE')]) 
INFO:root:[Twitter]:History of Twitter post ('iphone11', [('Patricia Bronstein', 'POSITIVE'), ('Patricia Bronstein', 'POSITIVE'), ('Patricia Bronstein', 'POSITIVE'), ('Patricia Bronstein', 'POSITIVE'), ('Patricia Bronstein', 'POSITIVE')]) 
INFO:root:[Twitter]:History of Twitter post ('Note', []) 
INFO:root:[Twitter]:History of Twitter post ('Xperia', [('Ann Pacheco', 'POSITIVE'), ('Ann Pacheco', 'POSITIVE'), ('Kay Medina', 'NEGATIVE'), ('Ann Pacheco', 'POSITIVE'), ('Ann Pacheco', 'POSITIVE'), ('Wilma Payne', 'NEGATIVE')]) 
INFO:root:[Customer]:(Patricia Bronstein,7) Posted POSITIVE tweet for the product iphone11
INFO:root:[Customer]:(Kyle Hysom,7): Next Quarter Begins 
INFO:root:[Customer]:(Kyle Hysom,7) currently seeing ads for the Products:[Xperia, iphone11]
INFO:root:[Customer]:###(Kyle Hysom,7)doesn't buy any products 
INFO:root:[Customer]:(Kyle Hysom,7) Ad Space cleared 
INFO:root:[Seller]:(SONY INC,7): Next Quarter Begins 
INFO:root:[Seller]:(SAMSUNG MOBILES,7): Next Quarter Begins 
INFO:root:[Seller]: (SONY INC,7) CEO selected advert_type as TARGETED for Xperia
INFO:root:[Seller]:(APPLE INC,7): Next Quarter Begins 
INFO:root:[Seller]: (SAMSUNG MOBILES,7) CEO selected advert_type as BASIC for Note
INFO:root:[Seller]: (SONY INC,7) CEO selected advert scale 28
INFO:root:[Seller]: (APPLE INC,7) CEO selected advert_type as BASIC for iphoneX
INFO:root:[Seller]: (SAMSUNG MOBILES,7) CEO selected advert scale 35
INFO:root:[Seller]: (SONY INC,7) Revenue in previous quarter:0
INFO:root:[Seller]: (APPLE INC,7) CEO selected advert_type as BASIC for iphone11
INFO:root:[Seller]: (SAMSUNG MOBILES,7) Revenue in previous quarter:0
INFO:root:[Seller]: (SONY INC,7) Expenses in previous quarter:50
INFO:root:[Seller]: (APPLE INC,7) CEO selected advert scale 82
INFO:root:[Seller]: (SAMSUNG MOBILES,7) Expenses in previous quarter:25
INFO:root:[Seller]: (SONY INC,7) Profit in previous quarter:-50
INFO:root:[Seller]: (APPLE INC,7) Revenue in previous quarter:0
INFO:root:[Seller]: (SAMSUNG MOBILES,7) Profit in previous quarter:-25
INFO:root:[Seller]: (SAMSUNG MOBILES,7) Sentiment for Note in previous quarter:1
INFO:root:[Seller]: (APPLE INC,7) Expenses in previous quarter:50
INFO:root:[Seller]: (SONY INC,7) Sentiment for Xperia in previous quarter:0
INFO:root:[GoogleAds]: Google pushed the BASIC Ad for product Note to users Kyle Hysom, Wilma Payne, Patricia Bronstein, Wilma Payne, Patricia Bronstein 
INFO:root:[Seller]: (APPLE INC,7) Profit in previous quarter:-50
INFO:root:[GoogleAds]: Google billed the Seller {'APPLE INC': [25, 25, 25, 25, 25, 25, 25, 25, 25, 25, 25, 25], 'SAMSUNG MOBILES': [25, 25, 25, 25, 25, 25, 25], 'SONY INC': [25, 25, 25, 50, 50, 50]}  
INFO:root:[Seller]: (APPLE INC,7) Sentiment for iphoneX in previous quarter:1
INFO:root:[GoogleAds]: Google pushed the TARGETED Ad for product Xperia to user Patricia Bronstein, Ann Pacheco, Kyle Hysom, Kay Medina, Kay Medina 
INFO:root:[Seller]: (APPLE INC,7) Sentiment for iphone11 in previous quarter:1
INFO:root:[GoogleAds]: Google billed the Seller {'APPLE INC': [25, 25, 25, 25, 25, 25, 25, 25, 25, 25, 25, 25], 'SAMSUNG MOBILES': [25, 25, 25, 25, 25, 25, 25], 'SONY INC': [25, 25, 25, 50, 50, 50, 50]}  
INFO:root:[GoogleAds]: Google pushed the BASIC Ad for product iphoneX to users Patricia Bronstein, Wilma Payne, Wilma Payne, Wilma Payne, Ann Pacheco 
INFO:root:[GoogleAds]: Google billed the Seller {'APPLE INC': [25, 25, 25, 25, 25, 25, 25, 25, 25, 25, 25, 25, 25], 'SAMSUNG MOBILES': [25, 25, 25, 25, 25, 25, 25], 'SONY INC': [25, 25, 25, 50, 50, 50, 50]}  
INFO:root:[GoogleAds]: Google pushed the BASIC Ad for product iphone11 to users Kay Medina, Kay Medina, Ann Pacheco, Ann Pacheco, Ann Pacheco 
INFO:root:[GoogleAds]: Google billed the Seller {'APPLE INC': [25, 25, 25, 25, 25, 25, 25, 25, 25, 25, 25, 25, 25, 25], 'SAMSUNG MOBILES': [25, 25, 25, 25, 25, 25, 25], 'SONY INC': [25, 25, 25, 50, 50, 50, 50]}  
INFO:root:[Customer]:(Ann Pacheco,8): Next Quarter Begins 
INFO:root:[Customer]:(Ann Pacheco,8) currently seeing ads for the Products:[iphoneX, Xperia, iphone11]
INFO:root:[Customer]:(Ann Pacheco,8) Ad Space cleared 
INFO:root:[Twitter]:History of Twitter post ('iphoneX', [('Kay Medina', 'POSITIVE'), ('Wilma Payne', 'POSITIVE'), ('Wilma Payne', 'POSITIVE'), ('Kay Medina', 'POSITIVE')]) 
INFO:root:[Customer]:(Wilma Payne,8): Next Quarter Begins 
INFO:root:[Customer]:(Kay Medina,8): Next Quarter Begins 
INFO:root:[Twitter]:History of Twitter post ('iphone11', [('Patricia Bronstein', 'POSITIVE'), ('Patricia Bronstein', 'POSITIVE'), ('Patricia Bronstein', 'POSITIVE'), ('Patricia Bronstein', 'POSITIVE'), ('Patricia Bronstein', 'POSITIVE')]) 
INFO:root:[Customer]:(Wilma Payne,8) currently seeing ads for the Products:[Note, iphoneX]
INFO:root:[Customer]:(Kay Medina,8) currently seeing ads for the Products:[Xperia, iphone11]
INFO:root:[Twitter]:History of Twitter post ('Note', []) 
INFO:root:[Customer]:***(Wilma Payne,8)bought the new product:[Note]
INFO:root:[Customer]:(Kay Medina,8) Ad Space cleared 
INFO:root:[Twitter]:History of Twitter post ('Xperia', [('Ann Pacheco', 'POSITIVE'), ('Ann Pacheco', 'POSITIVE'), ('Kay Medina', 'NEGATIVE'), ('Ann Pacheco', 'POSITIVE'), ('Ann Pacheco', 'POSITIVE'), ('Wilma Payne', 'NEGATIVE'), ('Ann Pacheco', 'POSITIVE')]) 
INFO:root:[Customer]:(Wilma Payne,8) Ad Space cleared 
INFO:root:[Twitter]:History of Twitter post ('iphoneX', [('Kay Medina', 'POSITIVE'), ('Wilma Payne', 'POSITIVE'), ('Wilma Payne', 'POSITIVE'), ('Kay Medina', 'POSITIVE')]) 
INFO:root:[Customer]:(Ann Pacheco,8) Posted POSITIVE tweet for the product Xperia
INFO:root:[Twitter]:History of Twitter post ('iphone11', [('Patricia Bronstein', 'POSITIVE'), ('Patricia Bronstein', 'POSITIVE'), ('Patricia Bronstein', 'POSITIVE'), ('Patricia Bronstein', 'POSITIVE'), ('Patricia Bronstein', 'POSITIVE')]) 
INFO:root:[Twitter]:History of Twitter post ('Note', []) 
INFO:root:[Twitter]:History of Twitter post ('Xperia', [('Ann Pacheco', 'POSITIVE'), ('Ann Pacheco', 'POSITIVE'), ('Kay Medina', 'NEGATIVE'), ('Ann Pacheco', 'POSITIVE'), ('Ann Pacheco', 'POSITIVE'), ('Wilma Payne', 'NEGATIVE'), ('Ann Pacheco', 'POSITIVE'), ('Kay Medina', 'NEGATIVE')]) 
INFO:root:[Customer]:(Kay Medina,8) Posted NEGATIVE tweet for the product Xperia
INFO:root:[Customer]:(Patricia Bronstein,8): Next Quarter Begins 
INFO:root:[Customer]:(Patricia Bronstein,8) currently seeing ads for the Products:[Note, iphoneX, Xperia]
INFO:root:[Customer]:###(Patricia Bronstein,8)doesn't buy any products 
INFO:root:[Customer]:(Patricia Bronstein,8) Ad Space cleared 
INFO:root:[Customer]:(Kyle Hysom,8): Next Quarter Begins 
INFO:root:[Customer]:(Kyle Hysom,8) currently seeing ads for the Products:[Note, Xperia]
INFO:root:[Customer]:###(Kyle Hysom,8)doesn't buy any products 
INFO:root:[Customer]:(Kyle Hysom,8) Ad Space cleared 
INFO:root:[Seller]:(SAMSUNG MOBILES,8): Next Quarter Begins 
INFO:root:[Seller]: (SAMSUNG MOBILES,8) CEO selected advert_type as BASIC for Note
INFO:root:[Seller]: (SAMSUNG MOBILES,8) CEO selected advert scale 32
INFO:root:[Seller]: (SAMSUNG MOBILES,8) Revenue in previous quarter:0
INFO:root:[Seller]: (SAMSUNG MOBILES,8) Expenses in previous quarter:25
INFO:root:[Seller]: (SAMSUNG MOBILES,8) Profit in previous quarter:-25
INFO:root:[Seller]: (SAMSUNG MOBILES,8) Sentiment for Note in previous quarter:1
INFO:root:[GoogleAds]: Google pushed the BASIC Ad for product Note to users Wilma Payne, Kyle Hysom, Ann Pacheco, Wilma Payne, Kyle Hysom 
INFO:root:[Seller]:(SONY INC,8): Next Quarter Begins 
INFO:root:[Seller]:(APPLE INC,8): Next Quarter Begins 
INFO:root:[GoogleAds]: Google billed the Seller {'APPLE INC': [25, 25, 25, 25, 25, 25, 25, 25, 25, 25, 25, 25, 25, 25], 'SAMSUNG MOBILES': [25, 25, 25, 25, 25, 25, 25, 25], 'SONY INC': [25, 25, 25, 50, 50, 50, 50]}  
INFO:root:[Seller]: (SONY INC,8) CEO selected advert_type as TARGETED for Xperia
INFO:root:[Seller]: (APPLE INC,8) CEO selected advert_type as BASIC for iphoneX
INFO:root:[Seller]: (SONY INC,8) CEO selected advert scale 26
INFO:root:[Seller]: (APPLE INC,8) CEO selected advert_type as BASIC for iphone11
INFO:root:[Seller]: (SONY INC,8) Revenue in previous quarter:0
INFO:root:[Seller]: (APPLE INC,8) CEO selected advert scale 80
INFO:root:[Seller]: (SONY INC,8) Expenses in previous quarter:50
INFO:root:[Seller]: (APPLE INC,8) Revenue in previous quarter:0
INFO:root:[Seller]: (SONY INC,8) Profit in previous quarter:-50
INFO:root:[Seller]: (APPLE INC,8) Expenses in previous quarter:50
INFO:root:[Seller]: (SONY INC,8) Sentiment for Xperia in previous quarter:0
INFO:root:[Seller]: (APPLE INC,8) Profit in previous quarter:-50
INFO:root:[GoogleAds]: Google pushed the TARGETED Ad for product Xperia to user Patricia Bronstein, Kay Medina, Wilma Payne, Kyle Hysom, Kay Medina 
INFO:root:[Seller]: (APPLE INC,8) Sentiment for iphoneX in previous quarter:1
INFO:root:[GoogleAds]: Google billed the Seller {'APPLE INC': [25, 25, 25, 25, 25, 25, 25, 25, 25, 25, 25, 25, 25, 25], 'SAMSUNG MOBILES': [25, 25, 25, 25, 25, 25, 25, 25], 'SONY INC': [25, 25, 25, 50, 50, 50, 50, 50]}  
INFO:root:[Seller]: (APPLE INC,8) Sentiment for iphone11 in previous quarter:1
INFO:root:[GoogleAds]: Google pushed the BASIC Ad for product iphoneX to users Ann Pacheco, Wilma Payne, Kay Medina, Patricia Bronstein, Ann Pacheco 
INFO:root:[GoogleAds]: Google billed the Seller {'APPLE INC': [25, 25, 25, 25, 25, 25, 25, 25, 25, 25, 25, 25, 25, 25, 25], 'SAMSUNG MOBILES': [25, 25, 25, 25, 25, 25, 25, 25], 'SONY INC': [25, 25, 25, 50, 50, 50, 50, 50]}  
INFO:root:[GoogleAds]: Google pushed the BASIC Ad for product iphone11 to users Wilma Payne, Kay Medina, Wilma Payne, Kay Medina, Ann Pacheco 
INFO:root:[GoogleAds]: Google billed the Seller {'APPLE INC': [25, 25, 25, 25, 25, 25, 25, 25, 25, 25, 25, 25, 25, 25, 25, 25], 'SAMSUNG MOBILES': [25, 25, 25, 25, 25, 25, 25, 25], 'SONY INC': [25, 25, 25, 50, 50, 50, 50, 50]}  
INFO:root:[Customer]:(Wilma Payne,9): Next Quarter Begins 
INFO:root:[Customer]:(Wilma Payne,9) currently seeing ads for the Products:[Note, iphoneX, Xperia, iphone11]
INFO:root:[Customer]:###(Wilma Payne,9)doesn't buy any products 
INFO:root:[Customer]:(Ann Pacheco,9): Next Quarter Begins 
INFO:root:[Customer]:(Wilma Payne,9) Ad Space cleared 
INFO:root:[Customer]:(Ann Pacheco,9) currently seeing ads for the Products:[Note, iphoneX, iphone11]
INFO:root:[Twitter]:History of Twitter post ('iphoneX', [('Kay Medina', 'POSITIVE'), ('Wilma Payne', 'POSITIVE'), ('Wilma Payne', 'POSITIVE'), ('Kay Medina', 'POSITIVE'), ('Wilma Payne', 'POSITIVE')]) 
INFO:root:[Customer]:(Ann Pacheco,9) Ad Space cleared 
INFO:root:[Customer]:(Kay Medina,9): Next Quarter Begins 
INFO:root:[Customer]:(Patricia Bronstein,9): Next Quarter Begins 
INFO:root:[Twitter]:History of Twitter post ('iphone11', [('Patricia Bronstein', 'POSITIVE'), ('Patricia Bronstein', 'POSITIVE'), ('Patricia Bronstein', 'POSITIVE'), ('Patricia Bronstein', 'POSITIVE'), ('Patricia Bronstein', 'POSITIVE')]) 
INFO:root:[Customer]:(Kay Medina,9) currently seeing ads for the Products:[iphoneX, Xperia, iphone11]
INFO:root:[Customer]:(Patricia Bronstein,9) currently seeing ads for the Products:[iphoneX, Xperia]
INFO:root:[Twitter]:History of Twitter post ('Note', []) 
INFO:root:[Customer]:###(Kay Medina,9)doesn't buy any products 
INFO:root:[Customer]:***(Patricia Bronstein,9)bought the new product:[iphoneX]
INFO:root:[Twitter]:History of Twitter post ('Xperia', [('Ann Pacheco', 'POSITIVE'), ('Ann Pacheco', 'POSITIVE'), ('Kay Medina', 'NEGATIVE'), ('Ann Pacheco', 'POSITIVE'), ('Ann Pacheco', 'POSITIVE'), ('Wilma Payne', 'NEGATIVE'), ('Ann Pacheco', 'POSITIVE'), ('Kay Medina', 'NEGATIVE')]) 
INFO:root:[Customer]:(Kay Medina,9) Ad Space cleared 
INFO:root:[Customer]:###(Patricia Bronstein,9)doesn't buy any products 
INFO:root:[Customer]:(Wilma Payne,9) Posted POSITIVE tweet for the product iphoneX
INFO:root:[Twitter]:History of Twitter post ('iphoneX', [('Kay Medina', 'POSITIVE'), ('Wilma Payne', 'POSITIVE'), ('Wilma Payne', 'POSITIVE'), ('Kay Medina', 'POSITIVE'), ('Wilma Payne', 'POSITIVE'), ('Kay Medina', 'POSITIVE')]) 
INFO:root:[Customer]:(Patricia Bronstein,9) Ad Space cleared 
INFO:root:[Twitter]:History of Twitter post ('iphone11', [('Patricia Bronstein', 'POSITIVE'), ('Patricia Bronstein', 'POSITIVE'), ('Patricia Bronstein', 'POSITIVE'), ('Patricia Bronstein', 'POSITIVE'), ('Patricia Bronstein', 'POSITIVE')]) 
INFO:root:[Twitter]:History of Twitter post ('iphoneX', [('Kay Medina', 'POSITIVE'), ('Wilma Payne', 'POSITIVE'), ('Wilma Payne', 'POSITIVE'), ('Kay Medina', 'POSITIVE'), ('Wilma Payne', 'POSITIVE'), ('Kay Medina', 'POSITIVE')]) 
INFO:root:[Twitter]:History of Twitter post ('Note', []) 
INFO:root:[Twitter]:History of Twitter post ('iphone11', [('Patricia Bronstein', 'POSITIVE'), ('Patricia Bronstein', 'POSITIVE'), ('Patricia Bronstein', 'POSITIVE'), ('Patricia Bronstein', 'POSITIVE'), ('Patricia Bronstein', 'POSITIVE'), ('Patricia Bronstein', 'POSITIVE')]) 
INFO:root:[Twitter]:History of Twitter post ('Xperia', [('Ann Pacheco', 'POSITIVE'), ('Ann Pacheco', 'POSITIVE'), ('Kay Medina', 'NEGATIVE'), ('Ann Pacheco', 'POSITIVE'), ('Ann Pacheco', 'POSITIVE'), ('Wilma Payne', 'NEGATIVE'), ('Ann Pacheco', 'POSITIVE'), ('Kay Medina', 'NEGATIVE')]) 
INFO:root:[Twitter]:History of Twitter post ('Note', []) 
INFO:root:[Customer]:(Kay Medina,9) Posted POSITIVE tweet for the product iphoneX
INFO:root:[Twitter]:History of Twitter post ('Xperia', [('Ann Pacheco', 'POSITIVE'), ('Ann Pacheco', 'POSITIVE'), ('Kay Medina', 'NEGATIVE'), ('Ann Pacheco', 'POSITIVE'), ('Ann Pacheco', 'POSITIVE'), ('Wilma Payne', 'NEGATIVE'), ('Ann Pacheco', 'POSITIVE'), ('Kay Medina', 'NEGATIVE')]) 
INFO:root:[Customer]:(Patricia Bronstein,9) Posted POSITIVE tweet for the product iphone11
INFO:root:[Customer]:(Kyle Hysom,9): Next Quarter Begins 
INFO:root:[Customer]:(Kyle Hysom,9) currently seeing ads for the Products:[Note, Xperia]
INFO:root:[Customer]:###(Kyle Hysom,9)doesn't buy any products 
INFO:root:[Customer]:(Kyle Hysom,9) Ad Space cleared 
INFO:root:[Seller]:(SAMSUNG MOBILES,9): Next Quarter Begins 
INFO:root:[Seller]: (SAMSUNG MOBILES,9) CEO selected advert_type as BASIC for Note
INFO:root:[Seller]: (SAMSUNG MOBILES,9) CEO selected advert scale 30
INFO:root:[Seller]: (SAMSUNG MOBILES,9) Revenue in previous quarter:0
INFO:root:[Seller]: (SAMSUNG MOBILES,9) Expenses in previous quarter:25
INFO:root:[Seller]: (SAMSUNG MOBILES,9) Profit in previous quarter:-25
INFO:root:[Seller]: (SAMSUNG MOBILES,9) Sentiment for Note in previous quarter:1
INFO:root:[GoogleAds]: Google pushed the BASIC Ad for product Note to users Kay Medina, Kay Medina, Wilma Payne, Kay Medina, Ann Pacheco 
INFO:root:[GoogleAds]: Google billed the Seller {'APPLE INC': [25, 25, 25, 25, 25, 25, 25, 25, 25, 25, 25, 25, 25, 25, 25, 25], 'SAMSUNG MOBILES': [25, 25, 25, 25, 25, 25, 25, 25, 25], 'SONY INC': [25, 25, 25, 50, 50, 50, 50, 50]}  
INFO:root:[Seller]:(SONY INC,9): Next Quarter Begins 
INFO:root:[Seller]: (SONY INC,9) CEO selected advert_type as TARGETED for Xperia
INFO:root:[Seller]: (SONY INC,9) CEO selected advert scale 23
INFO:root:[Seller]: (SONY INC,9) Revenue in previous quarter:0
INFO:root:[Seller]: (SONY INC,9) Expenses in previous quarter:50
INFO:root:[Seller]: (SONY INC,9) Profit in previous quarter:-50
INFO:root:[Seller]: (SONY INC,9) Sentiment for Xperia in previous quarter:0
INFO:root:[GoogleAds]: Google pushed the TARGETED Ad for product Xperia to user Wilma Payne, Patricia Bronstein, Kyle Hysom, Kay Medina, Kyle Hysom 
INFO:root:[GoogleAds]: Google billed the Seller {'APPLE INC': [25, 25, 25, 25, 25, 25, 25, 25, 25, 25, 25, 25, 25, 25, 25, 25], 'SAMSUNG MOBILES': [25, 25, 25, 25, 25, 25, 25, 25, 25], 'SONY INC': [25, 25, 25, 50, 50, 50, 50, 50, 50]}  
INFO:root:[Seller]:(APPLE INC,9): Next Quarter Begins 
INFO:root:[Seller]: (APPLE INC,9) CEO selected advert_type as BASIC for iphoneX
INFO:root:[Seller]: (APPLE INC,9) CEO selected advert_type as BASIC for iphone11
INFO:root:[Seller]: (APPLE INC,9) CEO selected advert scale 77
INFO:root:[Seller]: (APPLE INC,9) Revenue in previous quarter:0
INFO:root:[Seller]: (APPLE INC,9) Expenses in previous quarter:50
INFO:root:[Seller]: (APPLE INC,9) Profit in previous quarter:-50
INFO:root:[Seller]: (APPLE INC,9) Sentiment for iphoneX in previous quarter:1
INFO:root:[Seller]: (APPLE INC,9) Sentiment for iphone11 in previous quarter:1
INFO:root:[GoogleAds]: Google pushed the BASIC Ad for product iphoneX to users Kyle Hysom, Kay Medina, Patricia Bronstein, Kay Medina, Ann Pacheco 
INFO:root:[GoogleAds]: Google billed the Seller {'APPLE INC': [25, 25, 25, 25, 25, 25, 25, 25, 25, 25, 25, 25, 25, 25, 25, 25, 25], 'SAMSUNG MOBILES': [25, 25, 25, 25, 25, 25, 25, 25, 25], 'SONY INC': [25, 25, 25, 50, 50, 50, 50, 50, 50]}  
INFO:root:[GoogleAds]: Google pushed the BASIC Ad for product iphone11 to users Kay Medina, Kyle Hysom, Kyle Hysom, Wilma Payne, Ann Pacheco 
INFO:root:[GoogleAds]: Google billed the Seller {'APPLE INC': [25, 25, 25, 25, 25, 25, 25, 25, 25, 25, 25, 25, 25, 25, 25, 25, 25, 25], 'SAMSUNG MOBILES': [25, 25, 25, 25, 25, 25, 25, 25, 25], 'SONY INC': [25, 25, 25, 50, 50, 50, 50, 50, 50]}  
INFO:root:[Customer]:(Ann Pacheco,10): Next Quarter Begins 
INFO:root:[Customer]:(Ann Pacheco,10) currently seeing ads for the Products:[Note, iphoneX, iphone11]
INFO:root:[Customer]:(Ann Pacheco,10) Ad Space cleared 
INFO:root:[Twitter]:History of Twitter post ('iphoneX', [('Kay Medina', 'POSITIVE'), ('Wilma Payne', 'POSITIVE'), ('Wilma Payne', 'POSITIVE'), ('Kay Medina', 'POSITIVE'), ('Wilma Payne', 'POSITIVE'), ('Kay Medina', 'POSITIVE')]) 
INFO:root:[Twitter]:History of Twitter post ('iphone11', [('Patricia Bronstein', 'POSITIVE'), ('Patricia Bronstein', 'POSITIVE'), ('Patricia Bronstein', 'POSITIVE'), ('Patricia Bronstein', 'POSITIVE'), ('Patricia Bronstein', 'POSITIVE'), ('Patricia Bronstein', 'POSITIVE')]) 
INFO:root:[Customer]:(Kay Medina,10): Next Quarter Begins 
INFO:root:[Customer]:(Wilma Payne,10): Next Quarter Begins 
INFO:root:[Customer]:(Patricia Bronstein,10): Next Quarter Begins 
INFO:root:[Twitter]:History of Twitter post ('Note', []) 
INFO:root:[Customer]:(Kay Medina,10) currently seeing ads for the Products:[Note, iphoneX, Xperia, iphone11]
INFO:root:[Customer]:(Wilma Payne,10) currently seeing ads for the Products:[Note, Xperia, iphone11]
INFO:root:[Customer]:(Patricia Bronstein,10) currently seeing ads for the Products:[iphoneX, Xperia]
INFO:root:[Twitter]:History of Twitter post ('Xperia', [('Ann Pacheco', 'POSITIVE'), ('Ann Pacheco', 'POSITIVE'), ('Kay Medina', 'NEGATIVE'), ('Ann Pacheco', 'POSITIVE'), ('Ann Pacheco', 'POSITIVE'), ('Wilma Payne', 'NEGATIVE'), ('Ann Pacheco', 'POSITIVE'), ('Kay Medina', 'NEGATIVE'), ('Ann Pacheco', 'POSITIVE')]) 
INFO:root:[Customer]:***(Kay Medina,10)bought the new product:[iphone11]
INFO:root:[Customer]:***(Wilma Payne,10)bought the new product:[Note]
INFO:root:[Customer]:***(Patricia Bronstein,10)bought the new product:[iphoneX]
INFO:root:[Customer]:(Ann Pacheco,10) Posted POSITIVE tweet for the product Xperia
INFO:root:[Customer]:(Kay Medina,10) Ad Space cleared 
INFO:root:[Customer]:###(Wilma Payne,10)doesn't buy any products 
INFO:root:[Customer]:###(Patricia Bronstein,10)doesn't buy any products 
INFO:root:[Customer]:(Wilma Payne,10) Ad Space cleared 
INFO:root:[Customer]:(Patricia Bronstein,10) Ad Space cleared 
INFO:root:[Twitter]:History of Twitter post ('iphoneX', [('Kay Medina', 'POSITIVE'), ('Wilma Payne', 'POSITIVE'), ('Wilma Payne', 'POSITIVE'), ('Kay Medina', 'POSITIVE'), ('Wilma Payne', 'POSITIVE'), ('Kay Medina', 'POSITIVE'), ('Wilma Payne', 'POSITIVE')]) 
INFO:root:[Twitter]:History of Twitter post ('iphone11', [('Patricia Bronstein', 'POSITIVE'), ('Patricia Bronstein', 'POSITIVE'), ('Patricia Bronstein', 'POSITIVE'), ('Patricia Bronstein', 'POSITIVE'), ('Patricia Bronstein', 'POSITIVE'), ('Patricia Bronstein', 'POSITIVE')]) 
INFO:root:[Twitter]:History of Twitter post ('Note', []) 
INFO:root:[Twitter]:History of Twitter post ('Xperia', [('Ann Pacheco', 'POSITIVE'), ('Ann Pacheco', 'POSITIVE'), ('Kay Medina', 'NEGATIVE'), ('Ann Pacheco', 'POSITIVE'), ('Ann Pacheco', 'POSITIVE'), ('Wilma Payne', 'NEGATIVE'), ('Ann Pacheco', 'POSITIVE'), ('Kay Medina', 'NEGATIVE'), ('Ann Pacheco', 'POSITIVE')]) 
INFO:root:[Customer]:(Wilma Payne,10) Posted POSITIVE tweet for the product iphoneX
INFO:root:[Customer]:(Kyle Hysom,10): Next Quarter Begins 
INFO:root:[Customer]:(Kyle Hysom,10) currently seeing ads for the Products:[iphoneX, Xperia, iphone11]
INFO:root:[Customer]:###(Kyle Hysom,10)doesn't buy any products 
INFO:root:[Customer]:(Kyle Hysom,10) Ad Space cleared 
INFO:root:[Seller]:(SAMSUNG MOBILES,10): Next Quarter Begins 
INFO:root:[Seller]:(SONY INC,10): Next Quarter Begins 
INFO:root:[Seller]: (SAMSUNG MOBILES,10) CEO selected advert_type as BASIC for Note
INFO:root:[Seller]: (SONY INC,10) CEO selected advert_type as TARGETED for Xperia
INFO:root:[Seller]: (SAMSUNG MOBILES,10) CEO selected advert scale 27
INFO:root:[Seller]: (SONY INC,10) CEO selected advert scale 21
INFO:root:[Seller]: (SAMSUNG MOBILES,10) Revenue in previous quarter:0
INFO:root:[Seller]: (SONY INC,10) Revenue in previous quarter:0
INFO:root:[Seller]: (SAMSUNG MOBILES,10) Expenses in previous quarter:25
INFO:root:[Seller]: (SAMSUNG MOBILES,10) Profit in previous quarter:-25
INFO:root:[Seller]: (SAMSUNG MOBILES,10) Sentiment for Note in previous quarter:1
INFO:root:[GoogleAds]: Google pushed the BASIC Ad for product Note to users Ann Pacheco, Ann Pacheco, Kay Medina, Kay Medina, Ann Pacheco 
INFO:root:[GoogleAds]: Google billed the Seller {'APPLE INC': [25, 25, 25, 25, 25, 25, 25, 25, 25, 25, 25, 25, 25, 25, 25, 25, 25, 25], 'SAMSUNG MOBILES': [25, 25, 25, 25, 25, 25, 25, 25, 25, 25], 'SONY INC': [25, 25, 25, 50, 50, 50, 50, 50, 50]}  
INFO:root:[Seller]: (SONY INC,10) Expenses in previous quarter:50
INFO:root:[Seller]: (SONY INC,10) Profit in previous quarter:-50
INFO:root:[Seller]: (SONY INC,10) Sentiment for Xperia in previous quarter:0
INFO:root:[GoogleAds]: Google pushed the TARGETED Ad for product Xperia to user Ann Pacheco, Patricia Bronstein, Kay Medina, Ann Pacheco, Patricia Bronstein 
INFO:root:[GoogleAds]: Google billed the Seller {'APPLE INC': [25, 25, 25, 25, 25, 25, 25, 25, 25, 25, 25, 25, 25, 25, 25, 25, 25, 25], 'SAMSUNG MOBILES': [25, 25, 25, 25, 25, 25, 25, 25, 25, 25], 'SONY INC': [25, 25, 25, 50, 50, 50, 50, 50, 50, 50]}  
INFO:root:[Seller]:(APPLE INC,10): Next Quarter Begins 
INFO:root:[Seller]: (APPLE INC,10) CEO selected advert_type as BASIC for iphoneX
INFO:root:[Seller]: (APPLE INC,10) CEO selected advert_type as BASIC for iphone11
INFO:root:[Seller]: (APPLE INC,10) CEO selected advert scale 75
INFO:root:[Seller]: (APPLE INC,10) Revenue in previous quarter:0
INFO:root:[Seller]: (APPLE INC,10) Expenses in previous quarter:50
INFO:root:[Seller]: (APPLE INC,10) Profit in previous quarter:-50
INFO:root:[Seller]: (APPLE INC,10) Sentiment for iphoneX in previous quarter:1
INFO:root:[Seller]: (APPLE INC,10) Sentiment for iphone11 in previous quarter:1
INFO:root:[GoogleAds]: Google pushed the BASIC Ad for product iphoneX to users Patricia Bronstein, Wilma Payne, Wilma Payne, Kay Medina, Wilma Payne 
INFO:root:[GoogleAds]: Google billed the Seller {'APPLE INC': [25, 25, 25, 25, 25, 25, 25, 25, 25, 25, 25, 25, 25, 25, 25, 25, 25, 25, 25], 'SAMSUNG MOBILES': [25, 25, 25, 25, 25, 25, 25, 25, 25, 25], 'SONY INC': [25, 25, 25, 50, 50, 50, 50, 50, 50, 50]}  
INFO:root:[GoogleAds]: Google pushed the BASIC Ad for product iphone11 to users Kyle Hysom, Patricia Bronstein, Ann Pacheco, Ann Pacheco, Ann Pacheco 
INFO:root:[GoogleAds]: Google billed the Seller {'APPLE INC': [25, 25, 25, 25, 25, 25, 25, 25, 25, 25, 25, 25, 25, 25, 25, 25, 25, 25, 25, 25], 'SAMSUNG MOBILES': [25, 25, 25, 25, 25, 25, 25, 25, 25, 25], 'SONY INC': [25, 25, 25, 50, 50, 50, 50, 50, 50, 50]}  
INFO:root:[Customer]:(Ann Pacheco,11): Next Quarter Begins 
INFO:root:[Customer]:(Kay Medina,11): Next Quarter Begins 
INFO:root:[Customer]:(Patricia Bronstein,11): Next Quarter Begins 
INFO:root:[Customer]:(Wilma Payne,11): Next Quarter Begins 
INFO:root:[Customer]:(Ann Pacheco,11) currently seeing ads for the Products:[Note, Xperia, iphone11]
INFO:root:[Customer]:(Kay Medina,11) currently seeing ads for the Products:[Note, iphoneX, Xperia]
INFO:root:[Customer]:(Patricia Bronstein,11) currently seeing ads for the Products:[iphoneX, Xperia, iphone11]
INFO:root:[Customer]:(Wilma Payne,11) currently seeing ads for the Products:[iphoneX]
INFO:root:[Customer]:(Ann Pacheco,11) Ad Space cleared 
INFO:root:[Customer]:(Kay Medina,11) Ad Space cleared 
INFO:root:[Customer]:###(Patricia Bronstein,11)doesn't buy any products 
INFO:root:[Customer]:(Wilma Payne,11) Ad Space cleared 
INFO:root:[Customer]:(Patricia Bronstein,11) Ad Space cleared 
INFO:root:[Twitter]:History of Twitter post ('iphoneX', [('Kay Medina', 'POSITIVE'), ('Wilma Payne', 'POSITIVE'), ('Wilma Payne', 'POSITIVE'), ('Kay Medina', 'POSITIVE'), ('Wilma Payne', 'POSITIVE'), ('Kay Medina', 'POSITIVE'), ('Wilma Payne', 'POSITIVE')]) 
INFO:root:[Twitter]:History of Twitter post ('iphoneX', [('Kay Medina', 'POSITIVE'), ('Wilma Payne', 'POSITIVE'), ('Wilma Payne', 'POSITIVE'), ('Kay Medina', 'POSITIVE'), ('Wilma Payne', 'POSITIVE'), ('Kay Medina', 'POSITIVE'), ('Wilma Payne', 'POSITIVE')]) 
INFO:root:[Twitter]:History of Twitter post ('iphone11', [('Patricia Bronstein', 'POSITIVE'), ('Patricia Bronstein', 'POSITIVE'), ('Patricia Bronstein', 'POSITIVE'), ('Patricia Bronstein', 'POSITIVE'), ('Patricia Bronstein', 'POSITIVE'), ('Patricia Bronstein', 'POSITIVE'), ('Patricia Bronstein', 'POSITIVE')]) 
INFO:root:[Twitter]:History of Twitter post ('iphone11', [('Patricia Bronstein', 'POSITIVE'), ('Patricia Bronstein', 'POSITIVE'), ('Patricia Bronstein', 'POSITIVE'), ('Patricia Bronstein', 'POSITIVE'), ('Patricia Bronstein', 'POSITIVE'), ('Patricia Bronstein', 'POSITIVE'), ('Patricia Bronstein', 'POSITIVE')]) 
INFO:root:[Twitter]:History of Twitter post ('Note', []) 
INFO:root:[Twitter]:History of Twitter post ('Note', []) 
INFO:root:[Twitter]:History of Twitter post ('Xperia', [('Ann Pacheco', 'POSITIVE'), ('Ann Pacheco', 'POSITIVE'), ('Kay Medina', 'NEGATIVE'), ('Ann Pacheco', 'POSITIVE'), ('Ann Pacheco', 'POSITIVE'), ('Wilma Payne', 'NEGATIVE'), ('Ann Pacheco', 'POSITIVE'), ('Kay Medina', 'NEGATIVE'), ('Ann Pacheco', 'POSITIVE'), ('Wilma Payne', 'NEGATIVE')]) 
INFO:root:[Twitter]:History of Twitter post ('Xperia', [('Ann Pacheco', 'POSITIVE'), ('Ann Pacheco', 'POSITIVE'), ('Kay Medina', 'NEGATIVE'), ('Ann Pacheco', 'POSITIVE'), ('Ann Pacheco', 'POSITIVE'), ('Wilma Payne', 'NEGATIVE'), ('Ann Pacheco', 'POSITIVE'), ('Kay Medina', 'NEGATIVE'), ('Ann Pacheco', 'POSITIVE'), ('Wilma Payne', 'NEGATIVE')]) 
INFO:root:[Customer]:(Wilma Payne,11) Posted NEGATIVE tweet for the product Xperia
INFO:root:[Customer]:(Patricia Bronstein,11) Posted POSITIVE tweet for the product iphone11
INFO:root:[Customer]:(Kyle Hysom,11): Next Quarter Begins 
INFO:root:[Customer]:(Kyle Hysom,11) currently seeing ads for the Products:[iphone11]
INFO:root:[Customer]:(Kyle Hysom,11) Ad Space cleared 
INFO:root:[Seller]:(SAMSUNG MOBILES,11): Next Quarter Begins 
INFO:root:[Seller]:(SONY INC,11): Next Quarter Begins 
INFO:root:[Seller]: (SAMSUNG MOBILES,11) CEO selected advert_type as BASIC for Note
INFO:root:[Seller]: (SONY INC,11) CEO selected advert_type as TARGETED for Xperia
INFO:root:[Seller]: (SAMSUNG MOBILES,11) CEO selected advert scale 25
INFO:root:[Seller]: (SONY INC,11) CEO selected advert scale 18
INFO:root:[Seller]: (APPLE INC,10) sold  2 units of iphoneX
INFO:root:[Seller]: (SAMSUNG MOBILES,11) Revenue in previous quarter:0
INFO:root:[Seller]: (SONY INC,11) Revenue in previous quarter:0
INFO:root:[Seller]: (APPLE INC,10) sold  1 units of iphone11
INFO:root:[Seller]: (SAMSUNG MOBILES,11) Expenses in previous quarter:25
INFO:root:[Seller]: (SONY INC,11) Expenses in previous quarter:50
INFO:root:[Seller]: (APPLE INC,10) Exit
INFO:root:[Seller]: (SAMSUNG MOBILES,11) Profit in previous quarter:-25
INFO:root:[Seller]: (SONY INC,11) Profit in previous quarter:-50
INFO:root:[Seller]: (SAMSUNG MOBILES,11) Sentiment for Note in previous quarter:1
INFO:root:[Seller]: (SONY INC,11) Sentiment for Xperia in previous quarter:0
INFO:root:[GoogleAds]: Google pushed the BASIC Ad for product Note to users Ann Pacheco, Kay Medina, Ann Pacheco, Wilma Payne, Ann Pacheco 
INFO:root:[GoogleAds]: Google billed the Seller {'APPLE INC': [25, 25, 25, 25, 25, 25, 25, 25, 25, 25, 25, 25, 25, 25, 25, 25, 25, 25, 25, 25], 'SAMSUNG MOBILES': [25, 25, 25, 25, 25, 25, 25, 25, 25, 25, 25], 'SONY INC': [25, 25, 25, 50, 50, 50, 50, 50, 50, 50]}  
INFO:root:[GoogleAds]: Google pushed the TARGETED Ad for product Xperia to user Wilma Payne, Kay Medina, Ann Pacheco, Wilma Payne, Kay Medina 
INFO:root:[GoogleAds]: Google billed the Seller {'APPLE INC': [25, 25, 25, 25, 25, 25, 25, 25, 25, 25, 25, 25, 25, 25, 25, 25, 25, 25, 25, 25], 'SAMSUNG MOBILES': [25, 25, 25, 25, 25, 25, 25, 25, 25, 25, 25], 'SONY INC': [25, 25, 25, 50, 50, 50, 50, 50, 50, 50, 50]}  
INFO:root:[Customer]:(Ann Pacheco,12): Next Quarter Begins 
INFO:root:[Customer]:(Ann Pacheco,12) currently seeing ads for the Products:[Note, Xperia]
INFO:root:[Customer]:***(Ann Pacheco,12)bought the new product:[Note]
INFO:root:[Market]:Notify Seller SAMSUNG MOBILES about the sale of product Note 
INFO:root:[Market]:Get the amount $ 200 from buyer Ann Pacheco for product Note 
INFO:root:[Customer]:(Kay Medina,12): Next Quarter Begins 
INFO:root:[GoogleAds]: Google purchase history ('iphoneX', ['Wilma Payne', 'Kay Medina']) 
INFO:root:[Customer]:(Kay Medina,12) currently seeing ads for the Products:[Note, Xperia]
INFO:root:[GoogleAds]: Google purchase history ('iphone11', ['Patricia Bronstein']) 
INFO:root:[Customer]:###(Kay Medina,12)doesn't buy any products 
INFO:root:[GoogleAds]: Google purchase history ('Note', ['Ann Pacheco']) 
INFO:root:[Customer]:(Kay Medina,12) Ad Space cleared 
INFO:root:[GoogleAds]: Google purchase history ('Xperia', ['Ann Pacheco', 'Wilma Payne', 'Kay Medina']) 
INFO:root:[Market]:Add buyer Ann Pacheco purchased the product Note to google Add track history
INFO:root:[Customer]:(Ann Pacheco,12) Ad Space cleared 
INFO:root:[Twitter]:History of Twitter post ('iphoneX', [('Kay Medina', 'POSITIVE'), ('Wilma Payne', 'POSITIVE'), ('Wilma Payne', 'POSITIVE'), ('Kay Medina', 'POSITIVE'), ('Wilma Payne', 'POSITIVE'), ('Kay Medina', 'POSITIVE'), ('Wilma Payne', 'POSITIVE')]) 
INFO:root:[Twitter]:History of Twitter post ('iphone11', [('Patricia Bronstein', 'POSITIVE'), ('Patricia Bronstein', 'POSITIVE'), ('Patricia Bronstein', 'POSITIVE'), ('Patricia Bronstein', 'POSITIVE'), ('Patricia Bronstein', 'POSITIVE'), ('Patricia Bronstein', 'POSITIVE'), ('Patricia Bronstein', 'POSITIVE')]) 
INFO:root:[Twitter]:History of Twitter post ('Note', [('Ann Pacheco', 'POSITIVE')]) 
INFO:root:[Twitter]:History of Twitter post ('Xperia', [('Ann Pacheco', 'POSITIVE'), ('Ann Pacheco', 'POSITIVE'), ('Kay Medina', 'NEGATIVE'), ('Ann Pacheco', 'POSITIVE'), ('Ann Pacheco', 'POSITIVE'), ('Wilma Payne', 'NEGATIVE'), ('Ann Pacheco', 'POSITIVE'), ('Kay Medina', 'NEGATIVE'), ('Ann Pacheco', 'POSITIVE'), ('Wilma Payne', 'NEGATIVE')]) 
INFO:root:[Customer]:(Ann Pacheco,12) Posted POSITIVE tweet for the product Note
INFO:root:[Customer]:(Wilma Payne,12): Next Quarter Begins 
INFO:root:[Customer]:(Wilma Payne,12) currently seeing ads for the Products:[Note, Xperia]
INFO:root:[Customer]:###(Wilma Payne,12)doesn't buy any products 
INFO:root:[Customer]:(Wilma Payne,12) Ad Space cleared 
INFO:root:[Customer]:(Patricia Bronstein,12): Next Quarter Begins 
INFO:root:[Customer]:(Patricia Bronstein,12) currently seeing ads for the Products:[]
INFO:root:[Customer]:(Patricia Bronstein,12) Ad Space cleared 
INFO:root:[Customer]:(Kyle Hysom,12): Next Quarter Begins 
INFO:root:[Customer]:(Kyle Hysom,12) currently seeing ads for the Products:[]
INFO:root:[Customer]:(Kyle Hysom,12) Ad Space cleared 
INFO:root:[Seller]: (SAMSUNG MOBILES,11) sold  1 units of Note
INFO:root:[Seller]: (SAMSUNG MOBILES,11) Exit
INFO:root:[Seller]:(SONY INC,12): Next Quarter Begins 
INFO:root:[Seller]: (SONY INC,12) CEO selected advert_type as TARGETED for Xperia
INFO:root:[Seller]: (SONY INC,12) CEO selected advert scale 16
INFO:root:[Seller]: (SONY INC,12) Revenue in previous quarter:0
INFO:root:[Seller]: (SONY INC,12) Expenses in previous quarter:50
INFO:root:[Seller]: (SONY INC,12) Profit in previous quarter:-50
INFO:root:[Seller]: (SONY INC,12) Sentiment for Xperia in previous quarter:0
INFO:root:[GoogleAds]: Google pushed the TARGETED Ad for product Xperia to user Patricia Bronstein, Kay Medina, Patricia Bronstein, Kyle Hysom, Patricia Bronstein 
INFO:root:[GoogleAds]: Google billed the Seller {'APPLE INC': [25, 25, 25, 25, 25, 25, 25, 25, 25, 25, 25, 25, 25, 25, 25, 25, 25, 25, 25, 25], 'SAMSUNG MOBILES': [25, 25, 25, 25, 25, 25, 25, 25, 25, 25, 25], 'SONY INC': [25, 25, 25, 50, 50, 50, 50, 50, 50, 50, 50, 50]}  
INFO:root:[Customer]:(Kay Medina,13): Next Quarter Begins 
INFO:root:[Customer]:(Kay Medina,13) currently seeing ads for the Products:[Xperia]
INFO:root:[Customer]:###(Kay Medina,13)doesn't buy any products 
INFO:root:[Customer]:(Kay Medina,13) Ad Space cleared 
INFO:root:[Customer]:(Ann Pacheco,13): Next Quarter Begins 
INFO:root:[Customer]:(Ann Pacheco,13) currently seeing ads for the Products:[]
INFO:root:[Customer]:(Ann Pacheco,13) Ad Space cleared 
INFO:root:[Customer]:(Wilma Payne,13): Next Quarter Begins 
INFO:root:[Customer]:(Wilma Payne,13) currently seeing ads for the Products:[]
INFO:root:[Customer]:(Patricia Bronstein,13): Next Quarter Begins 
INFO:root:[Customer]:(Wilma Payne,13) Ad Space cleared 
INFO:root:[Customer]:(Patricia Bronstein,13) currently seeing ads for the Products:[Xperia]
INFO:root:[Customer]:###(Patricia Bronstein,13)doesn't buy any products 
INFO:root:[Customer]:(Patricia Bronstein,13) Ad Space cleared 
INFO:root:[Twitter]:History of Twitter post ('iphoneX', [('Kay Medina', 'POSITIVE'), ('Wilma Payne', 'POSITIVE'), ('Wilma Payne', 'POSITIVE'), ('Kay Medina', 'POSITIVE'), ('Wilma Payne', 'POSITIVE'), ('Kay Medina', 'POSITIVE'), ('Wilma Payne', 'POSITIVE')]) 
INFO:root:[Twitter]:History of Twitter post ('iphone11', [('Patricia Bronstein', 'POSITIVE'), ('Patricia Bronstein', 'POSITIVE'), ('Patricia Bronstein', 'POSITIVE'), ('Patricia Bronstein', 'POSITIVE'), ('Patricia Bronstein', 'POSITIVE'), ('Patricia Bronstein', 'POSITIVE'), ('Patricia Bronstein', 'POSITIVE'), ('Patricia Bronstein', 'POSITIVE')]) 
INFO:root:[Twitter]:History of Twitter post ('Note', [('Ann Pacheco', 'POSITIVE')]) 
INFO:root:[Twitter]:History of Twitter post ('Xperia', [('Ann Pacheco', 'POSITIVE'), ('Ann Pacheco', 'POSITIVE'), ('Kay Medina', 'NEGATIVE'), ('Ann Pacheco', 'POSITIVE'), ('Ann Pacheco', 'POSITIVE'), ('Wilma Payne', 'NEGATIVE'), ('Ann Pacheco', 'POSITIVE'), ('Kay Medina', 'NEGATIVE'), ('Ann Pacheco', 'POSITIVE'), ('Wilma Payne', 'NEGATIVE')]) 
INFO:root:[Customer]:(Patricia Bronstein,13) Posted POSITIVE tweet for the product iphone11
INFO:root:[Customer]:(Kyle Hysom,13): Next Quarter Begins 
INFO:root:[Customer]:(Kyle Hysom,13) currently seeing ads for the Products:[Xperia]
INFO:root:[Customer]:###(Kyle Hysom,13)doesn't buy any products 
INFO:root:[Customer]:(Kyle Hysom,13) Ad Space cleared 
INFO:root:[Seller]: (SONY INC,12) sold  3 units of Xperia
INFO:root:[Seller]: (SONY INC,12) Exit
INFO:root:[Customer]: (Kay Medina,13) own the Products:[iphoneX, Xperia] with balance of $ 100
INFO:root:[Customer]: (Kay Medina,13) Exit
INFO:root:[Customer]: (Ann Pacheco,13) own the Products:[Note, Xperia] with balance of $ 200
INFO:root:[Customer]: (Ann Pacheco,13) Exit
INFO:root:[Customer]: (Patricia Bronstein,13) own the Products:[iphone11] with balance of $ 150
INFO:root:[Customer]: (Wilma Payne,13) own the Products:[iphoneX, Xperia] with balance of $ 100
INFO:root:[Customer]: (Patricia Bronstein,13) Exit
INFO:root:[Customer]: (Wilma Payne,13) Exit
INFO:root:[Customer]: (Kyle Hysom,13) own the Products:[] with balance of $ 500
INFO:root:[Customer]: (Kyle Hysom,13) Exit
INFO:oauth2client.client:Refreshing access_token
INFO:oauth2client.client:Refreshing access_token
INFO:oauth2client.client:Refreshing access_token
